Warning: JAVA_HOME environment variable is not set.
[INFO] Scanning for projects...
[INFO] Tycho Version:  4.0.3 (88e4728c5da382f02c0459c918c2683048f95740)
[INFO] Tycho Mode:     extension
[INFO] Tycho Builder:  maven
[INFO] ------------------------------------------------------------------------
[INFO] Reactor Build Order:
[INFO] 
[INFO] tools.vitruv.casestudies.dependencywrapper              [eclipse-plugin]
[INFO] parent                                                             [pom]
[INFO] [aggregator] bundles                                               [pom]
[INFO] [bundle] Vitruv Temporary Utils                         [eclipse-plugin]
[INFO] [bundle] tools.vitruv.applications.simulinkautosar      [eclipse-plugin]
[INFO] [bundle] Vitruv CBS Commonalities Application           [eclipse-plugin]
[INFO] [bundle] Component-Based Systems Application Test Utilities [eclipse-plugin]
[INFO] [bundle] Vitruv PCM-Java Application                    [eclipse-plugin]
[INFO] [bundle] Vitruv PCM-UML Class Application               [eclipse-plugin]
[INFO] [bundle] Vitruv Test Utils                              [eclipse-plugin]
[INFO] [bundle] Vitruv UML-Java Application                    [eclipse-plugin]
[INFO] [aggregator] tests                                                 [pom]
[INFO] [test-bundle] SimuLink Autosar Tests               [eclipse-test-plugin]
[INFO] [test-bundle] Vitruvius CBS Commonalities Tests    [eclipse-test-plugin]
[INFO] [test-bundle] Component-Based Applications Equivalence Tests [eclipse-test-plugin]
[INFO] [test-bundle] Vitruv Families-Persons Demo Application Tests [eclipse-test-plugin]
[INFO] [test-bundle] Vitruv Insurance-Families Demo Application Tests [eclipse-test-plugin]
[INFO] [test-bundle] Vitruv Insurance-Persons Demo Application Tests [eclipse-test-plugin]
[INFO] [test-bundle] Vitruv PCM-Java Application Tests    [eclipse-test-plugin]
[INFO] [test-bundle] Vitruv PCM-Java Application Java Editor Tests [eclipse-test-plugin]
[INFO] [test-bundle] Vitruv PCM-UML Class Application Tests [eclipse-test-plugin]
[INFO] [test-bundle] Vitruv UML-Java Tests                [eclipse-test-plugin]
[INFO] [test-bundle] Transitive Transformation Tests between PCM, Java, and UML Class [eclipse-test-plugin]
[INFO] [bundle] UML-to-Java Construction Performance Tests     [eclipse-plugin]
[INFO] [aggregator] features                                              [pom]
[INFO] [feature] Vitruv CBS Commonalities Application         [eclipse-feature]
[INFO] [feature] Vitruv PCM-Java Application                  [eclipse-feature]
[INFO] [feature] Vitruv Applications Temporary Utils          [eclipse-feature]
[INFO] [feature] Vitruv PCM-UML Class Application             [eclipse-feature]
[INFO] [feature] Vitruv SimuLink-AutoSAR Application          [eclipse-feature]
[INFO] [feature] Vitruv UML-Java Application                  [eclipse-feature]
[INFO] Vitruv Applications for CBS Update Site             [eclipse-repository]
[INFO] 
[INFO] ------< tools.vitruv:tools.vitruv.casestudies.dependencywrapper >-------
[INFO] Building tools.vitruv.casestudies.dependencywrapper 3.0.1-SNAPSHOT [1/32]
[INFO]   from releng/tools.vitruv.casestudies.dependencywrapper/pom.xml
[INFO] ---------------------------[ eclipse-plugin ]---------------------------
[INFO] ### Using TychoRepositoryTransport for remote P2 access ###
[INFO]     Cache location:         /home/homeone/.m2/repository/.cache/tycho
[INFO]     Transport mode:         online
[INFO]     Http Transport type:    Java11Client
[INFO]     Update mode:            cache first
[INFO]     Minimum cache duration: 60 minutes
[INFO]       (you can configure this with -Dtycho.p2.transport.min-cache-minutes=<desired minimum cache duration>)
[INFO] Downloading from p2: https://vitruv-tools.github.io/updatesite/nightly/change/p2.index
[INFO] Downloaded from p2: https://vitruv-tools.github.io/updatesite/nightly/change/p2.index (172 bytes at 1000 bytes/s)
[INFO] Adding repository https://vitruv-tools.github.io/updatesite/nightly/change
[INFO] Downloading from p2: https://vitruv-tools.github.io/updatesite/nightly/framework/p2.index
[INFO] Downloaded from p2: https://vitruv-tools.github.io/updatesite/nightly/framework/p2.index (172 bytes at 167 KB/s)
[INFO] Adding repository https://vitruv-tools.github.io/updatesite/nightly/framework
[INFO] Downloading from p2: https://vitruv-tools.github.io/updatesite/nightly/dsls/p2.index
[INFO] Downloaded from p2: https://vitruv-tools.github.io/updatesite/nightly/dsls/p2.index (172 bytes at 167 KB/s)
[INFO] Adding repository https://vitruv-tools.github.io/updatesite/nightly/dsls
[INFO] Downloading from p2: https://kit-sdq.github.io/updatesite/release/metamodels/demo/1.9.0/p2.index
[INFO] Downloaded from p2: https://kit-sdq.github.io/updatesite/release/metamodels/demo/1.9.0/p2.index (172 bytes at 167 KB/s)
[INFO] Adding repository https://kit-sdq.github.io/updatesite/release/metamodels/demo/1.9.0
[INFO] Downloading from p2: https://kit-sdq.github.io/updatesite/release/commons/2.2.0/p2.index
[INFO] Downloaded from p2: https://kit-sdq.github.io/updatesite/release/commons/2.2.0/p2.index (374 bytes at 365 KB/s)
[INFO] Adding repository https://kit-sdq.github.io/updatesite/release/commons/2.2.0
[INFO] Downloading from p2: https://kit-sdq.github.io/updatesite/release/xannotations/1.6.0/p2.index
[INFO] Downloaded from p2: https://kit-sdq.github.io/updatesite/release/xannotations/1.6.0/p2.index (172 bytes at 167 KB/s)
[INFO] Adding repository https://kit-sdq.github.io/updatesite/release/xannotations/1.6.0
[INFO] Downloading from p2: https://kit-sdq.github.io/updatesite/release/p2-wrapper/latest/p2.index
[INFO] Adding repository https://kit-sdq.github.io/updatesite/release/p2-wrapper/latest
[INFO] Downloading from p2: https://kit-sdq.github.io/updatesite/release/p2-wrapper/emftext-p2/latest/p2.index
[INFO] Downloaded from p2: https://kit-sdq.github.io/updatesite/release/p2-wrapper/emftext-p2/latest/p2.index (365 bytes at 356 KB/s)
[WARNING] [09e95ab6-dc94-4901-9cf2-7b2962f1215b][extension>org.eclipse.tycho:tycho-maven-plugin:4.0.3] Error parsing metadata repository
[INFO] Downloading from p2: https://kit-sdq.github.io/updatesite/release/p2-wrapper/jamopp-p2/latest/p2.index
[INFO] Downloaded from p2: https://kit-sdq.github.io/updatesite/release/p2-wrapper/jamopp-p2/latest/p2.index (374 bytes at 365 KB/s)
[WARNING] [09e95ab6-dc94-4901-9cf2-7b2962f1215b][extension>org.eclipse.tycho:tycho-maven-plugin:4.0.3] Error parsing metadata repository
[INFO] Downloading from p2: https://updatesite.palladio-simulator.com/palladio-build-updatesite/releases/5.0.0/p2.index
[INFO] Downloaded from p2: https://updatesite.palladio-simulator.com/palladio-build-updatesite/releases/5.0.0/p2.index (365 bytes at 356 KB/s)
[INFO] Adding repository https://updatesite.palladio-simulator.com/palladio-build-updatesite/releases/5.0.0
[INFO] Downloading from p2: https://download.eclipse.org/releases/2023-03/p2.index
[INFO] Downloaded from p2: https://download.eclipse.org/releases/2023-03/p2.index (122 bytes at 119 KB/s)
[INFO] Adding repository https://download.eclipse.org/releases/2023-03
[INFO] Downloading from p2: https://download.eclipse.org/technology/epp/packages/2023-03/p2.index
[INFO] Downloading from p2: https://download.eclipse.org/technology/epp/packages/2023-03/202303091200/p2.index
[INFO] Downloading from p2: https://download.eclipse.org/releases/2023-03/202303151000/p2.index
[INFO] Downloaded from p2: https://download.eclipse.org/releases/2023-03/202303151000/p2.index (140 bytes at 136 KB/s)
[INFO] Downloading from p2: https://download.eclipse.org/tools/orbit/downloads/2023-03/p2.index
[INFO] Downloaded from p2: https://download.eclipse.org/tools/orbit/downloads/2023-03/p2.index (134 bytes at 130 KB/s)
[INFO] Adding repository https://download.eclipse.org/tools/orbit/downloads/2023-03
[INFO] Downloading from p2: https://download.eclipse.org/tools/orbit/downloads/drops/R20230302014618/repository/p2.index
[INFO] Downloaded from p2: https://download.eclipse.org/tools/orbit/downloads/drops/R20230302014618/repository/p2.index (172 bytes at 167 KB/s)
[INFO] Downloading from p2: https://vitruv-tools.github.io/updatesite/release/license/p2.index
[INFO] Adding repository https://vitruv-tools.github.io/updatesite/release/license
[INFO] Downloading from p2: https://vitruv-tools.github.io/updatesite/release/license/1.0.0/p2.index
[INFO] Downloaded from p2: https://vitruv-tools.github.io/updatesite/release/license/1.0.0/p2.index (172 bytes at 167 KB/s)
[INFO] Resolving dependencies of MavenProject: tools.vitruv:tools.vitruv.casestudies.dependencywrapper:3.0.1-SNAPSHOT @ /home/homeone/git/vitruv/Vitruv-CaseStudies/releng/tools.vitruv.casestudies.dependencywrapper/pom.xml
[INFO] Downloading from p2: https://vitruv-tools.github.io/updatesite/nightly/change/p2.index
[INFO] Downloaded from p2: https://vitruv-tools.github.io/updatesite/nightly/change/p2.index (172 bytes at 167 KB/s)
[INFO] Downloading from p2: https://vitruv-tools.github.io/updatesite/nightly/framework/p2.index
[INFO] Downloaded from p2: https://vitruv-tools.github.io/updatesite/nightly/framework/p2.index (172 bytes at 167 KB/s)
[INFO] Downloading from p2: https://vitruv-tools.github.io/updatesite/nightly/dsls/p2.index
[INFO] Downloaded from p2: https://vitruv-tools.github.io/updatesite/nightly/dsls/p2.index (172 bytes at 167 KB/s)
[INFO] Downloading from p2: https://kit-sdq.github.io/updatesite/release/metamodels/demo/1.9.0/p2.index
[INFO] Downloaded from p2: https://kit-sdq.github.io/updatesite/release/metamodels/demo/1.9.0/p2.index (172 bytes at 167 KB/s)
[INFO] Downloading from p2: https://kit-sdq.github.io/updatesite/release/commons/2.2.0/p2.index
[INFO] Downloaded from p2: https://kit-sdq.github.io/updatesite/release/commons/2.2.0/p2.index (374 bytes at 365 KB/s)
[INFO] Downloading from p2: http://download.eclipse.org/releases/2022-09/p2.index
[INFO] Downloaded from p2: http://download.eclipse.org/releases/2022-09/p2.index (122 bytes at 39 KB/s)
[INFO] Downloading from p2: http://download.eclipse.org/technology/epp/packages/2022-09/p2.index
[INFO] Downloading from p2: http://download.eclipse.org/technology/epp/packages/2022-09/202209081200/p2.index
[INFO] Downloading from p2: http://download.eclipse.org/releases/2022-09/202209141001/p2.index
[INFO] Downloaded from p2: http://download.eclipse.org/releases/2022-09/202209141001/p2.index (140 bytes at 136 KB/s)
[INFO] Downloading from p2: https://kit-sdq.github.io/updatesite/release/xannotations/1.5.0/p2.index
[INFO] Downloaded from p2: https://kit-sdq.github.io/updatesite/release/xannotations/1.5.0/p2.index (172 bytes at 167 KB/s)
[INFO] Downloading from p2: https://kit-sdq.github.io/updatesite/release/commons/2.2.0/aggregate/p2.index
[INFO] Downloading from p2: https://kit-sdq.github.io/updatesite/release/xannotations/1.6.0/p2.index
[INFO] Downloaded from p2: https://kit-sdq.github.io/updatesite/release/xannotations/1.6.0/p2.index (172 bytes at 167 KB/s)
[INFO] Downloading from p2: https://kit-sdq.github.io/updatesite/release/p2-wrapper/latest/p2.index
[INFO] Downloading from p2: https://kit-sdq.github.io/updatesite/release/p2-wrapper/emftext-p2/latest/p2.index
[INFO] Downloaded from p2: https://kit-sdq.github.io/updatesite/release/p2-wrapper/emftext-p2/latest/p2.index (365 bytes at 356 KB/s)
[INFO] Downloading from p2: https://kit-sdq.github.io/updatesite/release/p2-wrapper/jamopp-p2/latest/p2.index
[INFO] Downloaded from p2: https://kit-sdq.github.io/updatesite/release/p2-wrapper/jamopp-p2/latest/p2.index (374 bytes at 365 KB/s)
[INFO] Downloading from p2: http://kit-sdq.github.io/updatesite/release/p2-wrapper/emftext-p2/p2.index
[INFO] Downloading from p2: http://kit-sdq.github.io/updatesite/release/p2-wrapper/emftext-p2/1.0.0/p2.index
[INFO] Downloaded from p2: http://kit-sdq.github.io/updatesite/release/p2-wrapper/emftext-p2/1.0.0/p2.index (365 bytes at 356 KB/s)
[INFO] Downloading from p2: https://kit-sdq.github.io/updatesite/release/p2-wrapper/jamopp-p2/latest/aggregate/p2.index
[INFO] Downloading from p2: https://updatesite.palladio-simulator.com/palladio-build-updatesite/releases/5.0.0/p2.index
[INFO] Downloaded from p2: https://updatesite.palladio-simulator.com/palladio-build-updatesite/releases/5.0.0/p2.index (365 bytes at 356 KB/s)
[INFO] Downloading from p2: https://download.eclipse.org/releases/2023-03/p2.index
[INFO] Downloaded from p2: https://download.eclipse.org/releases/2023-03/p2.index (122 bytes at 119 KB/s)
[INFO] Downloading from p2: https://download.eclipse.org/technology/epp/packages/2023-03/p2.index
[INFO] Downloading from p2: https://download.eclipse.org/technology/epp/packages/2023-03/202303091200/p2.index
[INFO] Downloading from p2: https://download.eclipse.org/releases/2023-03/202303151000/p2.index
[INFO] Downloaded from p2: https://download.eclipse.org/releases/2023-03/202303151000/p2.index (140 bytes at 136 KB/s)
[INFO] Downloading from p2: https://download.eclipse.org/tools/orbit/downloads/2023-03/p2.index
[INFO] Downloaded from p2: https://download.eclipse.org/tools/orbit/downloads/2023-03/p2.index (134 bytes at 130 KB/s)
[INFO] Downloading from p2: https://download.eclipse.org/tools/orbit/downloads/drops/R20230302014618/repository/p2.index
[INFO] Downloaded from p2: https://download.eclipse.org/tools/orbit/downloads/drops/R20230302014618/repository/p2.index (172 bytes at 167 KB/s)
[INFO] Downloading from p2: https://vitruv-tools.github.io/updatesite/release/license/p2.index
[INFO] Downloading from p2: https://vitruv-tools.github.io/updatesite/release/license/1.0.0/p2.index
[INFO] Downloaded from p2: https://vitruv-tools.github.io/updatesite/release/license/1.0.0/p2.index (172 bytes at 167 KB/s)
[WARNING] Problems resolving provisioning plan.: [Unable to satisfy dependency from org.eclipse.swt 3.121.0.v20220829-1402 to org.eclipse.equinox.p2.iu; org.eclipse.swt.cocoa.macosx.aarch64 [3.121.0.v20220829-1402,3.121.0.v20220829-1402].]
[INFO] 
[INFO] --- tycho-packaging:4.0.3:build-qualifier (default-build-qualifier) @ tools.vitruv.casestudies.dependencywrapper ---
[INFO] The project's OSGi version is 3.0.1.202408261232
[INFO] 
[INFO] --- tycho-packaging:4.0.3:validate-id (default-validate-id) @ tools.vitruv.casestudies.dependencywrapper ---
[INFO] 
[INFO] --- tycho-packaging:4.0.3:validate-version (default-validate-version) @ tools.vitruv.casestudies.dependencywrapper ---
[INFO] 
[INFO] --- target-platform-configuration:4.0.3:target-platform (default-target-platform) @ tools.vitruv.casestudies.dependencywrapper ---
[INFO] 
[INFO] --- tycho-compiler:4.0.3:validate-classpath (default-validate-classpath) @ tools.vitruv.casestudies.dependencywrapper ---
[INFO] Resolving class path of tools.vitruv.casestudies.dependencywrapper
[INFO] 
[INFO] --- xtend:2.30.0:compile (default) @ tools.vitruv.casestudies.dependencywrapper ---
[INFO] skip compiling sources because the configured directory '[/home/homeone/git/vitruv/Vitruv-CaseStudies/releng/tools.vitruv.casestudies.dependencywrapper/src/main/java]' does not exist.
[INFO] 
[INFO] --- resources:2.4.3:resources (default-resources) @ tools.vitruv.casestudies.dependencywrapper ---
[INFO] Using 'UTF-8' encoding to copy filtered resources.
[INFO] skip non existing resourceDirectory /home/homeone/git/vitruv/Vitruv-CaseStudies/releng/tools.vitruv.casestudies.dependencywrapper/src/main/resources
[INFO] 
[INFO] --- tycho-compiler:4.0.3:compile (default-compile) @ tools.vitruv.casestudies.dependencywrapper ---
[INFO] 
[INFO] --- tycho-bnd:4.0.3:process (default-process) @ tools.vitruv.casestudies.dependencywrapper ---
[INFO] 
[INFO] --- tycho-ds:4.0.3:declarative-services (default-declarative-services) @ tools.vitruv.casestudies.dependencywrapper ---
[INFO] 
[INFO] --- resources:2.4.3:testResources (default-testResources) @ tools.vitruv.casestudies.dependencywrapper ---
[INFO] Using 'UTF-8' encoding to copy filtered resources.
[INFO] skip non existing resourceDirectory /home/homeone/git/vitruv/Vitruv-CaseStudies/releng/tools.vitruv.casestudies.dependencywrapper/src/test/resources
[INFO] 
[INFO] --- tycho-compiler:4.0.3:testCompile (default-testCompile) @ tools.vitruv.casestudies.dependencywrapper ---
[INFO] 
[INFO] --- surefire:3.0.0:test (test) @ tools.vitruv.casestudies.dependencywrapper ---
[INFO] No tests to run.
[INFO] 
[INFO] --- tycho-packaging:4.0.3:update-consumer-pom (default-update-consumer-pom) @ tools.vitruv.casestudies.dependencywrapper ---
[WARNING] 0 system scoped dependencies were mapped to maven artifacts, 221 were skipped
[INFO] 
[INFO] --- tycho-source:4.0.3:plugin-source (plugin-source) @ tools.vitruv.casestudies.dependencywrapper ---
[INFO] 
[INFO] --- tycho-packaging:4.0.3:package-plugin (default-package-plugin) @ tools.vitruv.casestudies.dependencywrapper ---
[INFO] Building jar: /home/homeone/git/vitruv/Vitruv-CaseStudies/releng/tools.vitruv.casestudies.dependencywrapper/target/tools.vitruv.casestudies.dependencywrapper-3.0.1-SNAPSHOT.jar
[INFO] 
[INFO] --- tycho-p2:4.0.3:p2-metadata-default (default-p2-metadata-default) @ tools.vitruv.casestudies.dependencywrapper ---
[INFO] 
[INFO] --- tycho-source:4.0.3:feature-source (feature-source) @ tools.vitruv.casestudies.dependencywrapper ---
[INFO] 
[INFO] --- tycho-p2:4.0.3:p2-metadata (attach-p2-metadata) @ tools.vitruv.casestudies.dependencywrapper ---
[WARNING] artifact tools.vitruv:tools.vitruv.casestudies.dependencywrapper:xml:p2metadata:3.0.1-SNAPSHOT already attached, replace previous instance
[WARNING] artifact tools.vitruv:tools.vitruv.casestudies.dependencywrapper:xml:p2artifacts:3.0.1-SNAPSHOT already attached, replace previous instance
[INFO] 
[INFO] ------------------------< tools.vitruv:parent >-------------------------
[INFO] Building parent 3.0.1-SNAPSHOT                                    [2/32]
[INFO]   from pom.xml
[INFO] --------------------------------[ pom ]---------------------------------
[INFO] 
[INFO] --- xtend:2.30.0:compile (default) @ parent ---
[INFO] skip compiling sources because the configured directory '[/home/homeone/git/vitruv/Vitruv-CaseStudies/src/main/java]' does not exist.
[INFO] 
[INFO] --- surefire:3.0.0:test (test) @ parent ---
[INFO] No tests to run.
[INFO] 
[INFO] --- tycho-source:4.0.3:plugin-source (plugin-source) @ parent ---
[INFO] 
[INFO] --- tycho-source:4.0.3:feature-source (feature-source) @ parent ---
[INFO] 
[INFO] --- tycho-p2:4.0.3:p2-metadata (attach-p2-metadata) @ parent ---
[INFO] 
[INFO] ------------------------< tools.vitruv:bundles >------------------------
[INFO] Building [aggregator] bundles 3.0.1-SNAPSHOT                      [3/32]
[INFO]   from bundles/.polyglot.pom.tycho
[INFO] --------------------------------[ pom ]---------------------------------
[INFO] 
[INFO] --- xtend:2.30.0:compile (default) @ bundles ---
[INFO] skip compiling sources because the configured directory '[/home/homeone/git/vitruv/Vitruv-CaseStudies/bundles/src/main/java]' does not exist.
[INFO] 
[INFO] --- surefire:3.0.0:test (test) @ bundles ---
[INFO] No tests to run.
[INFO] 
[INFO] --- tycho-source:4.0.3:plugin-source (plugin-source) @ bundles ---
[INFO] 
[INFO] --- tycho-source:4.0.3:feature-source (feature-source) @ bundles ---
[INFO] 
[INFO] --- tycho-p2:4.0.3:p2-metadata (attach-p2-metadata) @ bundles ---
[INFO] 
[INFO] -------< tools.vitruv:tools.vitruv.applications.util.temporary >--------
[INFO] Building [bundle] Vitruv Temporary Utils 3.0.1-SNAPSHOT           [4/32]
[INFO]   from bundles/tools.vitruv.applications.util.temporary/.polyglot.META-INF
[INFO] ---------------------------[ eclipse-plugin ]---------------------------
[INFO] Resolving dependencies of MavenProject: tools.vitruv:tools.vitruv.applications.util.temporary:3.0.1-SNAPSHOT @ /home/homeone/git/vitruv/Vitruv-CaseStudies/bundles/tools.vitruv.applications.util.temporary/.polyglot.META-INF
[WARNING] Problems resolving provisioning plan.: [Unable to satisfy dependency from org.eclipse.swt 3.121.0.v20220829-1402 to org.eclipse.equinox.p2.iu; org.eclipse.swt.cocoa.macosx.aarch64 [3.121.0.v20220829-1402,3.121.0.v20220829-1402].]
[INFO] 
[INFO] --- tycho-packaging:4.0.3:build-qualifier (default-build-qualifier) @ tools.vitruv.applications.util.temporary ---
[INFO] The project's OSGi version is 3.0.1.202408261232
[INFO] 
[INFO] --- tycho-packaging:4.0.3:validate-id (default-validate-id) @ tools.vitruv.applications.util.temporary ---
[INFO] 
[INFO] --- tycho-packaging:4.0.3:validate-version (default-validate-version) @ tools.vitruv.applications.util.temporary ---
[INFO] 
[INFO] --- target-platform-configuration:4.0.3:target-platform (default-target-platform) @ tools.vitruv.applications.util.temporary ---
[INFO] 
[INFO] --- tycho-compiler:4.0.3:validate-classpath (default-validate-classpath) @ tools.vitruv.applications.util.temporary ---
[INFO] Resolving class path of [bundle] Vitruv Temporary Utils
[INFO] 
[INFO] --- xtend:2.30.0:compile (default) @ tools.vitruv.applications.util.temporary ---
[INFO] 
[INFO] --- resources:2.4.3:resources (default-resources) @ tools.vitruv.applications.util.temporary ---
[INFO] Using 'UTF-8' encoding to copy filtered resources.
[INFO] skip non existing resourceDirectory /home/homeone/git/vitruv/Vitruv-CaseStudies/bundles/tools.vitruv.applications.util.temporary/src/main/resources
[INFO] 
[INFO] --- tycho-compiler:4.0.3:compile (default-compile) @ tools.vitruv.applications.util.temporary ---
[INFO] Compiling 20 source files to /home/homeone/git/vitruv/Vitruv-CaseStudies/bundles/tools.vitruv.applications.util.temporary/target/classes using Eclipse Compiler for Java(TM) 3.35.0.v20230814-2020
[INFO] 
[INFO] --- tycho-bnd:4.0.3:process (default-process) @ tools.vitruv.applications.util.temporary ---
[INFO] 
[INFO] --- tycho-ds:4.0.3:declarative-services (default-declarative-services) @ tools.vitruv.applications.util.temporary ---
[INFO] 
[INFO] --- resources:2.4.3:testResources (default-testResources) @ tools.vitruv.applications.util.temporary ---
[INFO] Using 'UTF-8' encoding to copy filtered resources.
[INFO] skip non existing resourceDirectory /home/homeone/git/vitruv/Vitruv-CaseStudies/bundles/tools.vitruv.applications.util.temporary/src/test/resources
[INFO] 
[INFO] --- tycho-compiler:4.0.3:testCompile (default-testCompile) @ tools.vitruv.applications.util.temporary ---
[INFO] 
[INFO] --- surefire:3.0.0:test (test) @ tools.vitruv.applications.util.temporary ---
[INFO] 
[INFO] --- tycho-packaging:4.0.3:update-consumer-pom (default-update-consumer-pom) @ tools.vitruv.applications.util.temporary ---
[WARNING] 0 system scoped dependencies were mapped to maven artifacts, 164 were skipped
[INFO] 
[INFO] --- tycho-source:4.0.3:plugin-source (plugin-source) @ tools.vitruv.applications.util.temporary ---
[INFO] Building jar: /home/homeone/git/vitruv/Vitruv-CaseStudies/bundles/tools.vitruv.applications.util.temporary/target/tools.vitruv.applications.util.temporary-3.0.1-SNAPSHOT-sources.jar
[INFO] 
[INFO] --- tycho-packaging:4.0.3:package-plugin (default-package-plugin) @ tools.vitruv.applications.util.temporary ---
[INFO] Building jar: /home/homeone/git/vitruv/Vitruv-CaseStudies/bundles/tools.vitruv.applications.util.temporary/target/tools.vitruv.applications.util.temporary-3.0.1-SNAPSHOT.jar
[INFO] 
[INFO] --- tycho-p2:4.0.3:p2-metadata-default (default-p2-metadata-default) @ tools.vitruv.applications.util.temporary ---
[INFO] 
[INFO] --- tycho-source:4.0.3:feature-source (feature-source) @ tools.vitruv.applications.util.temporary ---
[INFO] 
[INFO] --- tycho-p2:4.0.3:p2-metadata (attach-p2-metadata) @ tools.vitruv.applications.util.temporary ---
[WARNING] artifact tools.vitruv:tools.vitruv.applications.util.temporary:xml:p2metadata:3.0.1-SNAPSHOT already attached, replace previous instance
[WARNING] artifact tools.vitruv:tools.vitruv.applications.util.temporary:xml:p2artifacts:3.0.1-SNAPSHOT already attached, replace previous instance
[INFO] 
[INFO] -------< tools.vitruv:tools.vitruv.applications.simulinkautosar >-------
[INFO] Building [bundle] tools.vitruv.applications.simulinkautosar 3.0.1-SNAPSHOT [5/32]
[INFO]   from bundles/tools.vitruv.applications.SimuLinkAutoSAR/.polyglot.META-INF
[INFO] ---------------------------[ eclipse-plugin ]---------------------------
[INFO] Resolving dependencies of MavenProject: tools.vitruv:tools.vitruv.applications.simulinkautosar:3.0.1-SNAPSHOT @ /home/homeone/git/vitruv/Vitruv-CaseStudies/bundles/tools.vitruv.applications.SimuLinkAutoSAR/.polyglot.META-INF
[WARNING] Problems resolving provisioning plan.: [Unable to satisfy dependency from org.eclipse.swt 3.121.0.v20220829-1402 to org.eclipse.equinox.p2.iu; org.eclipse.swt.cocoa.macosx.aarch64 [3.121.0.v20220829-1402,3.121.0.v20220829-1402].]
[INFO] 
[INFO] --- tycho-packaging:4.0.3:build-qualifier (default-build-qualifier) @ tools.vitruv.applications.simulinkautosar ---
[INFO] The project's OSGi version is 3.0.1.202408261232
[INFO] 
[INFO] --- tycho-packaging:4.0.3:validate-id (default-validate-id) @ tools.vitruv.applications.simulinkautosar ---
[INFO] 
[INFO] --- tycho-packaging:4.0.3:validate-version (default-validate-version) @ tools.vitruv.applications.simulinkautosar ---
[INFO] 
[INFO] --- target-platform-configuration:4.0.3:target-platform (default-target-platform) @ tools.vitruv.applications.simulinkautosar ---
[INFO] 
[INFO] --- tycho-compiler:4.0.3:validate-classpath (default-validate-classpath) @ tools.vitruv.applications.simulinkautosar ---
[INFO] Resolving class path of [bundle] tools.vitruv.applications.simulinkautosar
[INFO] 
[INFO] --- clean:3.2.0:clean (src-gen-clean) @ tools.vitruv.applications.simulinkautosar ---
[INFO] Deleting /home/homeone/git/vitruv/Vitruv-CaseStudies/bundles/tools.vitruv.applications.SimuLinkAutoSAR/src-gen (includes = [], excludes = [])
[INFO] 
[INFO] --- xtext:2.30.0:generate (default) @ tools.vitruv.applications.simulinkautosar ---
[INFO] Encoding: UTF-8
[INFO] Compiler source level: 11
[INFO] Compiler target level: 11
[INFO] Collecting source models.
[INFO] Installing type provider.
[INFO] Generating stubs into /home/homeone/git/vitruv/Vitruv-CaseStudies/bundles/tools.vitruv.applications.SimuLinkAutoSAR/target/xtext-temp/stubs for 10 resources
[INFO] Compiling stubs located in /home/homeone/git/vitruv/Vitruv-CaseStudies/bundles/tools.vitruv.applications.SimuLinkAutoSAR/target/xtext-temp/stubs
[INFO] Installing type provider for stubs.
[INFO] Validate and generate.
[INFO] Validating: 'SimuLinkToAutoSARTypePropagation.reactions'
[INFO] Validating: 'AutoSARToSimuLink.reactions'
[INFO] Validating: 'SimuLinkToAutoSARChangePropagationSpecification.xtend'
[INFO] Validating: 'AutoSARToSimuLinkPorts.reactions'
[INFO] Validating: 'AutoSARToSimuLinkChangePropagationSpecification.xtend'
[INFO] Validating: 'SimuLinkToAutoSARBlocksToComponents.reactions'
[INFO] Validating: 'SimuLinkToAutoSAR.reactions'
[INFO] Validating: 'AutoSARToSImuLinkTypePropagation.reactions'
[INFO] Validating: 'AutoSARToSimuLinkComponentsToBlocks.reactions'
[INFO] Validating: 'SimuLinkToAutoSARPorts.reactions'
[INFO] Starting generator for input: 'SimuLinkToAutoSARTypePropagation.reactions'
[INFO] Starting generator for input: 'AutoSARToSimuLink.reactions'
[INFO] Starting generator for input: 'SimuLinkToAutoSARChangePropagationSpecification.xtend'
[INFO] Starting generator for input: 'AutoSARToSimuLinkPorts.reactions'
[INFO] Starting generator for input: 'AutoSARToSimuLinkChangePropagationSpecification.xtend'
[INFO] Starting generator for input: 'SimuLinkToAutoSARBlocksToComponents.reactions'
[INFO] Starting generator for input: 'SimuLinkToAutoSAR.reactions'
[INFO] Starting generator for input: 'AutoSARToSImuLinkTypePropagation.reactions'
[INFO] Starting generator for input: 'AutoSARToSimuLinkComponentsToBlocks.reactions'
[INFO] Starting generator for input: 'SimuLinkToAutoSARPorts.reactions'
[INFO] Build took 24852ms.
[INFO] 
[INFO] --- resources:2.4.3:resources (default-resources) @ tools.vitruv.applications.simulinkautosar ---
[INFO] Using 'UTF-8' encoding to copy filtered resources.
[INFO] skip non existing resourceDirectory /home/homeone/git/vitruv/Vitruv-CaseStudies/bundles/tools.vitruv.applications.SimuLinkAutoSAR/src/main/resources
[INFO] 
[INFO] --- tycho-compiler:4.0.3:compile (default-compile) @ tools.vitruv.applications.simulinkautosar ---
[INFO] Compiling 94 source files to /home/homeone/git/vitruv/Vitruv-CaseStudies/bundles/tools.vitruv.applications.SimuLinkAutoSAR/target/classes using Eclipse Compiler for Java(TM) 3.35.0.v20230814-2020
[INFO] 
[INFO] --- tycho-bnd:4.0.3:process (default-process) @ tools.vitruv.applications.simulinkautosar ---
[INFO] 
[INFO] --- tycho-ds:4.0.3:declarative-services (default-declarative-services) @ tools.vitruv.applications.simulinkautosar ---
[INFO] 
[INFO] --- resources:2.4.3:testResources (default-testResources) @ tools.vitruv.applications.simulinkautosar ---
[INFO] Using 'UTF-8' encoding to copy filtered resources.
[INFO] skip non existing resourceDirectory /home/homeone/git/vitruv/Vitruv-CaseStudies/bundles/tools.vitruv.applications.SimuLinkAutoSAR/src/test/resources
[INFO] 
[INFO] --- tycho-compiler:4.0.3:testCompile (default-testCompile) @ tools.vitruv.applications.simulinkautosar ---
[INFO] 
[INFO] --- surefire:3.0.0:test (test) @ tools.vitruv.applications.simulinkautosar ---
[INFO] 
[INFO] --- tycho-packaging:4.0.3:update-consumer-pom (default-update-consumer-pom) @ tools.vitruv.applications.simulinkautosar ---
[WARNING] 0 system scoped dependencies were mapped to maven artifacts, 167 were skipped
[INFO] 
[INFO] --- tycho-source:4.0.3:plugin-source (plugin-source) @ tools.vitruv.applications.simulinkautosar ---
[INFO] Building jar: /home/homeone/git/vitruv/Vitruv-CaseStudies/bundles/tools.vitruv.applications.SimuLinkAutoSAR/target/tools.vitruv.applications.simulinkautosar-3.0.1-SNAPSHOT-sources.jar
[INFO] 
[INFO] --- tycho-packaging:4.0.3:package-plugin (default-package-plugin) @ tools.vitruv.applications.simulinkautosar ---
[INFO] Building jar: /home/homeone/git/vitruv/Vitruv-CaseStudies/bundles/tools.vitruv.applications.SimuLinkAutoSAR/target/tools.vitruv.applications.simulinkautosar-3.0.1-SNAPSHOT.jar
[INFO] 
[INFO] --- tycho-p2:4.0.3:p2-metadata-default (default-p2-metadata-default) @ tools.vitruv.applications.simulinkautosar ---
[INFO] 
[INFO] --- tycho-source:4.0.3:feature-source (feature-source) @ tools.vitruv.applications.simulinkautosar ---
[INFO] 
[INFO] --- tycho-p2:4.0.3:p2-metadata (attach-p2-metadata) @ tools.vitruv.applications.simulinkautosar ---
[WARNING] artifact tools.vitruv:tools.vitruv.applications.simulinkautosar:xml:p2metadata:3.0.1-SNAPSHOT already attached, replace previous instance
[WARNING] artifact tools.vitruv:tools.vitruv.applications.simulinkautosar:xml:p2artifacts:3.0.1-SNAPSHOT already attached, replace previous instance
[INFO] 
[INFO] ------< tools.vitruv:tools.vitruv.applications.cbs.commonalities >------
[INFO] Building [bundle] Vitruv CBS Commonalities Application 3.0.1-SNAPSHOT [6/32]
[INFO]   from bundles/tools.vitruv.applications.cbs.commonalities/.polyglot.META-INF
[INFO] ---------------------------[ eclipse-plugin ]---------------------------
[INFO] Resolving dependencies of MavenProject: tools.vitruv:tools.vitruv.applications.cbs.commonalities:3.0.1-SNAPSHOT @ /home/homeone/git/vitruv/Vitruv-CaseStudies/bundles/tools.vitruv.applications.cbs.commonalities/.polyglot.META-INF
[WARNING] Problems resolving provisioning plan.: [Unable to satisfy dependency from org.eclipse.swt 3.121.0.v20220829-1402 to org.eclipse.equinox.p2.iu; org.eclipse.swt.cocoa.macosx.aarch64 [3.121.0.v20220829-1402,3.121.0.v20220829-1402].]
[INFO] 
[INFO] --- tycho-packaging:4.0.3:build-qualifier (default-build-qualifier) @ tools.vitruv.applications.cbs.commonalities ---
[INFO] The project's OSGi version is 3.0.1.202408261232
[INFO] 
[INFO] --- tycho-packaging:4.0.3:validate-id (default-validate-id) @ tools.vitruv.applications.cbs.commonalities ---
[INFO] 
[INFO] --- tycho-packaging:4.0.3:validate-version (default-validate-version) @ tools.vitruv.applications.cbs.commonalities ---
[INFO] 
[INFO] --- target-platform-configuration:4.0.3:target-platform (default-target-platform) @ tools.vitruv.applications.cbs.commonalities ---
[INFO] 
[INFO] --- tycho-compiler:4.0.3:validate-classpath (default-validate-classpath) @ tools.vitruv.applications.cbs.commonalities ---
[INFO] Resolving class path of [bundle] Vitruv CBS Commonalities Application
[INFO] 
[INFO] --- clean:3.2.0:clean (src-gen-clean) @ tools.vitruv.applications.cbs.commonalities ---
[INFO] Deleting /home/homeone/git/vitruv/Vitruv-CaseStudies/bundles/tools.vitruv.applications.cbs.commonalities/src-gen (includes = [], excludes = [])
[INFO] 
[INFO] --- xtext:2.30.0:generate (default) @ tools.vitruv.applications.cbs.commonalities ---
[INFO] Encoding: UTF-8
[INFO] Compiler source level: 11
[INFO] Compiler target level: 11
[INFO] Collecting source models.
[INFO] Installing type provider.
[INFO] Generating stubs into /home/homeone/git/vitruv/Vitruv-CaseStudies/bundles/tools.vitruv.applications.cbs.commonalities/target/xtext-temp/stubs for 51 resources
[INFO] Compiling stubs located in /home/homeone/git/vitruv/Vitruv-CaseStudies/bundles/tools.vitruv.applications.cbs.commonalities/target/xtext-temp/stubs
[INFO] Installing type provider for stubs.
[INFO] Validate and generate.
[INFO] Validating: 'CompositeDataType.commonality'
[INFO] Validating: 'JavaVisibilityOperator.xtend'
[INFO] Validating: 'Operation.commonality'
[INFO] Validating: 'InterfaceMethod.commonality'
[INFO] Validating: 'JavaTypeReferenceOrNullOperator.xtend'
[INFO] Validating: 'OOTypeReferenceOperator.xtend'
[INFO] Validating: 'UmlContainerNameConditionOperator.xtend'
[INFO] Validating: 'JavaAbstractModifierOperator.xtend'
[INFO] Validating: 'JavaTypeReferencesOperator.xtend'
[INFO] Validating: 'Component.commonality'
[INFO] Validating: 'AbstractJavaModifierOperator.xtend'
[INFO] Validating: 'JavaVisibilityHelper.xtend'
[INFO] Validating: 'UmlSingleGeneralizationOperator.xtend'
[INFO] Validating: 'UmlInterfaceRealizationsOperator.xtend'
[INFO] Validating: 'JavaStaticModifierOperator.xtend'
[INFO] Validating: 'JavaTypeReferenceOperator.xtend'
[INFO] Validating: 'JavaVisibilityConditionOperator.xtend'
[INFO] Validating: 'PcmProvidedRolesOperator.xtend'
[INFO] Validating: 'UmlGeneralizationsOperator.xtend'
[INFO] Validating: 'Repository.commonality'
[INFO] Validating: 'ComponentInterface.commonality'
[INFO] Validating: 'UmlVisibilityOperator.xtend'
[INFO] Validating: 'Constructor.commonality'
[INFO] Validating: 'JavaFinalModifierOperator.xtend'
[INFO] Validating: 'JavaPackageResourcePathFromNameOperator.xtend'
[INFO] Validating: 'ClassMethod.commonality'
[INFO] Validating: 'PcmDataTypeReferenceOperator.xtend'
[INFO] Validating: 'InverseOperator.xtend'
[INFO] Validating: 'UmlVisibilityConditionOperator.xtend'
[INFO] Validating: 'SuffixConditionOperator.xtend'
[INFO] Validating: 'Class.commonality'
[INFO] Validating: 'Property.commonality'
[INFO] Validating: 'JavaCompilationUnitNameOperator.xtend'
[INFO] Validating: 'UmlParameterDirectionConditionOperator.xtend'
[INFO] Validating: 'FirstUpperOperator.xtend'
[INFO] Validating: 'Package.commonality'
[INFO] Validating: 'JavaInverseAbstractModifierOperator.xtend'
[INFO] Validating: 'JavaSubPackagesOperator.xtend'
[INFO] Validating: 'JavaContainerNameConditionOperator.xtend'
[INFO] Validating: 'MethodParameter.commonality'
[INFO] Validating: 'AbstractTypeReferenceOperator.xtend'
[INFO] Validating: 'OperationParameter.commonality'
[INFO] Validating: 'PcmTypeReferenceOperator.xtend'
[INFO] Validating: 'UmlTypeReferenceOperator.xtend'
[INFO] Validating: 'JavaPackageCompilationUnitsOperator.xtend'
[INFO] Validating: 'UmlVisibilityHelper.xtend'
[INFO] Validating: 'CompositeDataTypeElement.commonality'
[INFO] Validating: 'UmlReturnTypeOperator.xtend'
[INFO] Validating: 'PrefixOperator.xtend'
[INFO] Validating: 'OOTypeReferencesOperator.xtend'
[INFO] Validating: 'Interface.commonality'
[INFO] Starting generator for input: 'CompositeDataType.commonality'
[INFO] Starting generator for input: 'JavaVisibilityOperator.xtend'
[INFO] Starting generator for input: 'Operation.commonality'
[INFO] Starting generator for input: 'InterfaceMethod.commonality'
[INFO] Starting generator for input: 'JavaTypeReferenceOrNullOperator.xtend'
[INFO] Starting generator for input: 'OOTypeReferenceOperator.xtend'
[INFO] Starting generator for input: 'UmlContainerNameConditionOperator.xtend'
[INFO] Starting generator for input: 'JavaAbstractModifierOperator.xtend'
[INFO] Starting generator for input: 'JavaTypeReferencesOperator.xtend'
[INFO] Starting generator for input: 'Component.commonality'
[INFO] Starting generator for input: 'AbstractJavaModifierOperator.xtend'
[INFO] Starting generator for input: 'JavaVisibilityHelper.xtend'
[INFO] Starting generator for input: 'UmlSingleGeneralizationOperator.xtend'
[INFO] Starting generator for input: 'UmlInterfaceRealizationsOperator.xtend'
[INFO] Starting generator for input: 'JavaStaticModifierOperator.xtend'
[INFO] Starting generator for input: 'JavaTypeReferenceOperator.xtend'
[INFO] Starting generator for input: 'JavaVisibilityConditionOperator.xtend'
[INFO] Starting generator for input: 'PcmProvidedRolesOperator.xtend'
[INFO] Starting generator for input: 'UmlGeneralizationsOperator.xtend'
[INFO] Starting generator for input: 'Repository.commonality'
[INFO] Starting generator for input: 'ComponentInterface.commonality'
[INFO] Starting generator for input: 'UmlVisibilityOperator.xtend'
[INFO] Starting generator for input: 'Constructor.commonality'
[INFO] Starting generator for input: 'JavaFinalModifierOperator.xtend'
[INFO] Starting generator for input: 'JavaPackageResourcePathFromNameOperator.xtend'
[INFO] Starting generator for input: 'ClassMethod.commonality'
[INFO] Starting generator for input: 'PcmDataTypeReferenceOperator.xtend'
[INFO] Starting generator for input: 'InverseOperator.xtend'
[INFO] Starting generator for input: 'UmlVisibilityConditionOperator.xtend'
[INFO] Starting generator for input: 'SuffixConditionOperator.xtend'
[INFO] Starting generator for input: 'Class.commonality'
[INFO] Starting generator for input: 'Property.commonality'
[INFO] Starting generator for input: 'JavaCompilationUnitNameOperator.xtend'
[INFO] Starting generator for input: 'UmlParameterDirectionConditionOperator.xtend'
[INFO] Starting generator for input: 'FirstUpperOperator.xtend'
[INFO] Starting generator for input: 'Package.commonality'
[INFO] Starting generator for input: 'JavaInverseAbstractModifierOperator.xtend'
[INFO] Starting generator for input: 'JavaSubPackagesOperator.xtend'
[INFO] Starting generator for input: 'JavaContainerNameConditionOperator.xtend'
[INFO] Starting generator for input: 'MethodParameter.commonality'
[INFO] Starting generator for input: 'AbstractTypeReferenceOperator.xtend'
[INFO] Starting generator for input: 'OperationParameter.commonality'
[INFO] Starting generator for input: 'PcmTypeReferenceOperator.xtend'
[INFO] Starting generator for input: 'UmlTypeReferenceOperator.xtend'
[INFO] Starting generator for input: 'JavaPackageCompilationUnitsOperator.xtend'
[INFO] Starting generator for input: 'UmlVisibilityHelper.xtend'
[INFO] Starting generator for input: 'CompositeDataTypeElement.commonality'
[INFO] Starting generator for input: 'UmlReturnTypeOperator.xtend'
[INFO] Starting generator for input: 'PrefixOperator.xtend'
[INFO] Starting generator for input: 'OOTypeReferencesOperator.xtend'
[INFO] Starting generator for input: 'Interface.commonality'
[INFO] Build took 46052ms.
[INFO] 
[INFO] --- resources:2.4.3:resources (default-resources) @ tools.vitruv.applications.cbs.commonalities ---
[INFO] Using 'UTF-8' encoding to copy filtered resources.
[INFO] skip non existing resourceDirectory /home/homeone/git/vitruv/Vitruv-CaseStudies/bundles/tools.vitruv.applications.cbs.commonalities/src/main/resources
[INFO] 
[INFO] --- tycho-compiler:4.0.3:compile (default-compile) @ tools.vitruv.applications.cbs.commonalities ---
[INFO] Compiling 1637 source files to /home/homeone/git/vitruv/Vitruv-CaseStudies/bundles/tools.vitruv.applications.cbs.commonalities/target/classes using Eclipse Compiler for Java(TM) 3.35.0.v20230814-2020
[INFO] 
[INFO] --- tycho-bnd:4.0.3:process (default-process) @ tools.vitruv.applications.cbs.commonalities ---
[INFO] 
[INFO] --- tycho-ds:4.0.3:declarative-services (default-declarative-services) @ tools.vitruv.applications.cbs.commonalities ---
[INFO] 
[INFO] --- resources:2.4.3:testResources (default-testResources) @ tools.vitruv.applications.cbs.commonalities ---
[INFO] Using 'UTF-8' encoding to copy filtered resources.
[INFO] skip non existing resourceDirectory /home/homeone/git/vitruv/Vitruv-CaseStudies/bundles/tools.vitruv.applications.cbs.commonalities/src/test/resources
[INFO] 
[INFO] --- tycho-compiler:4.0.3:testCompile (default-testCompile) @ tools.vitruv.applications.cbs.commonalities ---
[INFO] 
[INFO] --- surefire:3.0.0:test (test) @ tools.vitruv.applications.cbs.commonalities ---
[INFO] 
[INFO] --- tycho-packaging:4.0.3:update-consumer-pom (default-update-consumer-pom) @ tools.vitruv.applications.cbs.commonalities ---
[WARNING] 0 system scoped dependencies were mapped to maven artifacts, 167 were skipped
[INFO] 
[INFO] --- tycho-source:4.0.3:plugin-source (plugin-source) @ tools.vitruv.applications.cbs.commonalities ---
[INFO] Building jar: /home/homeone/git/vitruv/Vitruv-CaseStudies/bundles/tools.vitruv.applications.cbs.commonalities/target/tools.vitruv.applications.cbs.commonalities-3.0.1-SNAPSHOT-sources.jar
[INFO] 
[INFO] --- tycho-packaging:4.0.3:package-plugin (default-package-plugin) @ tools.vitruv.applications.cbs.commonalities ---
[INFO] Building jar: /home/homeone/git/vitruv/Vitruv-CaseStudies/bundles/tools.vitruv.applications.cbs.commonalities/target/tools.vitruv.applications.cbs.commonalities-3.0.1-SNAPSHOT.jar
[INFO] 
[INFO] --- tycho-p2:4.0.3:p2-metadata-default (default-p2-metadata-default) @ tools.vitruv.applications.cbs.commonalities ---
[INFO] 
[INFO] --- tycho-source:4.0.3:feature-source (feature-source) @ tools.vitruv.applications.cbs.commonalities ---
[INFO] 
[INFO] --- tycho-p2:4.0.3:p2-metadata (attach-p2-metadata) @ tools.vitruv.applications.cbs.commonalities ---
[WARNING] artifact tools.vitruv:tools.vitruv.applications.cbs.commonalities:xml:p2metadata:3.0.1-SNAPSHOT already attached, replace previous instance
[WARNING] artifact tools.vitruv:tools.vitruv.applications.cbs.commonalities:xml:p2artifacts:3.0.1-SNAPSHOT already attached, replace previous instance
[INFO] 
[INFO] --------< tools.vitruv:tools.vitruv.applications.cbs.testutils >--------
[INFO] Building [bundle] Component-Based Systems Application Test Utilities 0.1.0-SNAPSHOT [7/32]
[INFO]   from bundles/tools.vitruv.applications.cbs.testutils/.polyglot.META-INF
[INFO] ---------------------------[ eclipse-plugin ]---------------------------
[INFO] Resolving dependencies of MavenProject: tools.vitruv:tools.vitruv.applications.cbs.testutils:0.1.0-SNAPSHOT @ /home/homeone/git/vitruv/Vitruv-CaseStudies/bundles/tools.vitruv.applications.cbs.testutils/.polyglot.META-INF
[WARNING] Problems resolving provisioning plan.: [Unable to satisfy dependency from org.eclipse.swt 3.121.0.v20220829-1402 to org.eclipse.equinox.p2.iu; org.eclipse.swt.cocoa.macosx.aarch64 [3.121.0.v20220829-1402,3.121.0.v20220829-1402].]
[INFO] 
[INFO] --- tycho-packaging:4.0.3:build-qualifier (default-build-qualifier) @ tools.vitruv.applications.cbs.testutils ---
[INFO] The project's OSGi version is 0.1.0.202408261232
[INFO] 
[INFO] --- tycho-packaging:4.0.3:validate-id (default-validate-id) @ tools.vitruv.applications.cbs.testutils ---
[INFO] 
[INFO] --- tycho-packaging:4.0.3:validate-version (default-validate-version) @ tools.vitruv.applications.cbs.testutils ---
[INFO] 
[INFO] --- target-platform-configuration:4.0.3:target-platform (default-target-platform) @ tools.vitruv.applications.cbs.testutils ---
[INFO] 
[INFO] --- tycho-compiler:4.0.3:validate-classpath (default-validate-classpath) @ tools.vitruv.applications.cbs.testutils ---
[INFO] Resolving class path of [bundle] Component-Based Systems Application Test Utilities
[INFO] 
[INFO] --- xtend:2.30.0:compile (default) @ tools.vitruv.applications.cbs.testutils ---
[INFO] 
[INFO] --- resources:2.4.3:resources (default-resources) @ tools.vitruv.applications.cbs.testutils ---
[INFO] Using 'UTF-8' encoding to copy filtered resources.
[INFO] skip non existing resourceDirectory /home/homeone/git/vitruv/Vitruv-CaseStudies/bundles/tools.vitruv.applications.cbs.testutils/src/main/resources
[INFO] 
[INFO] --- tycho-compiler:4.0.3:compile (default-compile) @ tools.vitruv.applications.cbs.testutils ---
[INFO] Compiling 25 source files to /home/homeone/git/vitruv/Vitruv-CaseStudies/bundles/tools.vitruv.applications.cbs.testutils/target/classes using Eclipse Compiler for Java(TM) 3.35.0.v20230814-2020
[INFO] 
[INFO] --- tycho-bnd:4.0.3:process (default-process) @ tools.vitruv.applications.cbs.testutils ---
[INFO] 
[INFO] --- tycho-ds:4.0.3:declarative-services (default-declarative-services) @ tools.vitruv.applications.cbs.testutils ---
[INFO] 
[INFO] --- resources:2.4.3:testResources (default-testResources) @ tools.vitruv.applications.cbs.testutils ---
[INFO] Using 'UTF-8' encoding to copy filtered resources.
[INFO] skip non existing resourceDirectory /home/homeone/git/vitruv/Vitruv-CaseStudies/bundles/tools.vitruv.applications.cbs.testutils/src/test/resources
[INFO] 
[INFO] --- tycho-compiler:4.0.3:testCompile (default-testCompile) @ tools.vitruv.applications.cbs.testutils ---
[INFO] 
[INFO] --- surefire:3.0.0:test (test) @ tools.vitruv.applications.cbs.testutils ---
[INFO] Using auto detected provider org.apache.maven.surefire.junitplatform.JUnitPlatformProvider
[INFO] 
[INFO] -------------------------------------------------------
[INFO]  T E S T S
[INFO] -------------------------------------------------------
[INFO] 
[INFO] Results:
[INFO] 
[INFO] Tests run: 0, Failures: 0, Errors: 0, Skipped: 0
[INFO] 
[INFO] 
[INFO] --- tycho-packaging:4.0.3:update-consumer-pom (default-update-consumer-pom) @ tools.vitruv.applications.cbs.testutils ---
[WARNING] 0 system scoped dependencies were mapped to maven artifacts, 208 were skipped
[INFO] 
[INFO] --- tycho-source:4.0.3:plugin-source (plugin-source) @ tools.vitruv.applications.cbs.testutils ---
[INFO] Building jar: /home/homeone/git/vitruv/Vitruv-CaseStudies/bundles/tools.vitruv.applications.cbs.testutils/target/tools.vitruv.applications.cbs.testutils-0.1.0-SNAPSHOT-sources.jar
[INFO] 
[INFO] --- tycho-packaging:4.0.3:package-plugin (default-package-plugin) @ tools.vitruv.applications.cbs.testutils ---
[INFO] Building jar: /home/homeone/git/vitruv/Vitruv-CaseStudies/bundles/tools.vitruv.applications.cbs.testutils/target/tools.vitruv.applications.cbs.testutils-0.1.0-SNAPSHOT.jar
[INFO] 
[INFO] --- tycho-p2:4.0.3:p2-metadata-default (default-p2-metadata-default) @ tools.vitruv.applications.cbs.testutils ---
[INFO] 
[INFO] --- tycho-source:4.0.3:feature-source (feature-source) @ tools.vitruv.applications.cbs.testutils ---
[INFO] 
[INFO] --- tycho-p2:4.0.3:p2-metadata (attach-p2-metadata) @ tools.vitruv.applications.cbs.testutils ---
[WARNING] artifact tools.vitruv:tools.vitruv.applications.cbs.testutils:xml:p2metadata:0.1.0-SNAPSHOT already attached, replace previous instance
[WARNING] artifact tools.vitruv:tools.vitruv.applications.cbs.testutils:xml:p2artifacts:0.1.0-SNAPSHOT already attached, replace previous instance
[INFO] 
[INFO] -----------< tools.vitruv:tools.vitruv.applications.pcmjava >-----------
[INFO] Building [bundle] Vitruv PCM-Java Application 3.0.1-SNAPSHOT      [8/32]
[INFO]   from bundles/tools.vitruv.applications.pcmjava/.polyglot.META-INF
[INFO] ---------------------------[ eclipse-plugin ]---------------------------
[INFO] Resolving dependencies of MavenProject: tools.vitruv:tools.vitruv.applications.pcmjava:3.0.1-SNAPSHOT @ /home/homeone/git/vitruv/Vitruv-CaseStudies/bundles/tools.vitruv.applications.pcmjava/.polyglot.META-INF
[WARNING] Problems resolving provisioning plan.: [Unable to satisfy dependency from org.eclipse.swt 3.121.0.v20220829-1402 to org.eclipse.equinox.p2.iu; org.eclipse.swt.cocoa.macosx.aarch64 [3.121.0.v20220829-1402,3.121.0.v20220829-1402].]
[INFO] 
[INFO] --- tycho-packaging:4.0.3:build-qualifier (default-build-qualifier) @ tools.vitruv.applications.pcmjava ---
[INFO] The project's OSGi version is 3.0.1.202408261232
[INFO] 
[INFO] --- tycho-packaging:4.0.3:validate-id (default-validate-id) @ tools.vitruv.applications.pcmjava ---
[INFO] 
[INFO] --- tycho-packaging:4.0.3:validate-version (default-validate-version) @ tools.vitruv.applications.pcmjava ---
[INFO] 
[INFO] --- target-platform-configuration:4.0.3:target-platform (default-target-platform) @ tools.vitruv.applications.pcmjava ---
[INFO] 
[INFO] --- tycho-compiler:4.0.3:validate-classpath (default-validate-classpath) @ tools.vitruv.applications.pcmjava ---
[INFO] Resolving class path of [bundle] Vitruv PCM-Java Application
[INFO] 
[INFO] --- clean:3.2.0:clean (src-gen-clean) @ tools.vitruv.applications.pcmjava ---
[INFO] Deleting /home/homeone/git/vitruv/Vitruv-CaseStudies/bundles/tools.vitruv.applications.pcmjava/src-gen (includes = [], excludes = [])
[INFO] 
[INFO] --- xtext:2.30.0:generate (default) @ tools.vitruv.applications.pcmjava ---
[INFO] Encoding: UTF-8
[INFO] Compiler source level: 11
[INFO] Compiler target level: 11
[INFO] Collecting source models.
[INFO] Installing type provider.
[INFO] Generating stubs into /home/homeone/git/vitruv/Vitruv-CaseStudies/bundles/tools.vitruv.applications.pcmjava/target/xtext-temp/stubs for 10 resources
[INFO] Compiling stubs located in /home/homeone/git/vitruv/Vitruv-CaseStudies/bundles/tools.vitruv.applications.pcmjava/target/xtext-temp/stubs
[INFO] Installing type provider for stubs.
[INFO] Validate and generate.
[INFO] Validating: 'Pcm2JavaHelper.xtend'
[INFO] Validating: 'Java2PcmChangePropagationSpecification.xtend'
[INFO] Validating: 'Pcm2JavaChangePropagationSpecification.xtend'
[INFO] Validating: 'PcmJavaTransformationUtil.xtend'
[INFO] Validating: 'DataTypeCorrespondenceHelper.xtend'
[INFO] Validating: 'Pcm2Java.reactions'
[INFO] Validating: 'Java2Pcm.reactions'
[INFO] Validating: 'Java2PcmClassifier.reactions'
[INFO] Validating: 'TypeReferenceCorrespondenceHelper.xtend'
[INFO] Validating: 'Java2PcmMethod.reactions'
[INFO] Starting generator for input: 'Pcm2JavaHelper.xtend'
[INFO] Starting generator for input: 'Java2PcmChangePropagationSpecification.xtend'
[INFO] Starting generator for input: 'Pcm2JavaChangePropagationSpecification.xtend'
[INFO] Starting generator for input: 'PcmJavaTransformationUtil.xtend'
[INFO] Starting generator for input: 'DataTypeCorrespondenceHelper.xtend'
[INFO] Starting generator for input: 'Pcm2Java.reactions'
[INFO] Starting generator for input: 'Java2Pcm.reactions'
[INFO] Starting generator for input: 'Java2PcmClassifier.reactions'
[INFO] Starting generator for input: 'TypeReferenceCorrespondenceHelper.xtend'
[INFO] Starting generator for input: 'Java2PcmMethod.reactions'
[INFO] Build took 23278ms.
[INFO] 
[INFO] --- resources:2.4.3:resources (default-resources) @ tools.vitruv.applications.pcmjava ---
[INFO] Using 'UTF-8' encoding to copy filtered resources.
[INFO] skip non existing resourceDirectory /home/homeone/git/vitruv/Vitruv-CaseStudies/bundles/tools.vitruv.applications.pcmjava/src/main/resources
[INFO] 
[INFO] --- tycho-compiler:4.0.3:compile (default-compile) @ tools.vitruv.applications.pcmjava ---
[INFO] Compiling 207 source files to /home/homeone/git/vitruv/Vitruv-CaseStudies/bundles/tools.vitruv.applications.pcmjava/target/classes using Eclipse Compiler for Java(TM) 3.35.0.v20230814-2020
[INFO] 
[INFO] --- tycho-bnd:4.0.3:process (default-process) @ tools.vitruv.applications.pcmjava ---
[INFO] 
[INFO] --- tycho-ds:4.0.3:declarative-services (default-declarative-services) @ tools.vitruv.applications.pcmjava ---
[INFO] 
[INFO] --- resources:2.4.3:testResources (default-testResources) @ tools.vitruv.applications.pcmjava ---
[INFO] Using 'UTF-8' encoding to copy filtered resources.
[INFO] skip non existing resourceDirectory /home/homeone/git/vitruv/Vitruv-CaseStudies/bundles/tools.vitruv.applications.pcmjava/src/test/resources
[INFO] 
[INFO] --- tycho-compiler:4.0.3:testCompile (default-testCompile) @ tools.vitruv.applications.pcmjava ---
[INFO] 
[INFO] --- surefire:3.0.0:test (test) @ tools.vitruv.applications.pcmjava ---
[INFO] 
[INFO] --- tycho-packaging:4.0.3:update-consumer-pom (default-update-consumer-pom) @ tools.vitruv.applications.pcmjava ---
[WARNING] 0 system scoped dependencies were mapped to maven artifacts, 166 were skipped
[INFO] 
[INFO] --- tycho-source:4.0.3:plugin-source (plugin-source) @ tools.vitruv.applications.pcmjava ---
[INFO] Building jar: /home/homeone/git/vitruv/Vitruv-CaseStudies/bundles/tools.vitruv.applications.pcmjava/target/tools.vitruv.applications.pcmjava-3.0.1-SNAPSHOT-sources.jar
[INFO] 
[INFO] --- tycho-packaging:4.0.3:package-plugin (default-package-plugin) @ tools.vitruv.applications.pcmjava ---
[INFO] Building jar: /home/homeone/git/vitruv/Vitruv-CaseStudies/bundles/tools.vitruv.applications.pcmjava/target/tools.vitruv.applications.pcmjava-3.0.1-SNAPSHOT.jar
[INFO] 
[INFO] --- tycho-p2:4.0.3:p2-metadata-default (default-p2-metadata-default) @ tools.vitruv.applications.pcmjava ---
[INFO] 
[INFO] --- tycho-source:4.0.3:feature-source (feature-source) @ tools.vitruv.applications.pcmjava ---
[INFO] 
[INFO] --- tycho-p2:4.0.3:p2-metadata (attach-p2-metadata) @ tools.vitruv.applications.pcmjava ---
[WARNING] artifact tools.vitruv:tools.vitruv.applications.pcmjava:xml:p2metadata:3.0.1-SNAPSHOT already attached, replace previous instance
[WARNING] artifact tools.vitruv:tools.vitruv.applications.pcmjava:xml:p2artifacts:3.0.1-SNAPSHOT already attached, replace previous instance
[INFO] 
[INFO] ---------< tools.vitruv:tools.vitruv.applications.pcmumlclass >---------
[INFO] Building [bundle] Vitruv PCM-UML Class Application 3.0.1-SNAPSHOT [9/32]
[INFO]   from bundles/tools.vitruv.applications.pcmumlclass/.polyglot.META-INF
[INFO] ---------------------------[ eclipse-plugin ]---------------------------
[INFO] Resolving dependencies of MavenProject: tools.vitruv:tools.vitruv.applications.pcmumlclass:3.0.1-SNAPSHOT @ /home/homeone/git/vitruv/Vitruv-CaseStudies/bundles/tools.vitruv.applications.pcmumlclass/.polyglot.META-INF
[WARNING] Problems resolving provisioning plan.: [Unable to satisfy dependency from org.eclipse.swt 3.121.0.v20220829-1402 to org.eclipse.equinox.p2.iu; org.eclipse.swt.cocoa.macosx.aarch64 [3.121.0.v20220829-1402,3.121.0.v20220829-1402].]
[INFO] 
[INFO] --- tycho-packaging:4.0.3:build-qualifier (default-build-qualifier) @ tools.vitruv.applications.pcmumlclass ---
[INFO] The project's OSGi version is 3.0.1.202408261232
[INFO] 
[INFO] --- tycho-packaging:4.0.3:validate-id (default-validate-id) @ tools.vitruv.applications.pcmumlclass ---
[INFO] 
[INFO] --- tycho-packaging:4.0.3:validate-version (default-validate-version) @ tools.vitruv.applications.pcmumlclass ---
[INFO] 
[INFO] --- target-platform-configuration:4.0.3:target-platform (default-target-platform) @ tools.vitruv.applications.pcmumlclass ---
[INFO] 
[INFO] --- tycho-compiler:4.0.3:validate-classpath (default-validate-classpath) @ tools.vitruv.applications.pcmumlclass ---
[INFO] Resolving class path of [bundle] Vitruv PCM-UML Class Application
[INFO] 
[INFO] --- clean:3.2.0:clean (src-gen-clean) @ tools.vitruv.applications.pcmumlclass ---
[INFO] Deleting /home/homeone/git/vitruv/Vitruv-CaseStudies/bundles/tools.vitruv.applications.pcmumlclass/src-gen (includes = [], excludes = [])
[INFO] 
[INFO] --- xtext:2.30.0:generate (default) @ tools.vitruv.applications.pcmumlclass ---
[INFO] Encoding: UTF-8
[INFO] Compiler source level: 11
[INFO] Compiler target level: 11
[INFO] Collecting source models.
[INFO] Installing type provider.
[INFO] Generating stubs into /home/homeone/git/vitruv/Vitruv-CaseStudies/bundles/tools.vitruv.applications.pcmumlclass/target/xtext-temp/stubs for 33 resources
[INFO] Compiling stubs located in /home/homeone/git/vitruv/Vitruv-CaseStudies/bundles/tools.vitruv.applications.pcmumlclass/target/xtext-temp/stubs
[INFO] Installing type provider for stubs.
[INFO] Validate and generate.
[INFO] Validating: 'PcmCollectionDataType.reactions'
[INFO] Validating: 'PcmSignature.reactions'
[INFO] Validating: 'UmlInnerDeclarationProperty.reactions'
[INFO] Validating: 'PcmCompositeDataType.reactions'
[INFO] Validating: 'PcmParameter.reactions'
[INFO] Validating: 'PcmInnerDeclaration.reactions'
[INFO] Validating: 'UmlProvidedRoleRealization.reactions'
[INFO] Validating: 'PcmSystem.reactions'
[INFO] Validating: 'PcmUmlClassHelper.xtend'
[INFO] Validating: 'UmlRequiredRoleParameter.reactions'
[INFO] Validating: 'UmlInterface.reactions'
[INFO] Validating: 'PcmInterface.reactions'
[INFO] Validating: 'UmlInterfaceGeneralization.reactions'
[INFO] Validating: 'CombinedPcmToUmlClass.reactions'
[INFO] Validating: 'UmlRepositoryComponentPackage.reactions'
[INFO] Validating: 'UmlReturnAndRegularParameterType.reactions'
[INFO] Validating: 'PcmDataTypePropagation.reactions'
[INFO] Validating: 'UmlRegularParameter.reactions'
[INFO] Validating: 'UmlCompositeDataTypeClass.reactions'
[INFO] Validating: 'UmlSignatureOperation.reactions'
[INFO] Validating: 'SharedRoutines.reactions'
[INFO] Validating: 'CombinedUmlClassToPcm.reactions'
[INFO] Validating: 'PcmRepository.reactions'
[INFO] Validating: 'PcmProvidedRole.reactions'
[INFO] Validating: 'PcmRequiredRole.reactions'
[INFO] Validating: 'UmlIPREConstructorOperation.reactions'
[INFO] Validating: 'UmlIPREClass.reactions'
[INFO] Validating: 'UmlRepositoryAndSystemPackage.reactions'
[INFO] Validating: 'UmlRequiredRoleProperty.reactions'
[INFO] Validating: 'UmlCompositeDataTypeGeneralization.reactions'
[INFO] Validating: 'PcmAssemblyContext.reactions'
[INFO] Validating: 'PcmRepositoryComponent.reactions'
[INFO] Validating: 'UmlAssemblyContextProperty.reactions'
[INFO] Starting generator for input: 'PcmCollectionDataType.reactions'
[INFO] Starting generator for input: 'PcmSignature.reactions'
[INFO] Starting generator for input: 'UmlInnerDeclarationProperty.reactions'
[INFO] Starting generator for input: 'PcmCompositeDataType.reactions'
[INFO] Starting generator for input: 'PcmParameter.reactions'
[INFO] Starting generator for input: 'PcmInnerDeclaration.reactions'
[INFO] Starting generator for input: 'UmlProvidedRoleRealization.reactions'
[INFO] Starting generator for input: 'PcmSystem.reactions'
[INFO] Starting generator for input: 'PcmUmlClassHelper.xtend'
[INFO] Starting generator for input: 'UmlRequiredRoleParameter.reactions'
[INFO] Starting generator for input: 'UmlInterface.reactions'
[INFO] Starting generator for input: 'PcmInterface.reactions'
[INFO] Starting generator for input: 'UmlInterfaceGeneralization.reactions'
[INFO] Starting generator for input: 'CombinedPcmToUmlClass.reactions'
[INFO] Starting generator for input: 'UmlRepositoryComponentPackage.reactions'
[INFO] Starting generator for input: 'UmlReturnAndRegularParameterType.reactions'
[INFO] Starting generator for input: 'PcmDataTypePropagation.reactions'
[INFO] Starting generator for input: 'UmlRegularParameter.reactions'
[INFO] Starting generator for input: 'UmlCompositeDataTypeClass.reactions'
[INFO] Starting generator for input: 'UmlSignatureOperation.reactions'
[INFO] Starting generator for input: 'SharedRoutines.reactions'
[INFO] Starting generator for input: 'CombinedUmlClassToPcm.reactions'
[INFO] Starting generator for input: 'PcmRepository.reactions'
[INFO] Starting generator for input: 'PcmProvidedRole.reactions'
[INFO] Starting generator for input: 'PcmRequiredRole.reactions'
[INFO] Starting generator for input: 'UmlIPREConstructorOperation.reactions'
[INFO] Starting generator for input: 'UmlIPREClass.reactions'
[INFO] Starting generator for input: 'UmlRepositoryAndSystemPackage.reactions'
[INFO] Starting generator for input: 'UmlRequiredRoleProperty.reactions'
[INFO] Starting generator for input: 'UmlCompositeDataTypeGeneralization.reactions'
[INFO] Starting generator for input: 'PcmAssemblyContext.reactions'
[INFO] Starting generator for input: 'PcmRepositoryComponent.reactions'
[INFO] Starting generator for input: 'UmlAssemblyContextProperty.reactions'
[INFO] Build took 21605ms.
[INFO] 
[INFO] --- resources:2.4.3:resources (default-resources) @ tools.vitruv.applications.pcmumlclass ---
[INFO] Using 'UTF-8' encoding to copy filtered resources.
[INFO] skip non existing resourceDirectory /home/homeone/git/vitruv/Vitruv-CaseStudies/bundles/tools.vitruv.applications.pcmumlclass/src/main/resources
[INFO] 
[INFO] --- tycho-compiler:4.0.3:compile (default-compile) @ tools.vitruv.applications.pcmumlclass ---
[INFO] Compiling 474 source files to /home/homeone/git/vitruv/Vitruv-CaseStudies/bundles/tools.vitruv.applications.pcmumlclass/target/classes using Eclipse Compiler for Java(TM) 3.35.0.v20230814-2020
[INFO] 
[INFO] --- tycho-bnd:4.0.3:process (default-process) @ tools.vitruv.applications.pcmumlclass ---
[INFO] 
[INFO] --- tycho-ds:4.0.3:declarative-services (default-declarative-services) @ tools.vitruv.applications.pcmumlclass ---
[INFO] 
[INFO] --- resources:2.4.3:testResources (default-testResources) @ tools.vitruv.applications.pcmumlclass ---
[INFO] Using 'UTF-8' encoding to copy filtered resources.
[INFO] skip non existing resourceDirectory /home/homeone/git/vitruv/Vitruv-CaseStudies/bundles/tools.vitruv.applications.pcmumlclass/src/test/resources
[INFO] 
[INFO] --- tycho-compiler:4.0.3:testCompile (default-testCompile) @ tools.vitruv.applications.pcmumlclass ---
[INFO] 
[INFO] --- surefire:3.0.0:test (test) @ tools.vitruv.applications.pcmumlclass ---
[INFO] 
[INFO] --- tycho-packaging:4.0.3:update-consumer-pom (default-update-consumer-pom) @ tools.vitruv.applications.pcmumlclass ---
[WARNING] 0 system scoped dependencies were mapped to maven artifacts, 165 were skipped
[INFO] 
[INFO] --- tycho-source:4.0.3:plugin-source (plugin-source) @ tools.vitruv.applications.pcmumlclass ---
[INFO] Building jar: /home/homeone/git/vitruv/Vitruv-CaseStudies/bundles/tools.vitruv.applications.pcmumlclass/target/tools.vitruv.applications.pcmumlclass-3.0.1-SNAPSHOT-sources.jar
[INFO] 
[INFO] --- tycho-packaging:4.0.3:package-plugin (default-package-plugin) @ tools.vitruv.applications.pcmumlclass ---
[INFO] Building jar: /home/homeone/git/vitruv/Vitruv-CaseStudies/bundles/tools.vitruv.applications.pcmumlclass/target/tools.vitruv.applications.pcmumlclass-3.0.1-SNAPSHOT.jar
[INFO] 
[INFO] --- tycho-p2:4.0.3:p2-metadata-default (default-p2-metadata-default) @ tools.vitruv.applications.pcmumlclass ---
[INFO] 
[INFO] --- tycho-source:4.0.3:feature-source (feature-source) @ tools.vitruv.applications.pcmumlclass ---
[INFO] 
[INFO] --- tycho-p2:4.0.3:p2-metadata (attach-p2-metadata) @ tools.vitruv.applications.pcmumlclass ---
[WARNING] artifact tools.vitruv:tools.vitruv.applications.pcmumlclass:xml:p2metadata:3.0.1-SNAPSHOT already attached, replace previous instance
[WARNING] artifact tools.vitruv:tools.vitruv.applications.pcmumlclass:xml:p2artifacts:3.0.1-SNAPSHOT already attached, replace previous instance
[INFO] 
[INFO] ---------< tools.vitruv:tools.vitruv.applications.testutility >---------
[INFO] Building [bundle] Vitruv Test Utils 0.3.0-SNAPSHOT               [10/32]
[INFO]   from bundles/tools.vitruv.applications.testutility/.polyglot.META-INF
[INFO] ---------------------------[ eclipse-plugin ]---------------------------
[INFO] Resolving dependencies of MavenProject: tools.vitruv:tools.vitruv.applications.testutility:0.3.0-SNAPSHOT @ /home/homeone/git/vitruv/Vitruv-CaseStudies/bundles/tools.vitruv.applications.testutility/.polyglot.META-INF
[WARNING] Problems resolving provisioning plan.: [Unable to satisfy dependency from org.eclipse.swt 3.121.0.v20220829-1402 to org.eclipse.equinox.p2.iu; org.eclipse.swt.cocoa.macosx.aarch64 [3.121.0.v20220829-1402,3.121.0.v20220829-1402].]
[INFO] 
[INFO] --- tycho-packaging:4.0.3:build-qualifier (default-build-qualifier) @ tools.vitruv.applications.testutility ---
[INFO] The project's OSGi version is 0.3.0.202408261232
[INFO] 
[INFO] --- tycho-packaging:4.0.3:validate-id (default-validate-id) @ tools.vitruv.applications.testutility ---
[INFO] 
[INFO] --- tycho-packaging:4.0.3:validate-version (default-validate-version) @ tools.vitruv.applications.testutility ---
[INFO] 
[INFO] --- target-platform-configuration:4.0.3:target-platform (default-target-platform) @ tools.vitruv.applications.testutility ---
[INFO] 
[INFO] --- tycho-compiler:4.0.3:validate-classpath (default-validate-classpath) @ tools.vitruv.applications.testutility ---
[INFO] Resolving class path of [bundle] Vitruv Test Utils
[INFO] 
[INFO] --- xtend:2.30.0:compile (default) @ tools.vitruv.applications.testutility ---
[INFO] 
[INFO] --- resources:2.4.3:resources (default-resources) @ tools.vitruv.applications.testutility ---
[INFO] Using 'UTF-8' encoding to copy filtered resources.
[INFO] skip non existing resourceDirectory /home/homeone/git/vitruv/Vitruv-CaseStudies/bundles/tools.vitruv.applications.testutility/src/main/resources
[INFO] 
[INFO] --- tycho-compiler:4.0.3:compile (default-compile) @ tools.vitruv.applications.testutility ---
[INFO] Compiling 1 source file to /home/homeone/git/vitruv/Vitruv-CaseStudies/bundles/tools.vitruv.applications.testutility/target/classes using Eclipse Compiler for Java(TM) 3.35.0.v20230814-2020
[INFO] 
[INFO] --- tycho-bnd:4.0.3:process (default-process) @ tools.vitruv.applications.testutility ---
[INFO] 
[INFO] --- tycho-ds:4.0.3:declarative-services (default-declarative-services) @ tools.vitruv.applications.testutility ---
[INFO] 
[INFO] --- resources:2.4.3:testResources (default-testResources) @ tools.vitruv.applications.testutility ---
[INFO] Using 'UTF-8' encoding to copy filtered resources.
[INFO] skip non existing resourceDirectory /home/homeone/git/vitruv/Vitruv-CaseStudies/bundles/tools.vitruv.applications.testutility/src/test/resources
[INFO] 
[INFO] --- tycho-compiler:4.0.3:testCompile (default-testCompile) @ tools.vitruv.applications.testutility ---
[INFO] 
[INFO] --- surefire:3.0.0:test (test) @ tools.vitruv.applications.testutility ---
[INFO] 
[INFO] --- tycho-packaging:4.0.3:update-consumer-pom (default-update-consumer-pom) @ tools.vitruv.applications.testutility ---
[WARNING] 0 system scoped dependencies were mapped to maven artifacts, 208 were skipped
[INFO] 
[INFO] --- tycho-source:4.0.3:plugin-source (plugin-source) @ tools.vitruv.applications.testutility ---
[INFO] Building jar: /home/homeone/git/vitruv/Vitruv-CaseStudies/bundles/tools.vitruv.applications.testutility/target/tools.vitruv.applications.testutility-0.3.0-SNAPSHOT-sources.jar
[INFO] 
[INFO] --- tycho-packaging:4.0.3:package-plugin (default-package-plugin) @ tools.vitruv.applications.testutility ---
[INFO] Building jar: /home/homeone/git/vitruv/Vitruv-CaseStudies/bundles/tools.vitruv.applications.testutility/target/tools.vitruv.applications.testutility-0.3.0-SNAPSHOT.jar
[INFO] 
[INFO] --- tycho-p2:4.0.3:p2-metadata-default (default-p2-metadata-default) @ tools.vitruv.applications.testutility ---
[INFO] 
[INFO] --- tycho-source:4.0.3:feature-source (feature-source) @ tools.vitruv.applications.testutility ---
[INFO] 
[INFO] --- tycho-p2:4.0.3:p2-metadata (attach-p2-metadata) @ tools.vitruv.applications.testutility ---
[WARNING] artifact tools.vitruv:tools.vitruv.applications.testutility:xml:p2metadata:0.3.0-SNAPSHOT already attached, replace previous instance
[WARNING] artifact tools.vitruv:tools.vitruv.applications.testutility:xml:p2artifacts:0.3.0-SNAPSHOT already attached, replace previous instance
[INFO] 
[INFO] -----------< tools.vitruv:tools.vitruv.applications.umljava >-----------
[INFO] Building [bundle] Vitruv UML-Java Application 3.0.1-SNAPSHOT     [11/32]
[INFO]   from bundles/tools.vitruv.applications.umljava/.polyglot.META-INF
[INFO] ---------------------------[ eclipse-plugin ]---------------------------
[INFO] Resolving dependencies of MavenProject: tools.vitruv:tools.vitruv.applications.umljava:3.0.1-SNAPSHOT @ /home/homeone/git/vitruv/Vitruv-CaseStudies/bundles/tools.vitruv.applications.umljava/.polyglot.META-INF
[WARNING] Problems resolving provisioning plan.: [Unable to satisfy dependency from org.eclipse.swt 3.121.0.v20220829-1402 to org.eclipse.equinox.p2.iu; org.eclipse.swt.cocoa.macosx.aarch64 [3.121.0.v20220829-1402,3.121.0.v20220829-1402].]
[INFO] 
[INFO] --- tycho-packaging:4.0.3:build-qualifier (default-build-qualifier) @ tools.vitruv.applications.umljava ---
[INFO] The project's OSGi version is 3.0.1.202408261232
[INFO] 
[INFO] --- tycho-packaging:4.0.3:validate-id (default-validate-id) @ tools.vitruv.applications.umljava ---
[INFO] 
[INFO] --- tycho-packaging:4.0.3:validate-version (default-validate-version) @ tools.vitruv.applications.umljava ---
[INFO] 
[INFO] --- target-platform-configuration:4.0.3:target-platform (default-target-platform) @ tools.vitruv.applications.umljava ---
[INFO] 
[INFO] --- tycho-compiler:4.0.3:validate-classpath (default-validate-classpath) @ tools.vitruv.applications.umljava ---
[INFO] Resolving class path of [bundle] Vitruv UML-Java Application
[INFO] 
[INFO] --- clean:3.2.0:clean (src-gen-clean) @ tools.vitruv.applications.umljava ---
[INFO] Deleting /home/homeone/git/vitruv/Vitruv-CaseStudies/bundles/tools.vitruv.applications.umljava/src-gen (includes = [], excludes = [])
[INFO] 
[INFO] --- xtext:2.30.0:generate (default) @ tools.vitruv.applications.umljava ---
[INFO] Encoding: UTF-8
[INFO] Compiler source level: 11
[INFO] Compiler target level: 11
[INFO] Collecting source models.
[INFO] Installing type provider.
[INFO] Generating stubs into /home/homeone/git/vitruv/Vitruv-CaseStudies/bundles/tools.vitruv.applications.umljava/target/xtext-temp/stubs for 14 resources
[INFO] Compiling stubs located in /home/homeone/git/vitruv/Vitruv-CaseStudies/bundles/tools.vitruv.applications.umljava/target/xtext-temp/stubs
[INFO] Installing type provider for stubs.
[INFO] Validate and generate.
[INFO] Validating: 'UmlToJavaMethod.reactions'
[INFO] Validating: 'JavaToUmlMethod.reactions'
[INFO] Validating: 'JavaToUmlTypePropagation.reactions'
[INFO] Validating: 'JavaToUmlChangePropagationSpecification.xtend'
[INFO] Validating: 'JavaToUml.reactions'
[INFO] Validating: 'UmlToJavaTypePropagation.reactions'
[INFO] Validating: 'UmlToJava.reactions'
[INFO] Validating: 'UmlJavaTypePropagationHelper.xtend'
[INFO] Validating: 'JavaToUmlAttribute.reactions'
[INFO] Validating: 'JavaToUmlClassifier.reactions'
[INFO] Validating: 'UmlToJavaChangePropagationSpecification.xtend'
[INFO] Validating: 'CommonUtil.xtend'
[INFO] Validating: 'UmlToJavaAttribute.reactions'
[INFO] Validating: 'UmlToJavaClassifier.reactions'
[INFO] Starting generator for input: 'UmlToJavaMethod.reactions'
[INFO] Starting generator for input: 'JavaToUmlMethod.reactions'
[INFO] Starting generator for input: 'JavaToUmlTypePropagation.reactions'
[INFO] Starting generator for input: 'JavaToUmlChangePropagationSpecification.xtend'
[INFO] Starting generator for input: 'JavaToUml.reactions'
[INFO] Starting generator for input: 'UmlToJavaTypePropagation.reactions'
[INFO] Starting generator for input: 'UmlToJava.reactions'
[INFO] Starting generator for input: 'UmlJavaTypePropagationHelper.xtend'
[INFO] Starting generator for input: 'JavaToUmlAttribute.reactions'
[INFO] Starting generator for input: 'JavaToUmlClassifier.reactions'
[INFO] Starting generator for input: 'UmlToJavaChangePropagationSpecification.xtend'
[INFO] Starting generator for input: 'CommonUtil.xtend'
[INFO] Starting generator for input: 'UmlToJavaAttribute.reactions'
[INFO] Starting generator for input: 'UmlToJavaClassifier.reactions'
[INFO] Build took 20576ms.
[INFO] 
[INFO] --- resources:2.4.3:resources (default-resources) @ tools.vitruv.applications.umljava ---
[INFO] Using 'UTF-8' encoding to copy filtered resources.
[INFO] skip non existing resourceDirectory /home/homeone/git/vitruv/Vitruv-CaseStudies/bundles/tools.vitruv.applications.umljava/src/main/resources
[INFO] 
[INFO] --- tycho-compiler:4.0.3:compile (default-compile) @ tools.vitruv.applications.umljava ---
[INFO] Compiling 294 source files to /home/homeone/git/vitruv/Vitruv-CaseStudies/bundles/tools.vitruv.applications.umljava/target/classes using Eclipse Compiler for Java(TM) 3.35.0.v20230814-2020
[INFO] 
[INFO] --- tycho-bnd:4.0.3:process (default-process) @ tools.vitruv.applications.umljava ---
[INFO] 
[INFO] --- tycho-ds:4.0.3:declarative-services (default-declarative-services) @ tools.vitruv.applications.umljava ---
[INFO] 
[INFO] --- resources:2.4.3:testResources (default-testResources) @ tools.vitruv.applications.umljava ---
[INFO] Using 'UTF-8' encoding to copy filtered resources.
[INFO] skip non existing resourceDirectory /home/homeone/git/vitruv/Vitruv-CaseStudies/bundles/tools.vitruv.applications.umljava/src/test/resources
[INFO] 
[INFO] --- tycho-compiler:4.0.3:testCompile (default-testCompile) @ tools.vitruv.applications.umljava ---
[INFO] 
[INFO] --- surefire:3.0.0:test (test) @ tools.vitruv.applications.umljava ---
[INFO] 
[INFO] --- tycho-packaging:4.0.3:update-consumer-pom (default-update-consumer-pom) @ tools.vitruv.applications.umljava ---
[WARNING] 0 system scoped dependencies were mapped to maven artifacts, 165 were skipped
[INFO] 
[INFO] --- tycho-source:4.0.3:plugin-source (plugin-source) @ tools.vitruv.applications.umljava ---
[INFO] Building jar: /home/homeone/git/vitruv/Vitruv-CaseStudies/bundles/tools.vitruv.applications.umljava/target/tools.vitruv.applications.umljava-3.0.1-SNAPSHOT-sources.jar
[INFO] 
[INFO] --- tycho-packaging:4.0.3:package-plugin (default-package-plugin) @ tools.vitruv.applications.umljava ---
[INFO] Building jar: /home/homeone/git/vitruv/Vitruv-CaseStudies/bundles/tools.vitruv.applications.umljava/target/tools.vitruv.applications.umljava-3.0.1-SNAPSHOT.jar
[INFO] 
[INFO] --- tycho-p2:4.0.3:p2-metadata-default (default-p2-metadata-default) @ tools.vitruv.applications.umljava ---
[INFO] 
[INFO] --- tycho-source:4.0.3:feature-source (feature-source) @ tools.vitruv.applications.umljava ---
[INFO] 
[INFO] --- tycho-p2:4.0.3:p2-metadata (attach-p2-metadata) @ tools.vitruv.applications.umljava ---
[WARNING] artifact tools.vitruv:tools.vitruv.applications.umljava:xml:p2metadata:3.0.1-SNAPSHOT already attached, replace previous instance
[WARNING] artifact tools.vitruv:tools.vitruv.applications.umljava:xml:p2artifacts:3.0.1-SNAPSHOT already attached, replace previous instance
[INFO] 
[INFO] -------------------------< tools.vitruv:tests >-------------------------
[INFO] Building [aggregator] tests 3.0.1-SNAPSHOT                       [12/32]
[INFO]   from tests/.polyglot.pom.tycho
[INFO] --------------------------------[ pom ]---------------------------------
[INFO] 
[INFO] --- xtend:2.30.0:compile (default) @ tests ---
[INFO] skip compiling sources because the configured directory '[/home/homeone/git/vitruv/Vitruv-CaseStudies/tests/src/main/java]' does not exist.
[INFO] 
[INFO] --- surefire:3.0.0:test (test) @ tests ---
[INFO] No tests to run.
[INFO] 
[INFO] --- tycho-source:4.0.3:plugin-source (plugin-source) @ tests ---
[INFO] 
[INFO] --- tycho-source:4.0.3:feature-source (feature-source) @ tests ---
[INFO] 
[INFO] --- tycho-p2:4.0.3:p2-metadata (attach-p2-metadata) @ tests ---
[INFO] 
[INFO] ----< tools.vitruv:tools.vitruv.applications.simulinkautosar.tests >----
[INFO] Building [test-bundle] SimuLink Autosar Tests 3.0.1-SNAPSHOT     [13/32]
[INFO]   from tests/tools.vitruv.applications.SimuLinkAutoSAR.tests/.polyglot.META-INF
[INFO] ------------------------[ eclipse-test-plugin ]-------------------------
[INFO] Resolving dependencies of MavenProject: tools.vitruv:tools.vitruv.applications.simulinkautosar.tests:3.0.1-SNAPSHOT @ /home/homeone/git/vitruv/Vitruv-CaseStudies/tests/tools.vitruv.applications.SimuLinkAutoSAR.tests/.polyglot.META-INF
[WARNING] Problems resolving provisioning plan.: [Unable to satisfy dependency from org.eclipse.swt 3.121.0.v20220829-1402 to org.eclipse.equinox.p2.iu; org.eclipse.swt.cocoa.macosx.aarch64 [3.121.0.v20220829-1402,3.121.0.v20220829-1402].]
[INFO] 
[INFO] --- tycho-packaging:4.0.3:build-qualifier (default-build-qualifier) @ tools.vitruv.applications.simulinkautosar.tests ---
[INFO] The project's OSGi version is 3.0.1.202408261232
[INFO] 
[INFO] --- tycho-packaging:4.0.3:validate-id (default-validate-id) @ tools.vitruv.applications.simulinkautosar.tests ---
[INFO] 
[INFO] --- tycho-packaging:4.0.3:validate-version (default-validate-version) @ tools.vitruv.applications.simulinkautosar.tests ---
[INFO] 
[INFO] --- target-platform-configuration:4.0.3:target-platform (default-target-platform) @ tools.vitruv.applications.simulinkautosar.tests ---
[INFO] 
[INFO] --- tycho-compiler:4.0.3:validate-classpath (default-validate-classpath) @ tools.vitruv.applications.simulinkautosar.tests ---
[INFO] Resolving class path of [test-bundle] SimuLink Autosar Tests
[INFO] 
[INFO] --- xtend:2.30.0:compile (default) @ tools.vitruv.applications.simulinkautosar.tests ---
[WARNING] 
WARNING: 	AutoSARtoSimuLinkPortTest.xtend - /home/homeone/git/vitruv/Vitruv-CaseStudies/tests/tools.vitruv.applications.SimuLinkAutoSAR.tests/src/tools/vitruv/applications/SimuLinkAutoSAR/tests/autosar2simulink/AutoSARtoSimuLinkPortTest.xtend
59: Unnecessary cast from CompositeSwComponent to CompositeSwComponent
[WARNING] 
WARNING: 	AutoSARtoSimuLinkPortTest.xtend - /home/homeone/git/vitruv/Vitruv-CaseStudies/tests/tools.vitruv.applications.SimuLinkAutoSAR.tests/src/tools/vitruv/applications/SimuLinkAutoSAR/tests/autosar2simulink/AutoSARtoSimuLinkPortTest.xtend
73: Unnecessary cast from CompositeSwComponent to CompositeSwComponent
[WARNING] 
WARNING: 	AutoSARtoSimuLinkPortTest.xtend - /home/homeone/git/vitruv/Vitruv-CaseStudies/tests/tools.vitruv.applications.SimuLinkAutoSAR.tests/src/tools/vitruv/applications/SimuLinkAutoSAR/tests/autosar2simulink/AutoSARtoSimuLinkPortTest.xtend
146: Unnecessary cast from CompositeSwComponent to CompositeSwComponent
[INFO] 
[INFO] --- resources:2.4.3:resources (default-resources) @ tools.vitruv.applications.simulinkautosar.tests ---
[INFO] Using 'UTF-8' encoding to copy filtered resources.
[INFO] skip non existing resourceDirectory /home/homeone/git/vitruv/Vitruv-CaseStudies/tests/tools.vitruv.applications.SimuLinkAutoSAR.tests/src/main/resources
[INFO] 
[INFO] --- tycho-compiler:4.0.3:compile (default-compile) @ tools.vitruv.applications.simulinkautosar.tests ---
[INFO] Compiling 11 source files to /home/homeone/git/vitruv/Vitruv-CaseStudies/tests/tools.vitruv.applications.SimuLinkAutoSAR.tests/target/classes using Eclipse Compiler for Java(TM) 3.35.0.v20230814-2020
[INFO] 
[INFO] --- tycho-ds:4.0.3:declarative-services (default-declarative-services) @ tools.vitruv.applications.simulinkautosar.tests ---
[INFO] 
[INFO] --- resources:2.4.3:testResources (default-testResources) @ tools.vitruv.applications.simulinkautosar.tests ---
[INFO] Using 'UTF-8' encoding to copy filtered resources.
[INFO] skip non existing resourceDirectory /home/homeone/git/vitruv/Vitruv-CaseStudies/tests/tools.vitruv.applications.SimuLinkAutoSAR.tests/src/test/resources
[INFO] 
[INFO] --- surefire:3.0.0:test (test) @ tools.vitruv.applications.simulinkautosar.tests ---
[INFO] Using auto detected provider org.apache.maven.surefire.junitplatform.JUnitPlatformProvider
[INFO] 
[INFO] -------------------------------------------------------
[INFO]  T E S T S
[INFO] -------------------------------------------------------
[INFO] Running tools.vitruv.applications.simulinkautosar.tests.simulink2autosar.SimuLinkToAutoSARBlockTest
[INFO] Tests run: 5, Failures: 0, Errors: 0, Skipped: 0, Time elapsed: 1.83 s - in tools.vitruv.applications.simulinkautosar.tests.simulink2autosar.SimuLinkToAutoSARBlockTest
[INFO] Running tools.vitruv.applications.simulinkautosar.tests.simulink2autosar.SimuLinkToAutoSARPortTest
[INFO] Tests run: 8, Failures: 0, Errors: 0, Skipped: 0, Time elapsed: 0.354 s - in tools.vitruv.applications.simulinkautosar.tests.simulink2autosar.SimuLinkToAutoSARPortTest
[INFO] Running tools.vitruv.applications.simulinkautosar.tests.autosar2simulink.AutoSARtoSimuLinkPortTest
[INFO] Tests run: 7, Failures: 0, Errors: 0, Skipped: 0, Time elapsed: 0.253 s - in tools.vitruv.applications.simulinkautosar.tests.autosar2simulink.AutoSARtoSimuLinkPortTest
[INFO] Running tools.vitruv.applications.simulinkautosar.tests.autosar2simulink.AutoSARtoSimuLinkSwComponentTest
[INFO] Tests run: 5, Failures: 0, Errors: 0, Skipped: 0, Time elapsed: 0.118 s - in tools.vitruv.applications.simulinkautosar.tests.autosar2simulink.AutoSARtoSimuLinkSwComponentTest
[INFO] 
[INFO] Results:
[INFO] 
[INFO] Tests run: 25, Failures: 0, Errors: 0, Skipped: 0
[INFO] 
[INFO] 
[INFO] --- tycho-packaging:4.0.3:update-consumer-pom (default-update-consumer-pom) @ tools.vitruv.applications.simulinkautosar.tests ---
[WARNING] 0 system scoped dependencies were mapped to maven artifacts, 215 were skipped
[INFO] 
[INFO] --- tycho-source:4.0.3:plugin-source (plugin-source) @ tools.vitruv.applications.simulinkautosar.tests ---
[INFO] Building jar: /home/homeone/git/vitruv/Vitruv-CaseStudies/tests/tools.vitruv.applications.SimuLinkAutoSAR.tests/target/tools.vitruv.applications.simulinkautosar.tests-3.0.1-SNAPSHOT-sources.jar
[INFO] 
[INFO] --- tycho-packaging:4.0.3:package-plugin (default-package-plugin) @ tools.vitruv.applications.simulinkautosar.tests ---
[INFO] Building jar: /home/homeone/git/vitruv/Vitruv-CaseStudies/tests/tools.vitruv.applications.SimuLinkAutoSAR.tests/target/tools.vitruv.applications.simulinkautosar.tests-3.0.1-SNAPSHOT.jar
[INFO] 
[INFO] --- tycho-p2:4.0.3:p2-metadata-default (default-p2-metadata-default) @ tools.vitruv.applications.simulinkautosar.tests ---
[INFO] 
[INFO] --- tycho-source:4.0.3:feature-source (feature-source) @ tools.vitruv.applications.simulinkautosar.tests ---
[INFO] 
[INFO] --- tycho-p2:4.0.3:p2-metadata (attach-p2-metadata) @ tools.vitruv.applications.simulinkautosar.tests ---
[WARNING] artifact tools.vitruv:tools.vitruv.applications.simulinkautosar.tests:xml:p2metadata:3.0.1-SNAPSHOT already attached, replace previous instance
[WARNING] artifact tools.vitruv:tools.vitruv.applications.simulinkautosar.tests:xml:p2artifacts:3.0.1-SNAPSHOT already attached, replace previous instance
[INFO] 
[INFO] ---< tools.vitruv:tools.vitruv.applications.cbs.commonalities.tests >---
[INFO] Building [test-bundle] Vitruvius CBS Commonalities Tests 3.0.1-SNAPSHOT [14/32]
[INFO]   from tests/tools.vitruv.applications.cbs.commonalities.tests/.polyglot.META-INF
[INFO] ------------------------[ eclipse-test-plugin ]-------------------------
[INFO] Resolving dependencies of MavenProject: tools.vitruv:tools.vitruv.applications.cbs.commonalities.tests:3.0.1-SNAPSHOT @ /home/homeone/git/vitruv/Vitruv-CaseStudies/tests/tools.vitruv.applications.cbs.commonalities.tests/.polyglot.META-INF
[WARNING] Problems resolving provisioning plan.: [Unable to satisfy dependency from org.eclipse.swt 3.121.0.v20220829-1402 to org.eclipse.equinox.p2.iu; org.eclipse.swt.cocoa.macosx.aarch64 [3.121.0.v20220829-1402,3.121.0.v20220829-1402].]
[INFO] 
[INFO] --- tycho-packaging:4.0.3:build-qualifier (default-build-qualifier) @ tools.vitruv.applications.cbs.commonalities.tests ---
[INFO] The project's OSGi version is 3.0.1.202408261232
[INFO] 
[INFO] --- tycho-packaging:4.0.3:validate-id (default-validate-id) @ tools.vitruv.applications.cbs.commonalities.tests ---
[INFO] 
[INFO] --- tycho-packaging:4.0.3:validate-version (default-validate-version) @ tools.vitruv.applications.cbs.commonalities.tests ---
[INFO] 
[INFO] --- target-platform-configuration:4.0.3:target-platform (default-target-platform) @ tools.vitruv.applications.cbs.commonalities.tests ---
[INFO] 
[INFO] --- tycho-compiler:4.0.3:validate-classpath (default-validate-classpath) @ tools.vitruv.applications.cbs.commonalities.tests ---
[INFO] Resolving class path of [test-bundle] Vitruvius CBS Commonalities Tests
[INFO] 
[INFO] --- xtend:2.30.0:compile (default) @ tools.vitruv.applications.cbs.commonalities.tests ---
[WARNING] 
WARNING: 	CBSCommonalitiesExecutionTest.xtend - /home/homeone/git/vitruv/Vitruv-CaseStudies/tests/tools.vitruv.applications.cbs.commonalities.tests/src/tools/vitruv/applications/cbs/commonalities/tests/CBSCommonalitiesExecutionTest.xtend
29: The enum literal ChangePropagationMode.TRANSITIVE_EXCEPT_LEAVES is deprecated
[INFO] 
[INFO] --- resources:2.4.3:resources (default-resources) @ tools.vitruv.applications.cbs.commonalities.tests ---
[INFO] Using 'UTF-8' encoding to copy filtered resources.
[INFO] skip non existing resourceDirectory /home/homeone/git/vitruv/Vitruv-CaseStudies/tests/tools.vitruv.applications.cbs.commonalities.tests/src/main/resources
[INFO] 
[INFO] --- tycho-compiler:4.0.3:compile (default-compile) @ tools.vitruv.applications.cbs.commonalities.tests ---
[INFO] Compiling 94 source files to /home/homeone/git/vitruv/Vitruv-CaseStudies/tests/tools.vitruv.applications.cbs.commonalities.tests/target/classes using Eclipse Compiler for Java(TM) 3.35.0.v20230814-2020
[INFO] 
[INFO] --- tycho-ds:4.0.3:declarative-services (default-declarative-services) @ tools.vitruv.applications.cbs.commonalities.tests ---
[INFO] 
[INFO] --- resources:2.4.3:testResources (default-testResources) @ tools.vitruv.applications.cbs.commonalities.tests ---
[INFO] Using 'UTF-8' encoding to copy filtered resources.
[INFO] skip non existing resourceDirectory /home/homeone/git/vitruv/Vitruv-CaseStudies/tests/tools.vitruv.applications.cbs.commonalities.tests/src/test/resources
[INFO] 
[INFO] --- surefire:3.0.0:test (test) @ tools.vitruv.applications.cbs.commonalities.tests ---
[INFO] Using auto detected provider org.apache.maven.surefire.junitplatform.JUnitPlatformProvider
[INFO] 
[INFO] -------------------------------------------------------
[INFO]  T E S T S
[INFO] -------------------------------------------------------
[INFO] Running tools.vitruv.applications.cbs.commonalities.tests.cbs.OperationTest
[INFO] Tests run: 48, Failures: 0, Errors: 0, Skipped: 0, Time elapsed: 16.584 s - in tools.vitruv.applications.cbs.commonalities.tests.cbs.OperationTest
[INFO] Running tools.vitruv.applications.cbs.commonalities.tests.cbs.ProvidedRoleTest
[INFO] Tests run: 8, Failures: 0, Errors: 0, Skipped: 0, Time elapsed: 1.083 s - in tools.vitruv.applications.cbs.commonalities.tests.cbs.ProvidedRoleTest
[INFO] Running tools.vitruv.applications.cbs.commonalities.tests.cbs.ComponentInterfaceTest
[INFO] Tests run: 6, Failures: 0, Errors: 0, Skipped: 0, Time elapsed: 0.473 s - in tools.vitruv.applications.cbs.commonalities.tests.cbs.ComponentInterfaceTest
[INFO] Running tools.vitruv.applications.cbs.commonalities.tests.cbs.MediaStoreTest
[INFO] Tests run: 5, Failures: 0, Errors: 0, Skipped: 0, Time elapsed: 5.529 s - in tools.vitruv.applications.cbs.commonalities.tests.cbs.MediaStoreTest
[INFO] Running tools.vitruv.applications.cbs.commonalities.tests.cbs.RepositoryTest
[INFO] Tests run: 6, Failures: 0, Errors: 0, Skipped: 0, Time elapsed: 0.32 s - in tools.vitruv.applications.cbs.commonalities.tests.cbs.RepositoryTest
[INFO] Running tools.vitruv.applications.cbs.commonalities.tests.cbs.CompositeDataTypeTest
[INFO] Tests run: 48, Failures: 0, Errors: 0, Skipped: 0, Time elapsed: 5.131 s - in tools.vitruv.applications.cbs.commonalities.tests.cbs.CompositeDataTypeTest
[INFO] Running tools.vitruv.applications.cbs.commonalities.tests.cbs.BasicComponentTest
[INFO] Tests run: 6, Failures: 0, Errors: 0, Skipped: 0, Time elapsed: 0.386 s - in tools.vitruv.applications.cbs.commonalities.tests.cbs.BasicComponentTest
[INFO] Running tools.vitruv.applications.cbs.commonalities.tests.oo.PackageTest
[INFO] Tests run: 6, Failures: 0, Errors: 0, Skipped: 0, Time elapsed: 0.241 s - in tools.vitruv.applications.cbs.commonalities.tests.oo.PackageTest
[INFO] Running tools.vitruv.applications.cbs.commonalities.tests.oo.InterfaceTest
[INFO] Tests run: 10, Failures: 0, Errors: 0, Skipped: 0, Time elapsed: 0.476 s - in tools.vitruv.applications.cbs.commonalities.tests.oo.InterfaceTest
[INFO] Running tools.vitruv.applications.cbs.commonalities.tests.oo.ClassMethodTest
[INFO] Tests run: 40, Failures: 0, Errors: 0, Skipped: 0, Time elapsed: 2.748 s - in tools.vitruv.applications.cbs.commonalities.tests.oo.ClassMethodTest
[INFO] Running tools.vitruv.applications.cbs.commonalities.tests.oo.ClassTest
[INFO] Tests run: 26, Failures: 0, Errors: 0, Skipped: 0, Time elapsed: 1.203 s - in tools.vitruv.applications.cbs.commonalities.tests.oo.ClassTest
[INFO] Running tools.vitruv.applications.cbs.commonalities.tests.oo.ConstructorTest
[WARNING] Tests run: 23, Failures: 0, Errors: 0, Skipped: 1, Time elapsed: 1.384 s - in tools.vitruv.applications.cbs.commonalities.tests.oo.ConstructorTest
[INFO] Running tools.vitruv.applications.cbs.commonalities.tests.oo.ClassPropertyTest
[INFO] Tests run: 20, Failures: 0, Errors: 0, Skipped: 0, Time elapsed: 1.282 s - in tools.vitruv.applications.cbs.commonalities.tests.oo.ClassPropertyTest
[INFO] Running tools.vitruv.applications.cbs.commonalities.tests.oo.InterfaceMethodTest
[INFO] Tests run: 28, Failures: 0, Errors: 0, Skipped: 0, Time elapsed: 2.346 s - in tools.vitruv.applications.cbs.commonalities.tests.oo.InterfaceMethodTest
[INFO] 
[INFO] Results:
[INFO] 
[WARNING] Tests run: 280, Failures: 0, Errors: 0, Skipped: 1
[INFO] 
[INFO] 
[INFO] --- tycho-packaging:4.0.3:update-consumer-pom (default-update-consumer-pom) @ tools.vitruv.applications.cbs.commonalities.tests ---
[WARNING] 0 system scoped dependencies were mapped to maven artifacts, 222 were skipped
[INFO] 
[INFO] --- tycho-source:4.0.3:plugin-source (plugin-source) @ tools.vitruv.applications.cbs.commonalities.tests ---
[INFO] Building jar: /home/homeone/git/vitruv/Vitruv-CaseStudies/tests/tools.vitruv.applications.cbs.commonalities.tests/target/tools.vitruv.applications.cbs.commonalities.tests-3.0.1-SNAPSHOT-sources.jar
[INFO] 
[INFO] --- tycho-packaging:4.0.3:package-plugin (default-package-plugin) @ tools.vitruv.applications.cbs.commonalities.tests ---
[INFO] Building jar: /home/homeone/git/vitruv/Vitruv-CaseStudies/tests/tools.vitruv.applications.cbs.commonalities.tests/target/tools.vitruv.applications.cbs.commonalities.tests-3.0.1-SNAPSHOT.jar
[INFO] 
[INFO] --- tycho-p2:4.0.3:p2-metadata-default (default-p2-metadata-default) @ tools.vitruv.applications.cbs.commonalities.tests ---
[INFO] 
[INFO] --- tycho-source:4.0.3:feature-source (feature-source) @ tools.vitruv.applications.cbs.commonalities.tests ---
[INFO] 
[INFO] --- tycho-p2:4.0.3:p2-metadata (attach-p2-metadata) @ tools.vitruv.applications.cbs.commonalities.tests ---
[WARNING] artifact tools.vitruv:tools.vitruv.applications.cbs.commonalities.tests:xml:p2metadata:3.0.1-SNAPSHOT already attached, replace previous instance
[WARNING] artifact tools.vitruv:tools.vitruv.applications.cbs.commonalities.tests:xml:p2artifacts:3.0.1-SNAPSHOT already attached, replace previous instance
[INFO] 
[INFO] ----< tools.vitruv:tools.vitruv.applications.cbs.equivalence.tests >----
[INFO] Building [test-bundle] Component-Based Applications Equivalence Tests 3.0.1-SNAPSHOT [15/32]
[INFO]   from tests/tools.vitruv.applications.cbs.equivalence.tests/.polyglot.META-INF
[INFO] ------------------------[ eclipse-test-plugin ]-------------------------
[INFO] Resolving dependencies of MavenProject: tools.vitruv:tools.vitruv.applications.cbs.equivalence.tests:3.0.1-SNAPSHOT @ /home/homeone/git/vitruv/Vitruv-CaseStudies/tests/tools.vitruv.applications.cbs.equivalence.tests/.polyglot.META-INF
[WARNING] Problems resolving provisioning plan.: [Unable to satisfy dependency from org.eclipse.swt 3.121.0.v20220829-1402 to org.eclipse.equinox.p2.iu; org.eclipse.swt.cocoa.macosx.aarch64 [3.121.0.v20220829-1402,3.121.0.v20220829-1402].]
[INFO] 
[INFO] --- tycho-packaging:4.0.3:build-qualifier (default-build-qualifier) @ tools.vitruv.applications.cbs.equivalence.tests ---
[INFO] The project's OSGi version is 3.0.1.202408261232
[INFO] 
[INFO] --- tycho-packaging:4.0.3:validate-id (default-validate-id) @ tools.vitruv.applications.cbs.equivalence.tests ---
[INFO] 
[INFO] --- tycho-packaging:4.0.3:validate-version (default-validate-version) @ tools.vitruv.applications.cbs.equivalence.tests ---
[INFO] 
[INFO] --- target-platform-configuration:4.0.3:target-platform (default-target-platform) @ tools.vitruv.applications.cbs.equivalence.tests ---
[INFO] 
[INFO] --- tycho-compiler:4.0.3:validate-classpath (default-validate-classpath) @ tools.vitruv.applications.cbs.equivalence.tests ---
[INFO] Resolving class path of [test-bundle] Component-Based Applications Equivalence Tests
[INFO] 
[INFO] --- xtend:2.30.0:compile (default) @ tools.vitruv.applications.cbs.equivalence.tests ---
[INFO] 
[INFO] --- resources:2.4.3:resources (default-resources) @ tools.vitruv.applications.cbs.equivalence.tests ---
[INFO] Using 'UTF-8' encoding to copy filtered resources.
[INFO] skip non existing resourceDirectory /home/homeone/git/vitruv/Vitruv-CaseStudies/tests/tools.vitruv.applications.cbs.equivalence.tests/src/main/resources
[INFO] 
[INFO] --- tycho-compiler:4.0.3:compile (default-compile) @ tools.vitruv.applications.cbs.equivalence.tests ---
[INFO] Compiling 4 source files to /home/homeone/git/vitruv/Vitruv-CaseStudies/tests/tools.vitruv.applications.cbs.equivalence.tests/target/classes using Eclipse Compiler for Java(TM) 3.35.0.v20230814-2020
[INFO] 
[INFO] --- tycho-ds:4.0.3:declarative-services (default-declarative-services) @ tools.vitruv.applications.cbs.equivalence.tests ---
[INFO] 
[INFO] --- resources:2.4.3:testResources (default-testResources) @ tools.vitruv.applications.cbs.equivalence.tests ---
[INFO] Using 'UTF-8' encoding to copy filtered resources.
[INFO] skip non existing resourceDirectory /home/homeone/git/vitruv/Vitruv-CaseStudies/tests/tools.vitruv.applications.cbs.equivalence.tests/src/test/resources
[INFO] 
[INFO] --- surefire:3.0.0:test (test) @ tools.vitruv.applications.cbs.equivalence.tests ---
[INFO] Using auto detected provider org.apache.maven.surefire.junitplatform.JUnitPlatformProvider
[INFO] 
[INFO] -------------------------------------------------------
[INFO]  T E S T S
[INFO] -------------------------------------------------------
[INFO] Running tools.vitruv.applications.cbs.equivalencetests.SystemEquivalenceTest
[INFO] Tests run: 7, Failures: 0, Errors: 0, Skipped: 0, Time elapsed: 6.315 s - in tools.vitruv.applications.cbs.equivalencetests.SystemEquivalenceTest
[INFO] Running tools.vitruv.applications.cbs.equivalencetests.ComponentEquivalenceTest
[INFO] Tests run: 14, Failures: 0, Errors: 0, Skipped: 0, Time elapsed: 2.55 s - in tools.vitruv.applications.cbs.equivalencetests.ComponentEquivalenceTest
[INFO] Running tools.vitruv.applications.cbs.equivalencetests.RepositoryEquivalenceTest
[INFO] Tests run: 24, Failures: 0, Errors: 0, Skipped: 0, Time elapsed: 1.653 s - in tools.vitruv.applications.cbs.equivalencetests.RepositoryEquivalenceTest
[INFO] 
[INFO] Results:
[INFO] 
[INFO] Tests run: 45, Failures: 0, Errors: 0, Skipped: 0
[INFO] 
[INFO] 
[INFO] --- tycho-packaging:4.0.3:update-consumer-pom (default-update-consumer-pom) @ tools.vitruv.applications.cbs.equivalence.tests ---
[WARNING] 0 system scoped dependencies were mapped to maven artifacts, 214 were skipped
[INFO] 
[INFO] --- tycho-source:4.0.3:plugin-source (plugin-source) @ tools.vitruv.applications.cbs.equivalence.tests ---
[INFO] Building jar: /home/homeone/git/vitruv/Vitruv-CaseStudies/tests/tools.vitruv.applications.cbs.equivalence.tests/target/tools.vitruv.applications.cbs.equivalence.tests-3.0.1-SNAPSHOT-sources.jar
[INFO] 
[INFO] --- tycho-packaging:4.0.3:package-plugin (default-package-plugin) @ tools.vitruv.applications.cbs.equivalence.tests ---
[INFO] Building jar: /home/homeone/git/vitruv/Vitruv-CaseStudies/tests/tools.vitruv.applications.cbs.equivalence.tests/target/tools.vitruv.applications.cbs.equivalence.tests-3.0.1-SNAPSHOT.jar
[INFO] 
[INFO] --- tycho-p2:4.0.3:p2-metadata-default (default-p2-metadata-default) @ tools.vitruv.applications.cbs.equivalence.tests ---
[INFO] 
[INFO] --- tycho-source:4.0.3:feature-source (feature-source) @ tools.vitruv.applications.cbs.equivalence.tests ---
[INFO] 
[INFO] --- tycho-p2:4.0.3:p2-metadata (attach-p2-metadata) @ tools.vitruv.applications.cbs.equivalence.tests ---
[WARNING] artifact tools.vitruv:tools.vitruv.applications.cbs.equivalence.tests:xml:p2metadata:3.0.1-SNAPSHOT already attached, replace previous instance
[WARNING] artifact tools.vitruv:tools.vitruv.applications.cbs.equivalence.tests:xml:p2artifacts:3.0.1-SNAPSHOT already attached, replace previous instance
[INFO] 
[INFO] --< tools.vitruv:tools.vitruv.applications.demo.familiespersons.tests >--
[INFO] Building [test-bundle] Vitruv Families-Persons Demo Application Tests 3.0.1-SNAPSHOT [16/32]
[INFO]   from tests/tools.vitruv.applications.demo.familiespersons.tests/.polyglot.META-INF
[INFO] ------------------------[ eclipse-test-plugin ]-------------------------
[INFO] Resolving dependencies of MavenProject: tools.vitruv:tools.vitruv.applications.demo.familiespersons.tests:3.0.1-SNAPSHOT @ /home/homeone/git/vitruv/Vitruv-CaseStudies/tests/tools.vitruv.applications.demo.familiespersons.tests/.polyglot.META-INF
[WARNING] Problems resolving provisioning plan.: [Unable to satisfy dependency from org.eclipse.swt 3.121.0.v20220829-1402 to org.eclipse.equinox.p2.iu; org.eclipse.swt.cocoa.macosx.aarch64 [3.121.0.v20220829-1402,3.121.0.v20220829-1402].]
[INFO] 
[INFO] --- tycho-packaging:4.0.3:build-qualifier (default-build-qualifier) @ tools.vitruv.applications.demo.familiespersons.tests ---
[INFO] The project's OSGi version is 3.0.1.202408261232
[INFO] 
[INFO] --- tycho-packaging:4.0.3:validate-id (default-validate-id) @ tools.vitruv.applications.demo.familiespersons.tests ---
[INFO] 
[INFO] --- tycho-packaging:4.0.3:validate-version (default-validate-version) @ tools.vitruv.applications.demo.familiespersons.tests ---
[INFO] 
[INFO] --- target-platform-configuration:4.0.3:target-platform (default-target-platform) @ tools.vitruv.applications.demo.familiespersons.tests ---
[INFO] 
[INFO] --- tycho-compiler:4.0.3:validate-classpath (default-validate-classpath) @ tools.vitruv.applications.demo.familiespersons.tests ---
[INFO] Resolving class path of [test-bundle] Vitruv Families-Persons Demo Application Tests
[INFO] 
[INFO] --- xtend:2.30.0:compile (default) @ tools.vitruv.applications.demo.familiespersons.tests ---
[INFO] 
[INFO] --- resources:2.4.3:resources (default-resources) @ tools.vitruv.applications.demo.familiespersons.tests ---
[INFO] Using 'UTF-8' encoding to copy filtered resources.
[INFO] skip non existing resourceDirectory /home/homeone/git/vitruv/Vitruv-CaseStudies/tests/tools.vitruv.applications.demo.familiespersons.tests/src/main/resources
[INFO] 
[INFO] --- tycho-compiler:4.0.3:compile (default-compile) @ tools.vitruv.applications.demo.familiespersons.tests ---
[INFO] Compiling 2 source files to /home/homeone/git/vitruv/Vitruv-CaseStudies/tests/tools.vitruv.applications.demo.familiespersons.tests/target/classes using Eclipse Compiler for Java(TM) 3.35.0.v20230814-2020
[INFO] 
[INFO] --- tycho-ds:4.0.3:declarative-services (default-declarative-services) @ tools.vitruv.applications.demo.familiespersons.tests ---
[INFO] 
[INFO] --- resources:2.4.3:testResources (default-testResources) @ tools.vitruv.applications.demo.familiespersons.tests ---
[INFO] Using 'UTF-8' encoding to copy filtered resources.
[INFO] skip non existing resourceDirectory /home/homeone/git/vitruv/Vitruv-CaseStudies/tests/tools.vitruv.applications.demo.familiespersons.tests/src/test/resources
[INFO] 
[INFO] --- surefire:3.0.0:test (test) @ tools.vitruv.applications.demo.familiespersons.tests ---
[INFO] Using auto detected provider org.apache.maven.surefire.junitplatform.JUnitPlatformProvider
[INFO] 
[INFO] -------------------------------------------------------
[INFO]  T E S T S
[INFO] -------------------------------------------------------
[INFO] Running tools.vitruv.applications.demo.familiespersons.tests.PersonsToFamiliesApplicationTest
[INFO] Tests run: 47, Failures: 0, Errors: 0, Skipped: 0, Time elapsed: 3.223 s - in tools.vitruv.applications.demo.familiespersons.tests.PersonsToFamiliesApplicationTest
[INFO] Running tools.vitruv.applications.demo.familiespersons.tests.FamiliesToPersonsApplicationTest
[INFO] Tests run: 87, Failures: 0, Errors: 0, Skipped: 0, Time elapsed: 2.118 s - in tools.vitruv.applications.demo.familiespersons.tests.FamiliesToPersonsApplicationTest
[INFO] 
[INFO] Results:
[INFO] 
[INFO] Tests run: 134, Failures: 0, Errors: 0, Skipped: 0
[INFO] 
[INFO] 
[INFO] --- tycho-packaging:4.0.3:update-consumer-pom (default-update-consumer-pom) @ tools.vitruv.applications.demo.familiespersons.tests ---
[WARNING] 0 system scoped dependencies were mapped to maven artifacts, 149 were skipped
[INFO] 
[INFO] --- tycho-source:4.0.3:plugin-source (plugin-source) @ tools.vitruv.applications.demo.familiespersons.tests ---
[INFO] Building jar: /home/homeone/git/vitruv/Vitruv-CaseStudies/tests/tools.vitruv.applications.demo.familiespersons.tests/target/tools.vitruv.applications.demo.familiespersons.tests-3.0.1-SNAPSHOT-sources.jar
[INFO] 
[INFO] --- tycho-packaging:4.0.3:package-plugin (default-package-plugin) @ tools.vitruv.applications.demo.familiespersons.tests ---
[INFO] Building jar: /home/homeone/git/vitruv/Vitruv-CaseStudies/tests/tools.vitruv.applications.demo.familiespersons.tests/target/tools.vitruv.applications.demo.familiespersons.tests-3.0.1-SNAPSHOT.jar
[INFO] 
[INFO] --- tycho-p2:4.0.3:p2-metadata-default (default-p2-metadata-default) @ tools.vitruv.applications.demo.familiespersons.tests ---
[INFO] 
[INFO] --- tycho-source:4.0.3:feature-source (feature-source) @ tools.vitruv.applications.demo.familiespersons.tests ---
[INFO] 
[INFO] --- tycho-p2:4.0.3:p2-metadata (attach-p2-metadata) @ tools.vitruv.applications.demo.familiespersons.tests ---
[WARNING] artifact tools.vitruv:tools.vitruv.applications.demo.familiespersons.tests:xml:p2metadata:3.0.1-SNAPSHOT already attached, replace previous instance
[WARNING] artifact tools.vitruv:tools.vitruv.applications.demo.familiespersons.tests:xml:p2artifacts:3.0.1-SNAPSHOT already attached, replace previous instance
[INFO] 
[INFO] --< tools.vitruv:tools.vitruv.applications.demo.insurancefamilies.tests >--
[INFO] Building [test-bundle] Vitruv Insurance-Families Demo Application Tests 3.0.1-SNAPSHOT [17/32]
[INFO]   from tests/tools.vitruv.applications.demo.insurancefamilies.tests/.polyglot.META-INF
[INFO] ------------------------[ eclipse-test-plugin ]-------------------------
[INFO] Resolving dependencies of MavenProject: tools.vitruv:tools.vitruv.applications.demo.insurancefamilies.tests:3.0.1-SNAPSHOT @ /home/homeone/git/vitruv/Vitruv-CaseStudies/tests/tools.vitruv.applications.demo.insurancefamilies.tests/.polyglot.META-INF
[WARNING] Problems resolving provisioning plan.: [Unable to satisfy dependency from org.eclipse.swt 3.121.0.v20220829-1402 to org.eclipse.equinox.p2.iu; org.eclipse.swt.cocoa.macosx.aarch64 [3.121.0.v20220829-1402,3.121.0.v20220829-1402].]
[INFO] 
[INFO] --- tycho-packaging:4.0.3:build-qualifier (default-build-qualifier) @ tools.vitruv.applications.demo.insurancefamilies.tests ---
[INFO] The project's OSGi version is 3.0.1.202408261232
[INFO] 
[INFO] --- tycho-packaging:4.0.3:validate-id (default-validate-id) @ tools.vitruv.applications.demo.insurancefamilies.tests ---
[INFO] 
[INFO] --- tycho-packaging:4.0.3:validate-version (default-validate-version) @ tools.vitruv.applications.demo.insurancefamilies.tests ---
[INFO] 
[INFO] --- target-platform-configuration:4.0.3:target-platform (default-target-platform) @ tools.vitruv.applications.demo.insurancefamilies.tests ---
[INFO] 
[INFO] --- tycho-compiler:4.0.3:validate-classpath (default-validate-classpath) @ tools.vitruv.applications.demo.insurancefamilies.tests ---
[INFO] Resolving class path of [test-bundle] Vitruv Insurance-Families Demo Application Tests
[INFO] 
[INFO] --- xtend:2.30.0:compile (default) @ tools.vitruv.applications.demo.insurancefamilies.tests ---
[INFO] 
[INFO] --- resources:2.4.3:resources (default-resources) @ tools.vitruv.applications.demo.insurancefamilies.tests ---
[INFO] Using 'UTF-8' encoding to copy filtered resources.
[INFO] skip non existing resourceDirectory /home/homeone/git/vitruv/Vitruv-CaseStudies/tests/tools.vitruv.applications.demo.insurancefamilies.tests/src/main/resources
[INFO] 
[INFO] --- tycho-compiler:4.0.3:compile (default-compile) @ tools.vitruv.applications.demo.insurancefamilies.tests ---
[INFO] Compiling 4 source files to /home/homeone/git/vitruv/Vitruv-CaseStudies/tests/tools.vitruv.applications.demo.insurancefamilies.tests/target/classes using Eclipse Compiler for Java(TM) 3.35.0.v20230814-2020
[INFO] 
[INFO] --- tycho-ds:4.0.3:declarative-services (default-declarative-services) @ tools.vitruv.applications.demo.insurancefamilies.tests ---
[INFO] 
[INFO] --- resources:2.4.3:testResources (default-testResources) @ tools.vitruv.applications.demo.insurancefamilies.tests ---
[INFO] Using 'UTF-8' encoding to copy filtered resources.
[INFO] skip non existing resourceDirectory /home/homeone/git/vitruv/Vitruv-CaseStudies/tests/tools.vitruv.applications.demo.insurancefamilies.tests/src/test/resources
[INFO] 
[INFO] --- surefire:3.0.0:test (test) @ tools.vitruv.applications.demo.insurancefamilies.tests ---
[INFO] Using auto detected provider org.apache.maven.surefire.junit4.JUnit4Provider
[INFO] 
[INFO] -------------------------------------------------------
[INFO]  T E S T S
[INFO] -------------------------------------------------------
[INFO] 
[INFO] Results:
[INFO] 
[INFO] Tests run: 0, Failures: 0, Errors: 0, Skipped: 0
[INFO] 
[INFO] 
[INFO] --- tycho-packaging:4.0.3:update-consumer-pom (default-update-consumer-pom) @ tools.vitruv.applications.demo.insurancefamilies.tests ---
[WARNING] 0 system scoped dependencies were mapped to maven artifacts, 153 were skipped
[INFO] 
[INFO] --- tycho-source:4.0.3:plugin-source (plugin-source) @ tools.vitruv.applications.demo.insurancefamilies.tests ---
[INFO] Building jar: /home/homeone/git/vitruv/Vitruv-CaseStudies/tests/tools.vitruv.applications.demo.insurancefamilies.tests/target/tools.vitruv.applications.demo.insurancefamilies.tests-3.0.1-SNAPSHOT-sources.jar
[INFO] 
[INFO] --- tycho-packaging:4.0.3:package-plugin (default-package-plugin) @ tools.vitruv.applications.demo.insurancefamilies.tests ---
[INFO] Building jar: /home/homeone/git/vitruv/Vitruv-CaseStudies/tests/tools.vitruv.applications.demo.insurancefamilies.tests/target/tools.vitruv.applications.demo.insurancefamilies.tests-3.0.1-SNAPSHOT.jar
[INFO] 
[INFO] --- tycho-p2:4.0.3:p2-metadata-default (default-p2-metadata-default) @ tools.vitruv.applications.demo.insurancefamilies.tests ---
[INFO] 
[INFO] --- tycho-source:4.0.3:feature-source (feature-source) @ tools.vitruv.applications.demo.insurancefamilies.tests ---
[INFO] 
[INFO] --- tycho-p2:4.0.3:p2-metadata (attach-p2-metadata) @ tools.vitruv.applications.demo.insurancefamilies.tests ---
[WARNING] artifact tools.vitruv:tools.vitruv.applications.demo.insurancefamilies.tests:xml:p2metadata:3.0.1-SNAPSHOT already attached, replace previous instance
[WARNING] artifact tools.vitruv:tools.vitruv.applications.demo.insurancefamilies.tests:xml:p2artifacts:3.0.1-SNAPSHOT already attached, replace previous instance
[INFO] 
[INFO] --< tools.vitruv:tools.vitruv.applications.demo.insurancepersons.tests >--
[INFO] Building [test-bundle] Vitruv Insurance-Persons Demo Application Tests 3.0.1-SNAPSHOT [18/32]
[INFO]   from tests/tools.vitruv.applications.demo.insurancepersons.tests/.polyglot.META-INF
[INFO] ------------------------[ eclipse-test-plugin ]-------------------------
[INFO] Resolving dependencies of MavenProject: tools.vitruv:tools.vitruv.applications.demo.insurancepersons.tests:3.0.1-SNAPSHOT @ /home/homeone/git/vitruv/Vitruv-CaseStudies/tests/tools.vitruv.applications.demo.insurancepersons.tests/.polyglot.META-INF
[WARNING] Problems resolving provisioning plan.: [Unable to satisfy dependency from org.eclipse.swt 3.121.0.v20220829-1402 to org.eclipse.equinox.p2.iu; org.eclipse.swt.cocoa.macosx.aarch64 [3.121.0.v20220829-1402,3.121.0.v20220829-1402].]
[INFO] 
[INFO] --- tycho-packaging:4.0.3:build-qualifier (default-build-qualifier) @ tools.vitruv.applications.demo.insurancepersons.tests ---
[INFO] The project's OSGi version is 3.0.1.202408261232
[INFO] 
[INFO] --- tycho-packaging:4.0.3:validate-id (default-validate-id) @ tools.vitruv.applications.demo.insurancepersons.tests ---
[INFO] 
[INFO] --- tycho-packaging:4.0.3:validate-version (default-validate-version) @ tools.vitruv.applications.demo.insurancepersons.tests ---
[INFO] 
[INFO] --- target-platform-configuration:4.0.3:target-platform (default-target-platform) @ tools.vitruv.applications.demo.insurancepersons.tests ---
[INFO] 
[INFO] --- tycho-compiler:4.0.3:validate-classpath (default-validate-classpath) @ tools.vitruv.applications.demo.insurancepersons.tests ---
[INFO] Resolving class path of [test-bundle] Vitruv Insurance-Persons Demo Application Tests
[INFO] 
[INFO] --- xtend:2.30.0:compile (default) @ tools.vitruv.applications.demo.insurancepersons.tests ---
[INFO] 
[INFO] --- resources:2.4.3:resources (default-resources) @ tools.vitruv.applications.demo.insurancepersons.tests ---
[INFO] Using 'UTF-8' encoding to copy filtered resources.
[INFO] skip non existing resourceDirectory /home/homeone/git/vitruv/Vitruv-CaseStudies/tests/tools.vitruv.applications.demo.insurancepersons.tests/src/main/resources
[INFO] 
[INFO] --- tycho-compiler:4.0.3:compile (default-compile) @ tools.vitruv.applications.demo.insurancepersons.tests ---
[INFO] Compiling 2 source files to /home/homeone/git/vitruv/Vitruv-CaseStudies/tests/tools.vitruv.applications.demo.insurancepersons.tests/target/classes using Eclipse Compiler for Java(TM) 3.35.0.v20230814-2020
[INFO] 
[INFO] --- tycho-ds:4.0.3:declarative-services (default-declarative-services) @ tools.vitruv.applications.demo.insurancepersons.tests ---
[INFO] 
[INFO] --- resources:2.4.3:testResources (default-testResources) @ tools.vitruv.applications.demo.insurancepersons.tests ---
[INFO] Using 'UTF-8' encoding to copy filtered resources.
[INFO] skip non existing resourceDirectory /home/homeone/git/vitruv/Vitruv-CaseStudies/tests/tools.vitruv.applications.demo.insurancepersons.tests/src/test/resources
[INFO] 
[INFO] --- surefire:3.0.0:test (test) @ tools.vitruv.applications.demo.insurancepersons.tests ---
[INFO] Using auto detected provider org.apache.maven.surefire.junitplatform.JUnitPlatformProvider
[INFO] 
[INFO] -------------------------------------------------------
[INFO]  T E S T S
[INFO] -------------------------------------------------------
[INFO] Running tools.vitruv.applications.demo.insurancepersons.tests.PersonsToInsuranceApplicationTest
[INFO] Tests run: 10, Failures: 0, Errors: 0, Skipped: 0, Time elapsed: 1.121 s - in tools.vitruv.applications.demo.insurancepersons.tests.PersonsToInsuranceApplicationTest
[INFO] Running tools.vitruv.applications.demo.insurancepersons.tests.InsuranceToPersonsApplicationTest
[INFO] Tests run: 13, Failures: 0, Errors: 0, Skipped: 0, Time elapsed: 0.403 s - in tools.vitruv.applications.demo.insurancepersons.tests.InsuranceToPersonsApplicationTest
[INFO] 
[INFO] Results:
[INFO] 
[INFO] Tests run: 23, Failures: 0, Errors: 0, Skipped: 0
[INFO] 
[INFO] 
[INFO] --- tycho-packaging:4.0.3:update-consumer-pom (default-update-consumer-pom) @ tools.vitruv.applications.demo.insurancepersons.tests ---
[WARNING] 0 system scoped dependencies were mapped to maven artifacts, 149 were skipped
[INFO] 
[INFO] --- tycho-source:4.0.3:plugin-source (plugin-source) @ tools.vitruv.applications.demo.insurancepersons.tests ---
[INFO] Building jar: /home/homeone/git/vitruv/Vitruv-CaseStudies/tests/tools.vitruv.applications.demo.insurancepersons.tests/target/tools.vitruv.applications.demo.insurancepersons.tests-3.0.1-SNAPSHOT-sources.jar
[INFO] 
[INFO] --- tycho-packaging:4.0.3:package-plugin (default-package-plugin) @ tools.vitruv.applications.demo.insurancepersons.tests ---
[INFO] Building jar: /home/homeone/git/vitruv/Vitruv-CaseStudies/tests/tools.vitruv.applications.demo.insurancepersons.tests/target/tools.vitruv.applications.demo.insurancepersons.tests-3.0.1-SNAPSHOT.jar
[INFO] 
[INFO] --- tycho-p2:4.0.3:p2-metadata-default (default-p2-metadata-default) @ tools.vitruv.applications.demo.insurancepersons.tests ---
[INFO] 
[INFO] --- tycho-source:4.0.3:feature-source (feature-source) @ tools.vitruv.applications.demo.insurancepersons.tests ---
[INFO] 
[INFO] --- tycho-p2:4.0.3:p2-metadata (attach-p2-metadata) @ tools.vitruv.applications.demo.insurancepersons.tests ---
[WARNING] artifact tools.vitruv:tools.vitruv.applications.demo.insurancepersons.tests:xml:p2metadata:3.0.1-SNAPSHOT already attached, replace previous instance
[WARNING] artifact tools.vitruv:tools.vitruv.applications.demo.insurancepersons.tests:xml:p2artifacts:3.0.1-SNAPSHOT already attached, replace previous instance
[INFO] 
[INFO] --------< tools.vitruv:tools.vitruv.applications.pcmjava.tests >--------
[INFO] Building [test-bundle] Vitruv PCM-Java Application Tests 3.0.1-SNAPSHOT [19/32]
[INFO]   from tests/tools.vitruv.applications.pcmjava.tests/.polyglot.META-INF
[INFO] ------------------------[ eclipse-test-plugin ]-------------------------
[INFO] Resolving dependencies of MavenProject: tools.vitruv:tools.vitruv.applications.pcmjava.tests:3.0.1-SNAPSHOT @ /home/homeone/git/vitruv/Vitruv-CaseStudies/tests/tools.vitruv.applications.pcmjava.tests/.polyglot.META-INF
[WARNING] Problems resolving provisioning plan.: [Unable to satisfy dependency from org.eclipse.swt 3.121.0.v20220829-1402 to org.eclipse.equinox.p2.iu; org.eclipse.swt.cocoa.macosx.aarch64 [3.121.0.v20220829-1402,3.121.0.v20220829-1402].]
[INFO] 
[INFO] --- tycho-packaging:4.0.3:build-qualifier (default-build-qualifier) @ tools.vitruv.applications.pcmjava.tests ---
[INFO] The project's OSGi version is 3.0.1.202408261232
[INFO] 
[INFO] --- tycho-packaging:4.0.3:validate-id (default-validate-id) @ tools.vitruv.applications.pcmjava.tests ---
[INFO] 
[INFO] --- tycho-packaging:4.0.3:validate-version (default-validate-version) @ tools.vitruv.applications.pcmjava.tests ---
[INFO] 
[INFO] --- target-platform-configuration:4.0.3:target-platform (default-target-platform) @ tools.vitruv.applications.pcmjava.tests ---
[INFO] 
[INFO] --- tycho-compiler:4.0.3:validate-classpath (default-validate-classpath) @ tools.vitruv.applications.pcmjava.tests ---
[INFO] Resolving class path of [test-bundle] Vitruv PCM-Java Application Tests
[INFO] 
[INFO] --- xtend:2.30.0:compile (default) @ tools.vitruv.applications.pcmjava.tests ---
[INFO] 
[INFO] --- resources:2.4.3:resources (default-resources) @ tools.vitruv.applications.pcmjava.tests ---
[INFO] Using 'UTF-8' encoding to copy filtered resources.
[INFO] skip non existing resourceDirectory /home/homeone/git/vitruv/Vitruv-CaseStudies/tests/tools.vitruv.applications.pcmjava.tests/src/main/resources
[INFO] 
[INFO] --- tycho-compiler:4.0.3:compile (default-compile) @ tools.vitruv.applications.pcmjava.tests ---
[INFO] Compiling 29 source files to /home/homeone/git/vitruv/Vitruv-CaseStudies/tests/tools.vitruv.applications.pcmjava.tests/target/classes using Eclipse Compiler for Java(TM) 3.35.0.v20230814-2020
[INFO] 
[INFO] --- tycho-ds:4.0.3:declarative-services (default-declarative-services) @ tools.vitruv.applications.pcmjava.tests ---
[INFO] 
[INFO] --- resources:2.4.3:testResources (default-testResources) @ tools.vitruv.applications.pcmjava.tests ---
[INFO] Using 'UTF-8' encoding to copy filtered resources.
[INFO] skip non existing resourceDirectory /home/homeone/git/vitruv/Vitruv-CaseStudies/tests/tools.vitruv.applications.pcmjava.tests/src/test/resources
[INFO] 
[INFO] --- surefire:3.0.0:test (test) @ tools.vitruv.applications.pcmjava.tests ---
[INFO] Using auto detected provider org.apache.maven.surefire.junitplatform.JUnitPlatformProvider
[INFO] 
[INFO] -------------------------------------------------------
[INFO]  T E S T S
[INFO] -------------------------------------------------------
[INFO] Running tools.vitruv.applications.pcmjava.tests.pcm2java.JaMoPPTest
[INFO] Tests run: 4, Failures: 0, Errors: 0, Skipped: 0, Time elapsed: 2.95 s - in tools.vitruv.applications.pcmjava.tests.pcm2java.JaMoPPTest
[INFO] Running tools.vitruv.applications.pcmjava.tests.pcm2java.repository.OperationRequiredRoleMappingTransformationTest
[WARNING] Tests run: 6, Failures: 0, Errors: 0, Skipped: 1, Time elapsed: 1.77 s - in tools.vitruv.applications.pcmjava.tests.pcm2java.repository.OperationRequiredRoleMappingTransformationTest
[INFO] Running tools.vitruv.applications.pcmjava.tests.pcm2java.repository.CompositeDataTypeMappingTransformationTest
[INFO] Tests run: 4, Failures: 0, Errors: 0, Skipped: 0, Time elapsed: 0.314 s - in tools.vitruv.applications.pcmjava.tests.pcm2java.repository.CompositeDataTypeMappingTransformationTest
[INFO] Running tools.vitruv.applications.pcmjava.tests.pcm2java.repository.RepositoryMappingTransformationTest
[INFO] Tests run: 3, Failures: 0, Errors: 0, Skipped: 0, Time elapsed: 0.146 s - in tools.vitruv.applications.pcmjava.tests.pcm2java.repository.RepositoryMappingTransformationTest
[INFO] Running tools.vitruv.applications.pcmjava.tests.pcm2java.repository.OperationInterfaceMappingTransformationTest
[INFO] Tests run: 2, Failures: 0, Errors: 0, Skipped: 0, Time elapsed: 0.071 s - in tools.vitruv.applications.pcmjava.tests.pcm2java.repository.OperationInterfaceMappingTransformationTest
[INFO] Running tools.vitruv.applications.pcmjava.tests.pcm2java.repository.BasicComponentMappingTransformationTest
[INFO] Tests run: 4, Failures: 0, Errors: 0, Skipped: 0, Time elapsed: 0.197 s - in tools.vitruv.applications.pcmjava.tests.pcm2java.repository.BasicComponentMappingTransformationTest
[INFO] Running tools.vitruv.applications.pcmjava.tests.pcm2java.repository.SEFFMappingTransformationTest
[INFO] Tests run: 2, Failures: 0, Errors: 0, Skipped: 0, Time elapsed: 0.161 s - in tools.vitruv.applications.pcmjava.tests.pcm2java.repository.SEFFMappingTransformationTest
[INFO] Running tools.vitruv.applications.pcmjava.tests.pcm2java.repository.OperationProvidedRoleMappingTransformationTest
[INFO] Tests run: 6, Failures: 0, Errors: 0, Skipped: 0, Time elapsed: 0.3 s - in tools.vitruv.applications.pcmjava.tests.pcm2java.repository.OperationProvidedRoleMappingTransformationTest
[INFO] Running tools.vitruv.applications.pcmjava.tests.pcm2java.repository.CollectionDataTypeMappingTransformationTest
[WARNING] Tests run: 4, Failures: 0, Errors: 0, Skipped: 1, Time elapsed: 0.55 s - in tools.vitruv.applications.pcmjava.tests.pcm2java.repository.CollectionDataTypeMappingTransformationTest
[INFO] Running tools.vitruv.applications.pcmjava.tests.pcm2java.repository.CompositeComponentMappingTransformationTest
[INFO] Tests run: 5, Failures: 0, Errors: 0, Skipped: 0, Time elapsed: 0.327 s - in tools.vitruv.applications.pcmjava.tests.pcm2java.repository.CompositeComponentMappingTransformationTest
[INFO] Running tools.vitruv.applications.pcmjava.tests.pcm2java.repository.PcmParameterMappingTransformationTest
[INFO] Tests run: 7, Failures: 0, Errors: 0, Skipped: 0, Time elapsed: 0.426 s - in tools.vitruv.applications.pcmjava.tests.pcm2java.repository.PcmParameterMappingTransformationTest
[INFO] Running tools.vitruv.applications.pcmjava.tests.pcm2java.repository.InnerDeclarationMappingTransformationTest
[INFO] Tests run: 3, Failures: 0, Errors: 0, Skipped: 0, Time elapsed: 0.13 s - in tools.vitruv.applications.pcmjava.tests.pcm2java.repository.InnerDeclarationMappingTransformationTest
[INFO] Running tools.vitruv.applications.pcmjava.tests.pcm2java.repository.OperationSignatureMappingTransformationTest
[INFO] Tests run: 4, Failures: 0, Errors: 0, Skipped: 0, Time elapsed: 0.154 s - in tools.vitruv.applications.pcmjava.tests.pcm2java.repository.OperationSignatureMappingTransformationTest
[INFO] Running tools.vitruv.applications.pcmjava.tests.pcm2java.system.RequiredDelegationConnectorMappingTransformationTest
[INFO] Tests run: 1, Failures: 0, Errors: 0, Skipped: 0, Time elapsed: 0.083 s - in tools.vitruv.applications.pcmjava.tests.pcm2java.system.RequiredDelegationConnectorMappingTransformationTest
[INFO] Running tools.vitruv.applications.pcmjava.tests.pcm2java.system.AssemblyContextMappingTransformationTest
[INFO] Tests run: 1, Failures: 0, Errors: 0, Skipped: 0, Time elapsed: 0.044 s - in tools.vitruv.applications.pcmjava.tests.pcm2java.system.AssemblyContextMappingTransformationTest
[INFO] Running tools.vitruv.applications.pcmjava.tests.pcm2java.system.SystemMappingTransformationTest
[INFO] Tests run: 3, Failures: 0, Errors: 0, Skipped: 0, Time elapsed: 0.084 s - in tools.vitruv.applications.pcmjava.tests.pcm2java.system.SystemMappingTransformationTest
[INFO] 
[INFO] Results:
[INFO] 
[WARNING] Tests run: 59, Failures: 0, Errors: 0, Skipped: 2
[INFO] 
[INFO] 
[INFO] --- tycho-packaging:4.0.3:update-consumer-pom (default-update-consumer-pom) @ tools.vitruv.applications.pcmjava.tests ---
[WARNING] 0 system scoped dependencies were mapped to maven artifacts, 214 were skipped
[INFO] 
[INFO] --- tycho-source:4.0.3:plugin-source (plugin-source) @ tools.vitruv.applications.pcmjava.tests ---
[INFO] Building jar: /home/homeone/git/vitruv/Vitruv-CaseStudies/tests/tools.vitruv.applications.pcmjava.tests/target/tools.vitruv.applications.pcmjava.tests-3.0.1-SNAPSHOT-sources.jar
[INFO] 
[INFO] --- tycho-packaging:4.0.3:package-plugin (default-package-plugin) @ tools.vitruv.applications.pcmjava.tests ---
[INFO] Building jar: /home/homeone/git/vitruv/Vitruv-CaseStudies/tests/tools.vitruv.applications.pcmjava.tests/target/tools.vitruv.applications.pcmjava.tests-3.0.1-SNAPSHOT.jar
[INFO] 
[INFO] --- tycho-p2:4.0.3:p2-metadata-default (default-p2-metadata-default) @ tools.vitruv.applications.pcmjava.tests ---
[INFO] 
[INFO] --- tycho-source:4.0.3:feature-source (feature-source) @ tools.vitruv.applications.pcmjava.tests ---
[INFO] 
[INFO] --- tycho-p2:4.0.3:p2-metadata (attach-p2-metadata) @ tools.vitruv.applications.pcmjava.tests ---
[WARNING] artifact tools.vitruv:tools.vitruv.applications.pcmjava.tests:xml:p2metadata:3.0.1-SNAPSHOT already attached, replace previous instance
[WARNING] artifact tools.vitruv:tools.vitruv.applications.pcmjava.tests:xml:p2artifacts:3.0.1-SNAPSHOT already attached, replace previous instance
[INFO] 
[INFO] --< tools.vitruv:tools.vitruv.applications.pcmjava.javaeditor.tests >---
[INFO] Building [test-bundle] Vitruv PCM-Java Application Java Editor Tests 3.0.1-SNAPSHOT [20/32]
[INFO]   from tests/tools.vitruv.applications.pcmjava.javaeditor.tests/.polyglot.META-INF
[INFO] ------------------------[ eclipse-test-plugin ]-------------------------
[INFO] Resolving dependencies of MavenProject: tools.vitruv:tools.vitruv.applications.pcmjava.javaeditor.tests:3.0.1-SNAPSHOT @ /home/homeone/git/vitruv/Vitruv-CaseStudies/tests/tools.vitruv.applications.pcmjava.javaeditor.tests/.polyglot.META-INF
[WARNING] Problems resolving provisioning plan.: [Unable to satisfy dependency from org.eclipse.swt 3.121.0.v20220829-1402 to org.eclipse.equinox.p2.iu; org.eclipse.swt.cocoa.macosx.aarch64 [3.121.0.v20220829-1402,3.121.0.v20220829-1402].]
[INFO] 
[INFO] --- tycho-packaging:4.0.3:build-qualifier (default-build-qualifier) @ tools.vitruv.applications.pcmjava.javaeditor.tests ---
[INFO] The project's OSGi version is 3.0.1.202408261232
[INFO] 
[INFO] --- tycho-packaging:4.0.3:validate-id (default-validate-id) @ tools.vitruv.applications.pcmjava.javaeditor.tests ---
[INFO] 
[INFO] --- tycho-packaging:4.0.3:validate-version (default-validate-version) @ tools.vitruv.applications.pcmjava.javaeditor.tests ---
[INFO] 
[INFO] --- target-platform-configuration:4.0.3:target-platform (default-target-platform) @ tools.vitruv.applications.pcmjava.javaeditor.tests ---
[INFO] 
[INFO] --- tycho-compiler:4.0.3:validate-classpath (default-validate-classpath) @ tools.vitruv.applications.pcmjava.javaeditor.tests ---
[INFO] Resolving class path of [test-bundle] Vitruv PCM-Java Application Java Editor Tests
[INFO] 
[INFO] --- xtend:2.30.0:compile (default) @ tools.vitruv.applications.pcmjava.javaeditor.tests ---
[INFO] 
[INFO] --- resources:2.4.3:resources (default-resources) @ tools.vitruv.applications.pcmjava.javaeditor.tests ---
[INFO] Using 'UTF-8' encoding to copy filtered resources.
[INFO] skip non existing resourceDirectory /home/homeone/git/vitruv/Vitruv-CaseStudies/tests/tools.vitruv.applications.pcmjava.javaeditor.tests/src/main/resources
[INFO] 
[INFO] --- tycho-compiler:4.0.3:compile (default-compile) @ tools.vitruv.applications.pcmjava.javaeditor.tests ---
[INFO] Nothing to compile - all classes are up to date
[INFO] 
[INFO] --- tycho-ds:4.0.3:declarative-services (default-declarative-services) @ tools.vitruv.applications.pcmjava.javaeditor.tests ---
[INFO] 
[INFO] --- resources:2.4.3:testResources (default-testResources) @ tools.vitruv.applications.pcmjava.javaeditor.tests ---
[INFO] Using 'UTF-8' encoding to copy filtered resources.
[INFO] skip non existing resourceDirectory /home/homeone/git/vitruv/Vitruv-CaseStudies/tests/tools.vitruv.applications.pcmjava.javaeditor.tests/src/test/resources
[INFO] 
[INFO] --- tycho-packaging:4.0.3:update-consumer-pom (default-update-consumer-pom) @ tools.vitruv.applications.pcmjava.javaeditor.tests ---
[WARNING] 0 system scoped dependencies were mapped to maven artifacts, 211 were skipped
[INFO] 
[INFO] --- tycho-source:4.0.3:plugin-source (plugin-source) @ tools.vitruv.applications.pcmjava.javaeditor.tests ---
[INFO] Building jar: /home/homeone/git/vitruv/Vitruv-CaseStudies/tests/tools.vitruv.applications.pcmjava.javaeditor.tests/target/tools.vitruv.applications.pcmjava.javaeditor.tests-3.0.1-SNAPSHOT-sources.jar
[INFO] 
[INFO] --- tycho-packaging:4.0.3:package-plugin (default-package-plugin) @ tools.vitruv.applications.pcmjava.javaeditor.tests ---
[INFO] Building jar: /home/homeone/git/vitruv/Vitruv-CaseStudies/tests/tools.vitruv.applications.pcmjava.javaeditor.tests/target/tools.vitruv.applications.pcmjava.javaeditor.tests-3.0.1-SNAPSHOT.jar
[INFO] 
[INFO] --- tycho-p2:4.0.3:p2-metadata-default (default-p2-metadata-default) @ tools.vitruv.applications.pcmjava.javaeditor.tests ---
[INFO] 
[INFO] --- tycho-source:4.0.3:feature-source (feature-source) @ tools.vitruv.applications.pcmjava.javaeditor.tests ---
[INFO] 
[INFO] --- tycho-p2:4.0.3:p2-metadata (attach-p2-metadata) @ tools.vitruv.applications.pcmjava.javaeditor.tests ---
[WARNING] artifact tools.vitruv:tools.vitruv.applications.pcmjava.javaeditor.tests:xml:p2metadata:3.0.1-SNAPSHOT already attached, replace previous instance
[WARNING] artifact tools.vitruv:tools.vitruv.applications.pcmjava.javaeditor.tests:xml:p2artifacts:3.0.1-SNAPSHOT already attached, replace previous instance
[INFO] 
[INFO] --- tycho-surefire:4.0.3:test (default-test) @ tools.vitruv.applications.pcmjava.javaeditor.tests ---
[INFO] Executing test runtime with timeout (seconds): 0, logs, if any, will be placed at: /home/homeone/git/vitruv/Vitruv-CaseStudies/tests/tools.vitruv.applications.pcmjava.javaeditor.tests/target/work/data/.metadata/.log
[INFO] Command line:
	[/usr/lib/jvm/java-17-openjdk-amd64/bin/java, -Dosgi.noShutdown=false, -Dosgi.os=linux, -Dosgi.ws=gtk, -Dosgi.arch=x86_64, -Dosgi.clean=true, -jar, /home/homeone/.m2/repository/p2/osgi/bundle/org.eclipse.equinox.launcher/1.6.400.v20210924-0641/org.eclipse.equinox.launcher-1.6.400.v20210924-0641.jar, -data, /home/homeone/git/vitruv/Vitruv-CaseStudies/tests/tools.vitruv.applications.pcmjava.javaeditor.tests/target/work/data, -install, /home/homeone/git/vitruv/Vitruv-CaseStudies/tests/tools.vitruv.applications.pcmjava.javaeditor.tests/target/work, -configuration, /home/homeone/git/vitruv/Vitruv-CaseStudies/tests/tools.vitruv.applications.pcmjava.javaeditor.tests/target/work/configuration, -application, org.eclipse.tycho.surefire.osgibooter.uitest, -testproperties, /home/homeone/git/vitruv/Vitruv-CaseStudies/tests/tools.vitruv.applications.pcmjava.javaeditor.tests/target/surefire.properties, -nouithread]
Running tools.vitruv.applications.pcmjava.javaeditor.java2pcm.TypeReferenceMappingTransformationTest
14:38:04.170 [                 TestProjectManager]  INFO: Running in the test workspace at /home/homeone/git/vitruv/Vitruv-CaseStudies/tests/tools.vitruv.applications.pcmjava.javaeditor.tests/target/work/data/Vitruv
Tests run: 1, Failures: 0, Errors: 0, Skipped: 0, Time elapsed: 3.877 s -- in tools.vitruv.applications.pcmjava.javaeditor.java2pcm.TypeReferenceMappingTransformationTest
tools.vitruv.applications.pcmjava.javaeditor.java2pcm.TypeReferenceMappingTransformationTest.testAddImplementsToClassWithCorrespondingComponent -- Time elapsed: 3.843 s
Running tools.vitruv.applications.pcmjava.javaeditor.java2pcm.FieldMappingTransformationTest
Tests run: 8, Failures: 0, Errors: 0, Skipped: 3, Time elapsed: 3.027 s -- in tools.vitruv.applications.pcmjava.javaeditor.java2pcm.FieldMappingTransformationTest
tools.vitruv.applications.pcmjava.javaeditor.java2pcm.FieldMappingTransformationTest.testAddFieldWithTypeOfInterface -- Time elapsed: 0.738 s
tools.vitruv.applications.pcmjava.javaeditor.java2pcm.FieldMappingTransformationTest.testRenameFieldInClassThatCorrespondsToCompositeDatatype -- Time elapsed: 0.759 s
tools.vitruv.applications.pcmjava.javaeditor.java2pcm.FieldMappingTransformationTest.testAddFieldToClassThatCorrespondsToCompositeDatatype -- Time elapsed: 0.434 s
tools.vitruv.applications.pcmjava.javaeditor.java2pcm.FieldMappingTransformationTest skipped
tools.vitruv.applications.pcmjava.javaeditor.java2pcm.FieldMappingTransformationTest.testChangeTypeOfFieldInClassThatCorrespondsToCompositeDatatype -- Time elapsed: 0.458 s
tools.vitruv.applications.pcmjava.javaeditor.java2pcm.FieldMappingTransformationTest skipped
tools.vitruv.applications.pcmjava.javaeditor.java2pcm.FieldMappingTransformationTest.testAddFieldWithTypeOfBasicComponentToClass -- Time elapsed: 0.621 s
tools.vitruv.applications.pcmjava.javaeditor.java2pcm.FieldMappingTransformationTest skipped
Running tools.vitruv.applications.pcmjava.javaeditor.java2pcm.JaMoPPParameterMappingTransformationTest
Tests run: 3, Failures: 0, Errors: 0, Skipped: 0, Time elapsed: 1.404 s -- in tools.vitruv.applications.pcmjava.javaeditor.java2pcm.JaMoPPParameterMappingTransformationTest
tools.vitruv.applications.pcmjava.javaeditor.java2pcm.JaMoPPParameterMappingTransformationTest.testAddParameter -- Time elapsed: 0.542 s
tools.vitruv.applications.pcmjava.javaeditor.java2pcm.JaMoPPParameterMappingTransformationTest.testChangeParameterType -- Time elapsed: 0.443 s
tools.vitruv.applications.pcmjava.javaeditor.java2pcm.JaMoPPParameterMappingTransformationTest.testRenameParameter -- Time elapsed: 0.411 s
Running tools.vitruv.applications.pcmjava.javaeditor.java2pcm.ClassMappingTransformationTest
Tests run: 11, Failures: 0, Errors: 0, Skipped: 0, Time elapsed: 2.113 s -- in tools.vitruv.applications.pcmjava.javaeditor.java2pcm.ClassMappingTransformationTest
tools.vitruv.applications.pcmjava.javaeditor.java2pcm.ClassMappingTransformationTest.testAddSystemClassInPackageWithCorrespondingSystem -- Time elapsed: 0.243 s
tools.vitruv.applications.pcmjava.javaeditor.java2pcm.ClassMappingTransformationTest.testAddComponentClassInPackageWithCorrespondingComponent -- Time elapsed: 0.164 s
tools.vitruv.applications.pcmjava.javaeditor.java2pcm.ClassMappingTransformationTest.testAddClassInDatatypePackage -- Time elapsed: 0.185 s
tools.vitruv.applications.pcmjava.javaeditor.java2pcm.ClassMappingTransformationTest.testRenameBasicComponentClass -- Time elapsed: 0.232 s
tools.vitruv.applications.pcmjava.javaeditor.java2pcm.ClassMappingTransformationTest.testAddCompositeDatatypeClassInDatatypePackage -- Time elapsed: 0.193 s
tools.vitruv.applications.pcmjava.javaeditor.java2pcm.ClassMappingTransformationTest.testAddCompositeComponentClassInPackageWithCorrespondingCompositeComponent -- Time elapsed: 0.216 s
tools.vitruv.applications.pcmjava.javaeditor.java2pcm.ClassMappingTransformationTest.testAddBasicComponentClassInPackageWithoutCorrespondence -- Time elapsed: 0.193 s
tools.vitruv.applications.pcmjava.javaeditor.java2pcm.ClassMappingTransformationTest.testAddSystemClassInPackageWithoutCorrespondence -- Time elapsed: 0.172 s
tools.vitruv.applications.pcmjava.javaeditor.java2pcm.ClassMappingTransformationTest.testAddCompositeComponentClassInPackageWithoutCorrespondence -- Time elapsed: 0.150 s
tools.vitruv.applications.pcmjava.javaeditor.java2pcm.ClassMappingTransformationTest.testAddClassInPackageWithoutCorrespondingComponent -- Time elapsed: 0.178 s
tools.vitruv.applications.pcmjava.javaeditor.java2pcm.ClassMappingTransformationTest.testAddCollectionDatatypeClassInDatatypePackage -- Time elapsed: 0.173 s
Running tools.vitruv.applications.pcmjava.javaeditor.java2pcm.MethodMappingTransformationTest
Tests run: 3, Failures: 0, Errors: 0, Skipped: 0, Time elapsed: 0.714 s -- in tools.vitruv.applications.pcmjava.javaeditor.java2pcm.MethodMappingTransformationTest
tools.vitruv.applications.pcmjava.javaeditor.java2pcm.MethodMappingTransformationTest.testAddReturnType -- Time elapsed: 0.288 s
tools.vitruv.applications.pcmjava.javaeditor.java2pcm.MethodMappingTransformationTest.testAddMethod -- Time elapsed: 0.212 s
tools.vitruv.applications.pcmjava.javaeditor.java2pcm.MethodMappingTransformationTest.testRenameMethod -- Time elapsed: 0.210 s
Running tools.vitruv.applications.pcmjava.javaeditor.java2pcm.PackageMappingTransformationTest
Tests run: 6, Failures: 0, Errors: 0, Skipped: 0, Time elapsed: 1.319 s -- in tools.vitruv.applications.pcmjava.javaeditor.java2pcm.PackageMappingTransformationTest
tools.vitruv.applications.pcmjava.javaeditor.java2pcm.PackageMappingTransformationTest.testRenamePackage -- Time elapsed: 0.760 s
tools.vitruv.applications.pcmjava.javaeditor.java2pcm.PackageMappingTransformationTest.testCreateNoCorrespondingObject -- Time elapsed: 0.111 s
tools.vitruv.applications.pcmjava.javaeditor.java2pcm.PackageMappingTransformationTest.testCreateSystem -- Time elapsed: 0.102 s
tools.vitruv.applications.pcmjava.javaeditor.java2pcm.PackageMappingTransformationTest.testAddSecondPackage -- Time elapsed: 0.101 s
tools.vitruv.applications.pcmjava.javaeditor.java2pcm.PackageMappingTransformationTest.testAddFirstPackage -- Time elapsed: 0.123 s
tools.vitruv.applications.pcmjava.javaeditor.java2pcm.PackageMappingTransformationTest.testCreateCompositeComponent -- Time elapsed: 0.117 s
Running tools.vitruv.applications.pcmjava.javaeditor.java2pcm.InterfaceMappingTransformationTest
Tests run: 4, Failures: 0, Errors: 0, Skipped: 0, Time elapsed: 0.611 s -- in tools.vitruv.applications.pcmjava.javaeditor.java2pcm.InterfaceMappingTransformationTest
tools.vitruv.applications.pcmjava.javaeditor.java2pcm.InterfaceMappingTransformationTest.testAddTechnicalInterfaceInNonRepositoryPackage -- Time elapsed: 0.164 s
tools.vitruv.applications.pcmjava.javaeditor.java2pcm.InterfaceMappingTransformationTest.testRenameInterfaceWithCorrespondence -- Time elapsed: 0.204 s
tools.vitruv.applications.pcmjava.javaeditor.java2pcm.InterfaceMappingTransformationTest.testAddArchitecturalInterfaceInNonRepositoryPackage -- Time elapsed: 0.134 s
tools.vitruv.applications.pcmjava.javaeditor.java2pcm.InterfaceMappingTransformationTest.testAddInterfaceInContractsPackage -- Time elapsed: 0.105 s
Running tools.vitruv.applications.pcmjava.javaeditor.java2pcm.ClassMethodMappingTransformationTest
Tests run: 1, Failures: 0, Errors: 0, Skipped: 0, Time elapsed: 0.283 s -- in tools.vitruv.applications.pcmjava.javaeditor.java2pcm.ClassMethodMappingTransformationTest
tools.vitruv.applications.pcmjava.javaeditor.java2pcm.ClassMethodMappingTransformationTest.testAddClassMethodWithCorrespondence -- Time elapsed: 0.282 s

Results:

Tests run: 37, Failures: 0, Errors: 0, Skipped: 3

[INFO] All tests passed
[INFO] 
[INFO] ------< tools.vitruv:tools.vitruv.applications.pcmumlclass.tests >------
[INFO] Building [test-bundle] Vitruv PCM-UML Class Application Tests 3.0.1-SNAPSHOT [21/32]
[INFO]   from tests/tools.vitruv.applications.pcmumlclass.tests/.polyglot.META-INF
[INFO] ------------------------[ eclipse-test-plugin ]-------------------------
[INFO] Resolving dependencies of MavenProject: tools.vitruv:tools.vitruv.applications.pcmumlclass.tests:3.0.1-SNAPSHOT @ /home/homeone/git/vitruv/Vitruv-CaseStudies/tests/tools.vitruv.applications.pcmumlclass.tests/.polyglot.META-INF
[WARNING] Problems resolving provisioning plan.: [Unable to satisfy dependency from org.eclipse.swt 3.121.0.v20220829-1402 to org.eclipse.equinox.p2.iu; org.eclipse.swt.cocoa.macosx.aarch64 [3.121.0.v20220829-1402,3.121.0.v20220829-1402].]
[INFO] 
[INFO] --- tycho-packaging:4.0.3:build-qualifier (default-build-qualifier) @ tools.vitruv.applications.pcmumlclass.tests ---
[INFO] The project's OSGi version is 3.0.1.202408261232
[INFO] 
[INFO] --- tycho-packaging:4.0.3:validate-id (default-validate-id) @ tools.vitruv.applications.pcmumlclass.tests ---
[INFO] 
[INFO] --- tycho-packaging:4.0.3:validate-version (default-validate-version) @ tools.vitruv.applications.pcmumlclass.tests ---
[INFO] 
[INFO] --- target-platform-configuration:4.0.3:target-platform (default-target-platform) @ tools.vitruv.applications.pcmumlclass.tests ---
[INFO] 
[INFO] --- tycho-compiler:4.0.3:validate-classpath (default-validate-classpath) @ tools.vitruv.applications.pcmumlclass.tests ---
[INFO] Resolving class path of [test-bundle] Vitruv PCM-UML Class Application Tests
[INFO] 
[INFO] --- xtend:2.30.0:compile (default) @ tools.vitruv.applications.pcmumlclass.tests ---
[WARNING] 
WARNING: 	ParameterConceptTest.xtend - /home/homeone/git/vitruv/Vitruv-CaseStudies/tests/tools.vitruv.applications.pcmumlclass.tests/src/tools/vitruv/applications/pcmumlclass/tests/ParameterConceptTest.xtend
59: Unnecessary cast from Type to Type
[WARNING] 
WARNING: 	AttributeConceptTest.xtend - /home/homeone/git/vitruv/Vitruv-CaseStudies/tests/tools.vitruv.applications.pcmumlclass.tests/src/tools/vitruv/applications/pcmumlclass/tests/AttributeConceptTest.xtend
136: Unnecessary cast from Type to Type
[WARNING] 
WARNING: 	SignatureConceptTest.xtend - /home/homeone/git/vitruv/Vitruv-CaseStudies/tests/tools.vitruv.applications.pcmumlclass.tests/src/tools/vitruv/applications/pcmumlclass/tests/SignatureConceptTest.xtend
79: Unnecessary cast from Type to Type
[INFO] 
[INFO] --- resources:2.4.3:resources (default-resources) @ tools.vitruv.applications.pcmumlclass.tests ---
[INFO] Using 'UTF-8' encoding to copy filtered resources.
[INFO] skip non existing resourceDirectory /home/homeone/git/vitruv/Vitruv-CaseStudies/tests/tools.vitruv.applications.pcmumlclass.tests/src/main/resources
[INFO] 
[INFO] --- tycho-compiler:4.0.3:compile (default-compile) @ tools.vitruv.applications.pcmumlclass.tests ---
[INFO] Compiling 19 source files to /home/homeone/git/vitruv/Vitruv-CaseStudies/tests/tools.vitruv.applications.pcmumlclass.tests/target/classes using Eclipse Compiler for Java(TM) 3.35.0.v20230814-2020
[INFO] 
[INFO] --- tycho-ds:4.0.3:declarative-services (default-declarative-services) @ tools.vitruv.applications.pcmumlclass.tests ---
[INFO] 
[INFO] --- resources:2.4.3:testResources (default-testResources) @ tools.vitruv.applications.pcmumlclass.tests ---
[INFO] Using 'UTF-8' encoding to copy filtered resources.
[INFO] skip non existing resourceDirectory /home/homeone/git/vitruv/Vitruv-CaseStudies/tests/tools.vitruv.applications.pcmumlclass.tests/src/test/resources
[INFO] 
[INFO] --- surefire:3.0.0:test (test) @ tools.vitruv.applications.pcmumlclass.tests ---
[INFO] Using auto detected provider org.apache.maven.surefire.junitplatform.JUnitPlatformProvider
[INFO] 
[INFO] -------------------------------------------------------
[INFO]  T E S T S
[INFO] -------------------------------------------------------
[INFO] Running tools.vitruv.applications.pcmumlclass.tests.RequiredRoleConceptTest
[INFO] Tests run: 3, Failures: 0, Errors: 0, Skipped: 0, Time elapsed: 4.22 s - in tools.vitruv.applications.pcmumlclass.tests.RequiredRoleConceptTest
[INFO] Running tools.vitruv.applications.pcmumlclass.tests.RepositoryComponentConceptTest
[INFO] Tests run: 6, Failures: 0, Errors: 0, Skipped: 0, Time elapsed: 1.056 s - in tools.vitruv.applications.pcmumlclass.tests.RepositoryComponentConceptTest
[INFO] Running tools.vitruv.applications.pcmumlclass.tests.AssemblyContextConceptTest
[INFO] Tests run: 2, Failures: 0, Errors: 0, Skipped: 0, Time elapsed: 0.306 s - in tools.vitruv.applications.pcmumlclass.tests.AssemblyContextConceptTest
[INFO] Running tools.vitruv.applications.pcmumlclass.tests.ParameterConceptTest
[INFO] Tests run: 6, Failures: 0, Errors: 0, Skipped: 0, Time elapsed: 1.1 s - in tools.vitruv.applications.pcmumlclass.tests.ParameterConceptTest
[INFO] Running tools.vitruv.applications.pcmumlclass.tests.AttributeConceptTest
[INFO] Tests run: 6, Failures: 0, Errors: 0, Skipped: 0, Time elapsed: 0.811 s - in tools.vitruv.applications.pcmumlclass.tests.AttributeConceptTest
[INFO] Running tools.vitruv.applications.pcmumlclass.tests.MediaStoreRepositoryCreationTest
[WARNING] Tests run: 2, Failures: 0, Errors: 0, Skipped: 1, Time elapsed: 0.833 s - in tools.vitruv.applications.pcmumlclass.tests.MediaStoreRepositoryCreationTest
[INFO] Running tools.vitruv.applications.pcmumlclass.tests.ProvidedRoleTest
[INFO] Tests run: 2, Failures: 0, Errors: 0, Skipped: 0, Time elapsed: 0.227 s - in tools.vitruv.applications.pcmumlclass.tests.ProvidedRoleTest
[INFO] Running tools.vitruv.applications.pcmumlclass.tests.InterfaceConceptTest
[INFO] Tests run: 6, Failures: 0, Errors: 0, Skipped: 0, Time elapsed: 0.505 s - in tools.vitruv.applications.pcmumlclass.tests.InterfaceConceptTest
[INFO] Running tools.vitruv.applications.pcmumlclass.tests.SignatureConceptTest
[INFO] Tests run: 6, Failures: 0, Errors: 0, Skipped: 0, Time elapsed: 0.591 s - in tools.vitruv.applications.pcmumlclass.tests.SignatureConceptTest
[INFO] Running tools.vitruv.applications.pcmumlclass.tests.CompositeDataTypeConceptTest
[INFO] Tests run: 4, Failures: 0, Errors: 0, Skipped: 0, Time elapsed: 0.272 s - in tools.vitruv.applications.pcmumlclass.tests.CompositeDataTypeConceptTest
[INFO] Running tools.vitruv.applications.pcmumlclass.tests.SystemConceptTest
[INFO] Tests run: 2, Failures: 0, Errors: 0, Skipped: 0, Time elapsed: 0.068 s - in tools.vitruv.applications.pcmumlclass.tests.SystemConceptTest
[INFO] Running tools.vitruv.applications.pcmumlclass.tests.RepositoryConceptTest
[INFO] Tests run: 8, Failures: 0, Errors: 0, Skipped: 0, Time elapsed: 0.512 s - in tools.vitruv.applications.pcmumlclass.tests.RepositoryConceptTest
[INFO] 
[INFO] Results:
[INFO] 
[WARNING] Tests run: 53, Failures: 0, Errors: 0, Skipped: 1
[INFO] 
[INFO] 
[INFO] --- tycho-packaging:4.0.3:update-consumer-pom (default-update-consumer-pom) @ tools.vitruv.applications.pcmumlclass.tests ---
[WARNING] 0 system scoped dependencies were mapped to maven artifacts, 211 were skipped
[INFO] 
[INFO] --- tycho-source:4.0.3:plugin-source (plugin-source) @ tools.vitruv.applications.pcmumlclass.tests ---
[INFO] Building jar: /home/homeone/git/vitruv/Vitruv-CaseStudies/tests/tools.vitruv.applications.pcmumlclass.tests/target/tools.vitruv.applications.pcmumlclass.tests-3.0.1-SNAPSHOT-sources.jar
[INFO] 
[INFO] --- tycho-packaging:4.0.3:package-plugin (default-package-plugin) @ tools.vitruv.applications.pcmumlclass.tests ---
[INFO] Building jar: /home/homeone/git/vitruv/Vitruv-CaseStudies/tests/tools.vitruv.applications.pcmumlclass.tests/target/tools.vitruv.applications.pcmumlclass.tests-3.0.1-SNAPSHOT.jar
[INFO] 
[INFO] --- tycho-p2:4.0.3:p2-metadata-default (default-p2-metadata-default) @ tools.vitruv.applications.pcmumlclass.tests ---
[INFO] 
[INFO] --- tycho-source:4.0.3:feature-source (feature-source) @ tools.vitruv.applications.pcmumlclass.tests ---
[INFO] 
[INFO] --- tycho-p2:4.0.3:p2-metadata (attach-p2-metadata) @ tools.vitruv.applications.pcmumlclass.tests ---
[WARNING] artifact tools.vitruv:tools.vitruv.applications.pcmumlclass.tests:xml:p2metadata:3.0.1-SNAPSHOT already attached, replace previous instance
[WARNING] artifact tools.vitruv:tools.vitruv.applications.pcmumlclass.tests:xml:p2artifacts:3.0.1-SNAPSHOT already attached, replace previous instance
[INFO] 
[INFO] --------< tools.vitruv:tools.vitruv.applications.umljava.tests >--------
[INFO] Building [test-bundle] Vitruv UML-Java Tests 3.0.1-SNAPSHOT      [22/32]
[INFO]   from tests/tools.vitruv.applications.umljava.tests/pom.xml
[INFO] ------------------------[ eclipse-test-plugin ]-------------------------
[INFO] Resolving dependencies of MavenProject: tools.vitruv:tools.vitruv.applications.umljava.tests:3.0.1-SNAPSHOT @ /home/homeone/git/vitruv/Vitruv-CaseStudies/tests/tools.vitruv.applications.umljava.tests/pom.xml
[WARNING] Problems resolving provisioning plan.: [Unable to satisfy dependency from org.eclipse.swt 3.121.0.v20220829-1402 to org.eclipse.equinox.p2.iu; org.eclipse.swt.cocoa.macosx.aarch64 [3.121.0.v20220829-1402,3.121.0.v20220829-1402].]
[INFO] 
[INFO] --- tycho-packaging:4.0.3:build-qualifier (default-build-qualifier) @ tools.vitruv.applications.umljava.tests ---
[INFO] The project's OSGi version is 3.0.1.202408261232
[INFO] 
[INFO] --- tycho-packaging:4.0.3:validate-id (default-validate-id) @ tools.vitruv.applications.umljava.tests ---
[INFO] 
[INFO] --- tycho-packaging:4.0.3:validate-version (default-validate-version) @ tools.vitruv.applications.umljava.tests ---
[INFO] 
[INFO] --- target-platform-configuration:4.0.3:target-platform (default-target-platform) @ tools.vitruv.applications.umljava.tests ---
[INFO] 
[INFO] --- tycho-compiler:4.0.3:validate-classpath (default-validate-classpath) @ tools.vitruv.applications.umljava.tests ---
[INFO] Resolving class path of [test-bundle] Vitruv UML-Java Tests
[INFO] 
[INFO] --- xtend:2.30.0:compile (default) @ tools.vitruv.applications.umljava.tests ---
[INFO] 
[INFO] --- dependency:3.6.0:copy-dependencies (copy-dependencies) @ tools.vitruv.applications.umljava.tests ---
[INFO] Copying tools.vitruv.applications.umljava-3.0.1-SNAPSHOT.jar to /home/homeone/git/vitruv/Vitruv-CaseStudies/tests/tools.vitruv.applications.umljava.tests/target/dependency/tools.vitruv.applications.umljava.jar
[INFO] Copying tools.vitruv.applications.testutility-0.3.0-SNAPSHOT.jar to /home/homeone/git/vitruv/Vitruv-CaseStudies/tests/tools.vitruv.applications.umljava.tests/target/dependency/tools.vitruv.applications.testutility.jar
[INFO] Copying aopalliance-1.0.0.autowrapped.jar to /home/homeone/git/vitruv/Vitruv-CaseStudies/tests/tools.vitruv.applications.umljava.tests/target/dependency/aopalliance.jar
[INFO] Copying javax.inject-1.0.0.v20220405-0441.jar to /home/homeone/git/vitruv/Vitruv-CaseStudies/tests/tools.vitruv.applications.umljava.tests/target/dependency/javax.inject.jar
[INFO] Copying tools.vitruv.applications.pcmumlclass-3.0.1-SNAPSHOT.jar to /home/homeone/git/vitruv/Vitruv-CaseStudies/tests/tools.vitruv.applications.umljava.tests/target/dependency/tools.vitruv.applications.pcmumlclass.jar
[INFO] Copying tools.vitruv.applications.util.temporary-3.0.1-SNAPSHOT.jar to /home/homeone/git/vitruv/Vitruv-CaseStudies/tests/tools.vitruv.applications.umljava.tests/target/dependency/tools.vitruv.applications.util.temporary.jar
[INFO] org.json:json:jar:20231013 already exists in destination.
[INFO] org.junit.jupiter:junit-jupiter-engine:jar:5.9.2 already exists in destination.
[INFO] org.junit.jupiter:junit-jupiter-api:jar:5.9.2 already exists in destination.
[INFO] org.apiguardian:apiguardian-api:jar:1.1.2 already exists in destination.
[INFO] org.junit.jupiter:junit-jupiter-params:jar:5.9.2 already exists in destination.
[INFO] org.junit.platform:junit-platform-commons:jar:1.9.2 already exists in destination.
[INFO] org.bouncycastle:bcpg-jdk18on:jar:1.72.2 already exists in destination.
[INFO] org.bouncycastle:bcprov-jdk18on:jar:1.72 already exists in destination.
[INFO] ch.qos.logback:logback-classic:jar:1.2.11 already exists in destination.
[INFO] org.slf4j:slf4j-api:jar:1.7.32 already exists in destination.
[INFO] ch.qos.logback:logback-core:jar:1.2.11 already exists in destination.
[INFO] p2.eclipse.plugin:org.slf4j.api:eclipse-plugin:1.7.30.v20221112-0806 already exists in destination.
[INFO] p2.eclipse.plugin:com.google.guava:eclipse-plugin:30.1.0.v20221112-0806 already exists in destination.
[INFO] p2.eclipse.plugin:com.google.inject:eclipse-plugin:5.0.1.v20221112-0806 already exists in destination.
[INFO] p2.eclipse.plugin:com.ibm.icu:eclipse-plugin:72.1.0.v20221115-2007 already exists in destination.
[INFO] p2.eclipse.plugin:com.sun.jna:eclipse-plugin:5.12.1.v20221103-2317 already exists in destination.
[INFO] p2.eclipse.plugin:com.sun.jna.platform:eclipse-plugin:5.12.1.v20221103-2317 already exists in destination.
[INFO] p2.eclipse.plugin:org.eclipse.core.runtime:eclipse-plugin:3.26.100.v20221021-0005 already exists in destination.
[INFO] p2.eclipse.plugin:org.eclipse.emf.ecore:eclipse-plugin:2.33.0.v20230226-0921 already exists in destination.
[INFO] p2.eclipse.plugin:de.uka.ipd.sdq.errorhandling:eclipse-plugin:5.0.0.202102051655 already exists in destination.
[INFO] p2.eclipse.plugin:org.eclipse.emf.cdo:eclipse-plugin:4.21.0.v20230221-1613 already exists in destination.
[INFO] p2.eclipse.plugin:org.eclipse.emf.ecore.xmi:eclipse-plugin:2.18.0.v20230211-1150 already exists in destination.
[INFO] p2.eclipse.plugin:de.uka.ipd.sdq.identifier:eclipse-plugin:5.0.0.202102051655 already exists in destination.
[INFO] p2.eclipse.plugin:de.uka.ipd.sdq.stoex:eclipse-plugin:5.0.0.202102051655 already exists in destination.
[INFO] p2.eclipse.plugin:de.uka.ipd.sdq.stoex.analyser:eclipse-plugin:5.0.0.202102051655 already exists in destination.
[INFO] p2.eclipse.plugin:org.palladiosimulator.pcm:eclipse-plugin:5.0.0.202102051710 already exists in destination.
[INFO] p2.eclipse.plugin:org.palladiosimulator.commons.stoex:eclipse-plugin:5.0.0.202102051655 already exists in destination.
[INFO] p2.eclipse.plugin:de.uka.ipd.sdq.units:eclipse-plugin:5.0.0.202102051655 already exists in destination.
[INFO] p2.eclipse.plugin:de.uka.ipd.sdq.probfunction:eclipse-plugin:5.0.0.202102051655 already exists in destination.
[INFO] p2.eclipse.plugin:org.apache.commons.math:eclipse-plugin:2.1.0.v201105210652 already exists in destination.
[INFO] p2.eclipse.plugin:org.apache.log4j:eclipse-plugin:1.2.24.v20221221-2012 already exists in destination.
[INFO] p2.eclipse.plugin:de.uka.ipd.sdq.probfunction.math:eclipse-plugin:5.0.0.202102051655 already exists in destination.
[INFO] p2.eclipse.plugin:org.palladiosimulator.commons.stoex.api:eclipse-plugin:5.0.0.202102051655 already exists in destination.
[INFO] p2.eclipse.plugin:org.antlr.runtime:eclipse-plugin:3.2.0.v20220404-1927 already exists in destination.
[INFO] org.eclipse.xtext:org.eclipse.xtext.xbase.lib:jar:2.30.0 already exists in destination.
[INFO] com.google.guava:guava:jar:30.1-jre already exists in destination.
[INFO] com.google.guava:failureaccess:jar:1.0.1 already exists in destination.
[INFO] com.google.guava:listenablefuture:jar:9999.0-empty-to-avoid-conflict-with-guava already exists in destination.
[INFO] com.google.code.findbugs:jsr305:jar:3.0.2 already exists in destination.
[INFO] org.checkerframework:checker-qual:jar:3.5.0 already exists in destination.
[INFO] com.google.errorprone:error_prone_annotations:jar:2.3.4 already exists in destination.
[INFO] com.google.j2objc:j2objc-annotations:jar:1.3 already exists in destination.
[INFO] org.eclipse.xtend:org.eclipse.xtend.lib:jar:2.30.0 already exists in destination.
[INFO] org.eclipse.xtend:org.eclipse.xtend.lib.macro:jar:2.30.0 already exists in destination.
[INFO] p2.eclipse.plugin:edu.kit.ipd.sdq.activextendannotations:eclipse-plugin:1.6.0 already exists in destination.
[INFO] p2.eclipse.plugin:edu.kit.ipd.sdq.commons.util.eclipse:eclipse-plugin:2.3.0.202304271319 already exists in destination.
[INFO] p2.eclipse.plugin:org.eclipse.core.resources:eclipse-plugin:3.18.200.v20230209-0754 already exists in destination.
[INFO] p2.eclipse.plugin:org.eclipse.jdt.core:eclipse-plugin:3.33.0.v20230222-1748 already exists in destination.
[INFO] p2.eclipse.plugin:org.eclipse.jdt.ui:eclipse-plugin:3.28.0.v20230210-2115 already exists in destination.
[INFO] p2.eclipse.plugin:edu.kit.ipd.sdq.commons.util.emf:eclipse-plugin:2.3.0.202304271319 already exists in destination.
[INFO] p2.eclipse.plugin:org.eclipse.emf.ecore.change:eclipse-plugin:2.15.0.v20230211-1150 already exists in destination.
[INFO] p2.eclipse.plugin:edu.kit.ipd.sdq.commons.util.java:eclipse-plugin:2.3.0.202304271319 already exists in destination.
[INFO] p2.eclipse.plugin:io.github.classgraph:eclipse-plugin:4.8.149.v20220915-0556 already exists in destination.
[INFO] p2.eclipse.plugin:org.eclipse.osgi:eclipse-plugin:3.18.300.v20230220-1352 already exists in destination.
[INFO] p2.eclipse.plugin:javax.annotation:eclipse-plugin:1.3.5.v20221203-1659 already exists in destination.
[INFO] p2.eclipse.plugin:org.junit.platform.commons:eclipse-plugin:1.9.1.v20221103-2317 already exists in destination.
[INFO] p2.eclipse.plugin:org.junit.jupiter.api:eclipse-plugin:5.9.1.v20221103-2317 already exists in destination.
[INFO] p2.eclipse.plugin:org.opentest4j:eclipse-plugin:1.2.0.v20211018-1956 already exists in destination.
[INFO] org.junit.platform:junit-platform-engine:jar:1.9.2 already exists in destination.
[INFO] org.opentest4j:opentest4j:jar:1.2.0 already exists in destination.
[INFO] p2.eclipse.plugin:org.junit.jupiter.params:eclipse-plugin:5.9.1.v20221103-2317 already exists in destination.
[INFO] p2.eclipse.plugin:org.junit.platform.launcher:eclipse-plugin:1.9.1.v20221103-2317 already exists in destination.
[INFO] p2.eclipse.plugin:org.apache.ant:eclipse-plugin:lib/ant-antlr.jar:1.10.12.v20211102-1452 already exists in destination.
[INFO] p2.eclipse.plugin:org.apache.ant:eclipse-plugin:lib/ant-apache-bcel.jar:1.10.12.v20211102-1452 already exists in destination.
[INFO] p2.eclipse.plugin:org.apache.ant:eclipse-plugin:lib/ant-apache-bsf.jar:1.10.12.v20211102-1452 already exists in destination.
[INFO] p2.eclipse.plugin:org.apache.ant:eclipse-plugin:lib/ant-apache-log4j.jar:1.10.12.v20211102-1452 already exists in destination.
[INFO] p2.eclipse.plugin:org.apache.ant:eclipse-plugin:lib/ant-apache-oro.jar:1.10.12.v20211102-1452 already exists in destination.
[INFO] p2.eclipse.plugin:org.apache.ant:eclipse-plugin:lib/ant-apache-regexp.jar:1.10.12.v20211102-1452 already exists in destination.
[INFO] p2.eclipse.plugin:org.apache.ant:eclipse-plugin:lib/ant-apache-resolver.jar:1.10.12.v20211102-1452 already exists in destination.
[INFO] p2.eclipse.plugin:org.apache.ant:eclipse-plugin:lib/ant-apache-xalan2.jar:1.10.12.v20211102-1452 already exists in destination.
[INFO] p2.eclipse.plugin:org.apache.ant:eclipse-plugin:lib/ant-commons-logging.jar:1.10.12.v20211102-1452 already exists in destination.
[INFO] p2.eclipse.plugin:org.apache.ant:eclipse-plugin:lib/ant-commons-net.jar:1.10.12.v20211102-1452 already exists in destination.
[INFO] p2.eclipse.plugin:org.apache.ant:eclipse-plugin:lib/ant-imageio.jar:1.10.12.v20211102-1452 already exists in destination.
[INFO] p2.eclipse.plugin:org.apache.ant:eclipse-plugin:lib/ant-jai.jar:1.10.12.v20211102-1452 already exists in destination.
[INFO] p2.eclipse.plugin:org.apache.ant:eclipse-plugin:lib/ant-javamail.jar:1.10.12.v20211102-1452 already exists in destination.
[INFO] p2.eclipse.plugin:org.apache.ant:eclipse-plugin:lib/ant-jdepend.jar:1.10.12.v20211102-1452 already exists in destination.
[INFO] p2.eclipse.plugin:org.apache.ant:eclipse-plugin:lib/ant-jmf.jar:1.10.12.v20211102-1452 already exists in destination.
[INFO] p2.eclipse.plugin:org.apache.ant:eclipse-plugin:lib/ant-jsch.jar:1.10.12.v20211102-1452 already exists in destination.
[INFO] p2.eclipse.plugin:org.apache.ant:eclipse-plugin:lib/ant-junit.jar:1.10.12.v20211102-1452 already exists in destination.
[INFO] p2.eclipse.plugin:org.apache.ant:eclipse-plugin:lib/ant-junit4.jar:1.10.12.v20211102-1452 already exists in destination.
[INFO] p2.eclipse.plugin:org.apache.ant:eclipse-plugin:lib/ant-junitlauncher.jar:1.10.12.v20211102-1452 already exists in destination.
[INFO] p2.eclipse.plugin:org.apache.ant:eclipse-plugin:lib/ant-launcher.jar:1.10.12.v20211102-1452 already exists in destination.
[INFO] p2.eclipse.plugin:org.apache.ant:eclipse-plugin:lib/ant-netrexx.jar:1.10.12.v20211102-1452 already exists in destination.
[INFO] p2.eclipse.plugin:org.apache.ant:eclipse-plugin:lib/ant-swing.jar:1.10.12.v20211102-1452 already exists in destination.
[INFO] p2.eclipse.plugin:org.apache.ant:eclipse-plugin:lib/ant-testutil.jar:1.10.12.v20211102-1452 already exists in destination.
[INFO] p2.eclipse.plugin:org.apache.ant:eclipse-plugin:lib/ant-xz.jar:1.10.12.v20211102-1452 already exists in destination.
[INFO] p2.eclipse.plugin:org.apache.ant:eclipse-plugin:lib/ant.jar:1.10.12.v20211102-1452 already exists in destination.
[INFO] p2.eclipse.plugin:org.apache.batik.constants:eclipse-plugin:1.16.0.v20221027-0840 already exists in destination.
[INFO] p2.eclipse.plugin:org.apache.xmlgraphics:eclipse-plugin:2.7.0.v20221018-0736 already exists in destination.
[INFO] p2.eclipse.plugin:org.w3c.dom.svg:eclipse-plugin:1.1.0.v201011041433 already exists in destination.
[INFO] p2.eclipse.plugin:org.w3c.css.sac:eclipse-plugin:1.3.1.v200903091627 already exists in destination.
[INFO] p2.eclipse.plugin:org.apache.batik.util:eclipse-plugin:1.16.0.v20221027-0840 already exists in destination.
[INFO] p2.eclipse.plugin:org.apache.batik.i18n:eclipse-plugin:1.16.0.v20221027-0840 already exists in destination.
[INFO] p2.eclipse.plugin:org.w3c.dom.events:eclipse-plugin:3.0.0.draft20060413_v201105210656 already exists in destination.
[INFO] p2.eclipse.plugin:org.apache.batik.css:eclipse-plugin:1.16.0.v20221027-0840 already exists in destination.
[INFO] p2.eclipse.plugin:org.apache.commons.io:eclipse-plugin:2.8.0.v20210415-0900 already exists in destination.
[INFO] p2.eclipse.plugin:org.apache.commons.logging:eclipse-plugin:1.2.0.v20180409-1502 already exists in destination.
[INFO] p2.eclipse.plugin:org.eclipse.osgi.util:eclipse-plugin:3.5.300.v20190708-1141 already exists in destination.
[INFO] org.apache.felix:org.apache.felix.scr:jar:2.2.6 already exists in destination.
[INFO] org.codehaus.mojo:animal-sniffer-annotations:jar:1.9 already exists in destination.
[INFO] org.osgi:org.osgi.service.component:jar:1.5.1 already exists in destination.
[INFO] org.osgi:osgi.annotation:jar:8.1.0 already exists in destination.
[INFO] org.osgi:org.osgi.namespace.extender:jar:1.0.1 already exists in destination.
[INFO] org.osgi:org.osgi.util.function:jar:1.0.0 already exists in destination.
[INFO] org.osgi:org.osgi.util.promise:jar:1.0.0 already exists in destination.
[INFO] p2.eclipse.plugin:org.eclipse.compare:eclipse-plugin:3.8.500.v20220812-1406 already exists in destination.
[INFO] p2.eclipse.plugin:org.eclipse.ui:eclipse-plugin:3.202.0.v20230214-1401 already exists in destination.
[INFO] p2.eclipse.plugin:org.eclipse.jface.text:eclipse-plugin:3.23.0.v20230123-1047 already exists in destination.
[INFO] p2.eclipse.plugin:org.eclipse.ui.ide:eclipse-plugin:3.20.100.v20230220-1021 already exists in destination.
[INFO] p2.eclipse.plugin:org.eclipse.ui.views:eclipse-plugin:3.11.400.v20230220-0932 already exists in destination.
[INFO] p2.eclipse.plugin:org.eclipse.ui.workbench.texteditor:eclipse-plugin:3.16.700.v20230210-0941 already exists in destination.
[INFO] p2.eclipse.plugin:org.eclipse.core.expressions:eclipse-plugin:3.8.200.v20220613-1047 already exists in destination.
[INFO] p2.eclipse.plugin:org.eclipse.ui.editors:eclipse-plugin:3.15.0.v20221201-1935 already exists in destination.
[INFO] p2.eclipse.plugin:org.eclipse.ui.forms:eclipse-plugin:3.11.600.v20230220-0932 already exists in destination.
[INFO] p2.eclipse.plugin:org.eclipse.compare.core:eclipse-plugin:3.7.100.v20220812-1406 already exists in destination.
[INFO] p2.eclipse.plugin:org.eclipse.equinox.common:eclipse-plugin:3.17.100.v20230202-1341 already exists in destination.
[INFO] p2.eclipse.plugin:org.eclipse.core.commands:eclipse-plugin:3.10.400.v20230220-0932 already exists in destination.
[INFO] p2.eclipse.plugin:org.eclipse.core.contenttype:eclipse-plugin:3.8.200.v20220817-1539 already exists in destination.
[INFO] p2.eclipse.plugin:org.eclipse.equinox.preferences:eclipse-plugin:3.10.200.v20230120-0604 already exists in destination.
[INFO] p2.eclipse.plugin:org.eclipse.equinox.registry:eclipse-plugin:3.11.200.v20220817-1601 already exists in destination.
[INFO] p2.eclipse.plugin:org.eclipse.core.databinding.observable:eclipse-plugin:1.12.200.v20230220-0932 already exists in destination.
[INFO] p2.eclipse.plugin:org.eclipse.core.databinding.property:eclipse-plugin:1.9.200.v20230220-0932 already exists in destination.
[INFO] p2.eclipse.plugin:org.eclipse.core.databinding:eclipse-plugin:1.12.0.v20230214-1401 already exists in destination.
[INFO] p2.eclipse.plugin:org.eclipse.core.filebuffers:eclipse-plugin:3.7.200.v20220202-1008 already exists in destination.
[INFO] p2.eclipse.plugin:org.eclipse.text:eclipse-plugin:3.12.300.v20220921-1010 already exists in destination.
[INFO] p2.eclipse.plugin:org.eclipse.core.filesystem:eclipse-plugin:1.9.500.v20220817-1539 already exists in destination.
[INFO] p2.eclipse.plugin:org.eclipse.core.jobs:eclipse-plugin:3.13.300.v20230111-0823 already exists in destination.
[INFO] p2.eclipse.plugin:org.eclipse.core.net:eclipse-plugin:1.4.0.v20220813-1037 already exists in destination.
[INFO] p2.eclipse.plugin:org.eclipse.equinox.security:eclipse-plugin:1.3.1000.v20220801-1135 already exists in destination.
[INFO] p2.eclipse.plugin:org.eclipse.equinox.app:eclipse-plugin:1.6.200.v20220720-2012 already exists in destination.
[INFO] p2.eclipse.plugin:org.eclipse.core.variables:eclipse-plugin:3.5.100.v20210721-1355 already exists in destination.
[INFO] p2.eclipse.plugin:org.eclipse.debug.core:eclipse-plugin:3.20.100.v20230124-1239 already exists in destination.
[INFO] p2.eclipse.plugin:org.eclipse.ui.console:eclipse-plugin:3.11.400.v20221012-0524 already exists in destination.
[INFO] p2.eclipse.plugin:org.eclipse.help:eclipse-plugin:3.9.100.v20210721-0601 already exists in destination.
[INFO] p2.eclipse.plugin:org.eclipse.e4.ui.services:eclipse-plugin:1.5.200.v20230220-0932 already exists in destination.
[INFO] p2.eclipse.plugin:org.eclipse.debug.ui:eclipse-plugin:3.17.200.v20230220-1318 already exists in destination.
[INFO] p2.eclipse.plugin:org.eclipse.e4.core.di:eclipse-plugin:1.8.300.v20220817-1539 already exists in destination.
[INFO] p2.eclipse.plugin:org.eclipse.e4.core.contexts:eclipse-plugin:1.11.0.v20220716-0839 already exists in destination.
[INFO] p2.eclipse.plugin:org.eclipse.e4.core.services:eclipse-plugin:2.3.400.v20220915-1347 already exists in destination.
[INFO] p2.eclipse.plugin:org.eclipse.e4.core.commands:eclipse-plugin:1.0.400.v20230220-0932 already exists in destination.
[INFO] org.osgi:org.osgi.service.event:jar:1.4.1 already exists in destination.
[INFO] org.osgi:org.osgi.namespace.implementation:jar:1.0.0 already exists in destination.
[INFO] p2.eclipse.plugin:org.eclipse.e4.core.di.annotations:eclipse-plugin:1.7.200.v20220613-1008 already exists in destination.
[INFO] p2.eclipse.plugin:org.eclipse.e4.core.di.extensions:eclipse-plugin:0.17.200.v20220613-1008 already exists in destination.
[INFO] p2.eclipse.plugin:org.eclipse.e4.core.di.extensions.supplier:eclipse-plugin:0.16.400.v20220613-1047 already exists in destination.
[INFO] org.osgi:org.osgi.service.prefs:jar:1.1.2 already exists in destination.
[INFO] p2.eclipse.plugin:org.apache.commons.jxpath:eclipse-plugin:1.3.0.v200911051830 already exists in destination.
[INFO] p2.eclipse.plugin:org.eclipse.e4.emf.xpath:eclipse-plugin:0.3.200.v20230220-1427 already exists in destination.
[INFO] p2.eclipse.plugin:org.eclipse.swt:eclipse-plugin:3.123.0.v20230220-1431 already exists in destination.
[INFO] p2.eclipse.plugin:org.eclipse.jface:eclipse-plugin:3.29.0.v20230214-1401 already exists in destination.
[INFO] p2.eclipse.plugin:org.eclipse.e4.ui.bindings:eclipse-plugin:0.13.300.v20230220-0932 already exists in destination.
[INFO] p2.eclipse.plugin:org.eclipse.e4.ui.css.core:eclipse-plugin:0.13.500.v20230220-0932 already exists in destination.
[INFO] p2.eclipse.plugin:org.eclipse.e4.ui.css.swt:eclipse-plugin:0.14.800.v20230220-0932 already exists in destination.
[INFO] p2.eclipse.plugin:org.eclipse.e4.ui.css.swt.theme:eclipse-plugin:0.13.300.v20230220-0932 already exists in destination.
[INFO] p2.eclipse.plugin:org.eclipse.e4.ui.di:eclipse-plugin:1.4.200.v20230220-0932 already exists in destination.
[INFO] p2.eclipse.plugin:org.eclipse.e4.ui.dialogs:eclipse-plugin:1.3.500.v20230220-0932 already exists in destination.
[INFO] p2.eclipse.plugin:org.eclipse.e4.ui.ide:eclipse-plugin:3.16.300.v20230220-0932 already exists in destination.
[INFO] p2.eclipse.plugin:org.eclipse.e4.ui.model.workbench:eclipse-plugin:2.3.0.v20230220-1021 already exists in destination.
[INFO] p2.eclipse.plugin:org.eclipse.equinox.event:eclipse-plugin:1.6.200.v20230120-0604 already exists in destination.
[INFO] p2.eclipse.plugin:org.eclipse.e4.ui.widgets:eclipse-plugin:1.3.200.v20230220-0932 already exists in destination.
[INFO] p2.eclipse.plugin:org.eclipse.e4.ui.workbench:eclipse-plugin:1.14.100.v20230220-1021 already exists in destination.
[INFO] p2.eclipse.plugin:org.eclipse.e4.ui.workbench.renderers.swt:eclipse-plugin:0.15.800.v20230214-1401 already exists in destination.
[INFO] p2.eclipse.plugin:org.eclipse.e4.ui.workbench.swt:eclipse-plugin:0.16.800.v20230220-0932 already exists in destination.
[INFO] p2.eclipse.plugin:org.eclipse.e4.ui.workbench.addons.swt:eclipse-plugin:1.4.600.v20230220-0932 already exists in destination.
[INFO] p2.eclipse.plugin:org.eclipse.jface.databinding:eclipse-plugin:1.14.100.v20230214-1401 already exists in destination.
[INFO] p2.eclipse.plugin:org.eclipse.e4.ui.workbench3:eclipse-plugin:0.16.200.v20230220-0932 already exists in destination.
[INFO] p2.eclipse.plugin:org.eclipse.urischeme:eclipse-plugin:1.2.300.v20230220-0932 already exists in destination.
[INFO] p2.eclipse.plugin:org.eclipse.emf.cdo.common:eclipse-plugin:4.20.1.v20230221-1613 already exists in destination.
[INFO] p2.eclipse.plugin:org.eclipse.net4j.util:eclipse-plugin:3.21.1.v20230221-1613 already exists in destination.
[INFO] p2.eclipse.plugin:org.eclipse.emf.common:eclipse-plugin:2.28.0.v20230223-0922 already exists in destination.
[INFO] p2.eclipse.plugin:org.eclipse.jdt.launching:eclipse-plugin:3.19.900.v20230209-1222 already exists in destination.
[INFO] p2.eclipse.plugin:org.eclipse.emf.codegen:eclipse-plugin:2.23.0.v20230211-1150 already exists in destination.
[INFO] p2.eclipse.plugin:org.eclipse.emf.common.ui:eclipse-plugin:2.21.0.v20230211-1150 already exists in destination.
[INFO] p2.eclipse.plugin:org.eclipse.emf.compare:eclipse-plugin:3.5.3.202212280858 already exists in destination.
[INFO] p2.eclipse.plugin:org.eclipse.emf.edit:eclipse-plugin:2.18.0.v20230211-1150 already exists in destination.
[INFO] p2.eclipse.plugin:org.eclipse.emf.ecore.edit:eclipse-plugin:2.14.0.v20230211-1150 already exists in destination.
[INFO] p2.eclipse.plugin:org.eclipse.emf.edit.ui:eclipse-plugin:2.23.0.v20230211-1150 already exists in destination.
[INFO] p2.eclipse.plugin:org.eclipse.ui.workbench:eclipse-plugin:3.128.0.v20230220-1021 already exists in destination.
[INFO] p2.eclipse.plugin:org.eclipse.emf.mapping.ecore2xml:eclipse-plugin:2.12.0.v20230211-1150 already exists in destination.
[INFO] p2.eclipse.plugin:org.eclipse.emf.transaction:eclipse-plugin:1.9.2.202208110935 already exists in destination.
[INFO] p2.eclipse.plugin:org.eclipse.emf.validation:eclipse-plugin:1.8.1.202208271102 already exists in destination.
[INFO] p2.eclipse.plugin:org.eclipse.equinox.bidi:eclipse-plugin:1.4.200.v20220710-1223 already exists in destination.
[INFO] p2.eclipse.plugin:org.eclipse.equinox.launcher:eclipse-plugin:1.6.400.v20210924-0641 already exists in destination.
[INFO] p2.eclipse.plugin:org.eclipse.equinox.p2.metadata:eclipse-plugin:2.6.300.v20220817-1208 already exists in destination.
[INFO] p2.eclipse.plugin:org.tukaani.xz:eclipse-plugin:1.9.0.v20210624-1259 already exists in destination.
[INFO] p2.eclipse.plugin:org.eclipse.equinox.p2.core:eclipse-plugin:2.9.200.v20220817-1208 already exists in destination.
[INFO] p2.eclipse.plugin:org.eclipse.equinox.p2.jarprocessor:eclipse-plugin:1.2.400.v20221201-0952 already exists in destination.
[INFO] p2.eclipse.plugin:org.eclipse.equinox.p2.repository:eclipse-plugin:2.6.300.v20221030-1923 already exists in destination.
[INFO] p2.eclipse.plugin:org.eclipse.equinox.p2.artifact.repository:eclipse-plugin:1.4.800.v20221205-1614 already exists in destination.
[INFO] p2.eclipse.plugin:org.eclipse.equinox.p2.engine:eclipse-plugin:2.7.500.v20220817-1208 already exists in destination.
[INFO] p2.eclipse.plugin:org.eclipse.equinox.p2.metadata.repository:eclipse-plugin:1.4.100.v20220329-1456 already exists in destination.
[INFO] p2.eclipse.plugin:org.eclipse.jdt.core.compiler.batch:eclipse-plugin:3.33.0.v20230218-1114 already exists in destination.
[INFO] p2.eclipse.plugin:org.eclipse.ltk.core.refactoring:eclipse-plugin:3.13.100.v20230117-1625 already exists in destination.
[INFO] p2.eclipse.plugin:org.eclipse.jdt.core.manipulation:eclipse-plugin:1.18.0.v20230209-2203 already exists in destination.
[INFO] p2.eclipse.plugin:org.eclipse.jdt.debug:eclipse-plugin:jdimodel.jar:3.20.100.v20230119-1127 already exists in destination.
[INFO] p2.eclipse.plugin:org.eclipse.search:eclipse-plugin:3.14.400.v20230209-0804 already exists in destination.
[INFO] p2.eclipse.plugin:org.eclipse.team.ui:eclipse-plugin:3.9.600.v20230207-1607 already exists in destination.
[INFO] p2.eclipse.plugin:org.eclipse.team.core:eclipse-plugin:3.9.700.v20221201-0946 already exists in destination.
[INFO] p2.eclipse.plugin:org.eclipse.ltk.ui.refactoring:eclipse-plugin:3.12.200.v20220808-2221 already exists in destination.
[INFO] p2.eclipse.plugin:org.eclipse.ui.navigator:eclipse-plugin:3.11.0.v20230214-1401 already exists in destination.
[INFO] p2.eclipse.plugin:org.eclipse.ui.navigator.resources:eclipse-plugin:3.8.600.v20230220-1021 already exists in destination.
[INFO] p2.eclipse.plugin:lpg.runtime.java:eclipse-plugin:2.0.17.v201004271640 already exists in destination.
[INFO] p2.eclipse.plugin:org.eclipse.ocl.common:eclipse-plugin:1.18.0.v20221201-0557 already exists in destination.
[INFO] p2.eclipse.plugin:org.eclipse.ocl:eclipse-plugin:3.18.0.v20221201-0557 already exists in destination.
[INFO] p2.eclipse.plugin:org.eclipse.ocl.ecore:eclipse-plugin:3.18.0.v20221201-0557 already exists in destination.
[INFO] p2.eclipse.plugin:org.eclipse.swt.gtk.linux.x86_64:eclipse-plugin:3.123.0.v20230220-1431 already exists in destination.
[INFO] p2.eclipse.plugin:org.eclipse.ui.ide.application:eclipse-plugin:1.4.700.v20230220-0932 already exists in destination.
[INFO] p2.eclipse.plugin:org.eclipse.ui.views.properties.tabbed:eclipse-plugin:3.9.400.v20230220-1021 already exists in destination.
[INFO] p2.eclipse.plugin:org.eclipse.uml2.common:eclipse-plugin:2.5.0.v20221116-1811 already exists in destination.
[INFO] p2.eclipse.plugin:org.eclipse.uml2.types:eclipse-plugin:2.5.0.v20221116-1811 already exists in destination.
[INFO] p2.eclipse.plugin:org.eclipse.uml2.uml:eclipse-plugin:5.5.0.v20221116-1811 already exists in destination.
[INFO] p2.eclipse.plugin:org.eclipse.uml2.uml.profile.standard:eclipse-plugin:1.5.0.v20221116-1811 already exists in destination.
[INFO] p2.eclipse.plugin:org.eclipse.uml2.uml.resources:eclipse-plugin:5.5.0.v20221116-1811 already exists in destination.
[INFO] org.eclipse.xtext:org.eclipse.xtext.common.types:jar:2.30.0 already exists in destination.
[INFO] org.ow2.asm:asm:jar:9.4 already exists in destination.
[INFO] io.github.classgraph:classgraph:jar:4.8.149 already exists in destination.
[INFO] org.eclipse.xtext:org.eclipse.xtext.xbase:jar:2.30.0 already exists in destination.
[INFO] org.eclipse.xtext:org.eclipse.xtext:jar:2.30.0 already exists in destination.
[INFO] ch.qos.reload4j:reload4j:jar:1.2.24 already exists in destination.
[INFO] org.eclipse.platform:org.eclipse.equinox.common:jar:3.16.200 already exists in destination.
[INFO] org.eclipse.platform:org.eclipse.osgi:jar:3.18.100 already exists in destination.
[INFO] org.eclipse.emf:org.eclipse.emf.ecore:jar:2.26.0 already exists in destination.
[INFO] org.eclipse.emf:org.eclipse.emf.ecore.xmi:jar:2.16.0 already exists in destination.
[INFO] org.eclipse.emf:org.eclipse.emf.common:jar:2.24.0 already exists in destination.
[INFO] com.google.inject:guice:jar:5.0.1 already exists in destination.
[INFO] javax.inject:javax.inject:jar:1 already exists in destination.
[INFO] aopalliance:aopalliance:jar:1.0 already exists in destination.
[INFO] org.antlr:antlr-runtime:jar:3.2 already exists in destination.
[INFO] org.eclipse.xtext:org.eclipse.xtext.util:jar:2.30.0 already exists in destination.
[INFO] org.eclipse.xtext:org.eclipse.xtext.smap:jar:2.30.0 already exists in destination.
[INFO] p2.eclipse.plugin:org.eclipse.xtend.core:eclipse-plugin:2.30.0.v20230227-1300 already exists in destination.
[INFO] p2.eclipse.plugin:org.eclipse.xtend.standalone:eclipse-plugin:2.30.0.v20230227-1300 already exists in destination.
[INFO] p2.eclipse.plugin:org.objectweb.asm:eclipse-plugin:9.4.0.v20221107-1714 already exists in destination.
[INFO] org.eclipse.xtext:org.eclipse.xtext.ecore:jar:2.30.0 already exists in destination.
[INFO] p2.eclipse.plugin:org.emftext.commons.layout:eclipse-plugin:1.4.1.v201207310007 already exists in destination.
[INFO] p2.eclipse.plugin:org.emftext.language.java:eclipse-plugin:1.4.1.v201901100335 already exists in destination.
[INFO] p2.eclipse.plugin:org.emftext.language.java.resource:eclipse-plugin:1.4.1.v201901100335 already exists in destination.
[INFO] p2.eclipse.plugin:org.emftext.language.java.resource.java:eclipse-plugin:1.4.1.v201901100335 already exists in destination.
[INFO] p2.eclipse.plugin:org.emftext.language.java.resource.bcel:eclipse-plugin:1.4.1.v201901100335 already exists in destination.
[INFO] p2.eclipse.plugin:org.emftext.commons.antlr3_4_0:eclipse-plugin:3.4.0.v201207310007 already exists in destination.
[INFO] p2.eclipse.plugin:org.hamcrest.core:eclipse-plugin:1.3.0.v20180420-1519 already exists in destination.
[INFO] p2.eclipse.plugin:org.junit.jupiter.engine:eclipse-plugin:5.9.1.v20221103-2317 already exists in destination.
[INFO] org.osgi:org.osgi.service.component.annotations:jar:1.5.1 already exists in destination.
[INFO] p2.eclipse.plugin:org.palladiosimulator.commons:eclipse-plugin:5.0.0.202102051655 already exists in destination.
[INFO] p2.eclipse.plugin:org.eclipse.uml2:eclipse-plugin:5.5.3.v20221116-1811 already exists in destination.
[INFO] p2.eclipse.plugin:org.eclipse.emf:eclipse-plugin:2.9.0.v20230211-1150 already exists in destination.
[INFO] p2.eclipse.plugin:org.palladiosimulator.pcm.resources:eclipse-plugin:5.0.0.202102051710 already exists in destination.
[INFO] p2.eclipse.plugin:org.w3c.dom.smil:eclipse-plugin:1.0.1.v200903091627 already exists in destination.
[INFO] p2.eclipse.plugin:tools.vitruv.framework.applications:eclipse-plugin:3.0.1.202408150322 already exists in destination.
[INFO] p2.eclipse.plugin:tools.vitruv.dsls.reactions.runtime:eclipse-plugin:3.0.1.202406250256 already exists in destination.
[INFO] p2.eclipse.plugin:tools.vitruv.testutils.vsum:eclipse-plugin:3.0.1.202408150322 already exists in destination.
[INFO] tools.vitruv:tools.vitruv.applications.umljava.tests:eclipse-plugin:target/dependency/json.jar:3.0.1.qualifier already exists in destination.
[INFO] p2.eclipse.plugin:tools.vitruv.change.correspondence:eclipse-plugin:3.0.1.202408150245 already exists in destination.
[INFO] p2.eclipse.plugin:tools.vitruv.change.atomic:eclipse-plugin:3.0.1.202408150245 already exists in destination.
[INFO] p2.eclipse.plugin:tools.vitruv.change.changederivation:eclipse-plugin:3.0.1.202408150245 already exists in destination.
[INFO] p2.eclipse.plugin:tools.vitruv.change.composite:eclipse-plugin:3.0.1.202408150245 already exists in destination.
[INFO] p2.eclipse.plugin:tools.vitruv.change.interaction.model:eclipse-plugin:3.0.1.202408150245 already exists in destination.
[INFO] p2.eclipse.plugin:tools.vitruv.change.interaction:eclipse-plugin:3.0.1.202408150245 already exists in destination.
[INFO] p2.eclipse.plugin:tools.vitruv.change.propagation:eclipse-plugin:3.0.1.202408150245 already exists in destination.
[INFO] p2.eclipse.plugin:tools.vitruv.framework.views:eclipse-plugin:3.0.1.202408150322 already exists in destination.
[INFO] p2.eclipse.plugin:tools.vitruv.framework.vsum:eclipse-plugin:3.0.1.202408150322 already exists in destination.
[INFO] p2.eclipse.plugin:tools.vitruv.testutils:eclipse-plugin:3.0.1.202408150245 already exists in destination.
[INFO] tools.vitruv:tools.vitruv.applications.umljava.tests.source:eclipse-plugin:target/dependency/json.jar:3.0.1.qualifier already exists in destination.
[INFO] p2.eclipse.plugin:org.eclipse.swt.win32.win32.x86_64:eclipse-plugin:3.123.0.v20230220-1431 already exists in destination.
[INFO] p2.eclipse.plugin:org.eclipse.swt.cocoa.macosx.x86_64:eclipse-plugin:3.123.0.v20230220-1431 already exists in destination.
[INFO] p2.eclipse.plugin:org.eclipse.swt.cocoa.macosx.aarch64:eclipse-plugin:3.123.0.v20230220-1431 already exists in destination.
[INFO] 
[INFO] --- resources:2.4.3:resources (default-resources) @ tools.vitruv.applications.umljava.tests ---
[INFO] Using 'UTF-8' encoding to copy filtered resources.
[INFO] skip non existing resourceDirectory /home/homeone/git/vitruv/Vitruv-CaseStudies/tests/tools.vitruv.applications.umljava.tests/src/main/resources
[INFO] 
[INFO] --- tycho-compiler:4.0.3:compile (default-compile) @ tools.vitruv.applications.umljava.tests ---
[INFO] Compiling 27 source files to /home/homeone/git/vitruv/Vitruv-CaseStudies/tests/tools.vitruv.applications.umljava.tests/target/classes using Eclipse Compiler for Java(TM) 3.35.0.v20230814-2020
[INFO] 
[INFO] --- tycho-ds:4.0.3:declarative-services (default-declarative-services) @ tools.vitruv.applications.umljava.tests ---
[INFO] 
[INFO] --- resources:2.4.3:testResources (default-testResources) @ tools.vitruv.applications.umljava.tests ---
[INFO] Using 'UTF-8' encoding to copy filtered resources.
[INFO] skip non existing resourceDirectory /home/homeone/git/vitruv/Vitruv-CaseStudies/tests/tools.vitruv.applications.umljava.tests/src/test/resources
[INFO] 
[INFO] --- surefire:3.0.0:test (test) @ tools.vitruv.applications.umljava.tests ---
[INFO] Using auto detected provider org.apache.maven.surefire.junitplatform.JUnitPlatformProvider
[INFO] 
[INFO] -------------------------------------------------------
[INFO]  T E S T S
[INFO] -------------------------------------------------------
[INFO] Running tools.vitruv.applications.umljava.tests.java2uml.JavaToUmlPackageTest
[INFO] Tests run: 5, Failures: 0, Errors: 0, Skipped: 0, Time elapsed: 4.337 s - in tools.vitruv.applications.umljava.tests.java2uml.JavaToUmlPackageTest
[INFO] Running tools.vitruv.applications.umljava.tests.java2uml.JavaToUmlClassMethodTest
[INFO] Tests run: 17, Failures: 0, Errors: 0, Skipped: 0, Time elapsed: 2.946 s - in tools.vitruv.applications.umljava.tests.java2uml.JavaToUmlClassMethodTest
[INFO] Running tools.vitruv.applications.umljava.tests.java2uml.JavaToUmlEnumTest
[INFO] Tests run: 10, Failures: 0, Errors: 0, Skipped: 0, Time elapsed: 1.047 s - in tools.vitruv.applications.umljava.tests.java2uml.JavaToUmlEnumTest
[INFO] Running tools.vitruv.applications.umljava.tests.java2uml.constructionsimulationtest.JavaConstructionSimulationTest
[INFO] Tests run: 3, Failures: 0, Errors: 0, Skipped: 0, Time elapsed: 24.105 s - in tools.vitruv.applications.umljava.tests.java2uml.constructionsimulationtest.JavaConstructionSimulationTest
[INFO] Running tools.vitruv.applications.umljava.tests.java2uml.JavaToUmlInterfaceMethodTest
[INFO] Tests run: 5, Failures: 0, Errors: 0, Skipped: 0, Time elapsed: 0.303 s - in tools.vitruv.applications.umljava.tests.java2uml.JavaToUmlInterfaceMethodTest
[INFO] Running tools.vitruv.applications.umljava.tests.java2uml.JavaToUmlInterfaceTest
[INFO] Tests run: 8, Failures: 0, Errors: 0, Skipped: 0, Time elapsed: 0.505 s - in tools.vitruv.applications.umljava.tests.java2uml.JavaToUmlInterfaceTest
[INFO] Running tools.vitruv.applications.umljava.tests.java2uml.JavaToUmlAttributeTest
[INFO] Tests run: 9, Failures: 0, Errors: 0, Skipped: 0, Time elapsed: 0.56 s - in tools.vitruv.applications.umljava.tests.java2uml.JavaToUmlAttributeTest
[INFO] Running tools.vitruv.applications.umljava.tests.java2uml.JavaToUmlClassTest
[INFO] Tests run: 15, Failures: 0, Errors: 0, Skipped: 0, Time elapsed: 0.846 s - in tools.vitruv.applications.umljava.tests.java2uml.JavaToUmlClassTest
[INFO] Running tools.vitruv.applications.umljava.tests.uml2java.UmlToJavaPackageTest
[INFO] Tests run: 7, Failures: 0, Errors: 0, Skipped: 0, Time elapsed: 0.257 s - in tools.vitruv.applications.umljava.tests.uml2java.UmlToJavaPackageTest
[INFO] Running tools.vitruv.applications.umljava.tests.uml2java.UmlToJavaAssociationTest
[INFO] Tests run: 8, Failures: 0, Errors: 0, Skipped: 0, Time elapsed: 8.144 s - in tools.vitruv.applications.umljava.tests.uml2java.UmlToJavaAssociationTest
[INFO] Running tools.vitruv.applications.umljava.tests.uml2java.UmlToJavaInterfaceTest
[INFO] Tests run: 7, Failures: 0, Errors: 0, Skipped: 0, Time elapsed: 0.368 s - in tools.vitruv.applications.umljava.tests.uml2java.UmlToJavaInterfaceTest
[INFO] Running tools.vitruv.applications.umljava.tests.uml2java.UmlToJavaClassMethodTest
[INFO] Tests run: 18, Failures: 0, Errors: 0, Skipped: 0, Time elapsed: 0.838 s - in tools.vitruv.applications.umljava.tests.uml2java.UmlToJavaClassMethodTest
[INFO] Running tools.vitruv.applications.umljava.tests.uml2java.UmlToJavaAttributeTest
[INFO] Tests run: 11, Failures: 0, Errors: 0, Skipped: 0, Time elapsed: 10.059 s - in tools.vitruv.applications.umljava.tests.uml2java.UmlToJavaAttributeTest
[INFO] Running tools.vitruv.applications.umljava.tests.uml2java.constructionsimulationtest.UmlConstructionSimulationTest
[INFO] Tests run: 4, Failures: 0, Errors: 0, Skipped: 0, Time elapsed: 23.377 s - in tools.vitruv.applications.umljava.tests.uml2java.constructionsimulationtest.UmlConstructionSimulationTest
[INFO] Running tools.vitruv.applications.umljava.tests.uml2java.UmlToJavaClassTest
[INFO] Tests run: 16, Failures: 0, Errors: 0, Skipped: 0, Time elapsed: 0.618 s - in tools.vitruv.applications.umljava.tests.uml2java.UmlToJavaClassTest
[INFO] Running tools.vitruv.applications.umljava.tests.uml2java.UmlToJavaEnumTest
[INFO] Tests run: 9, Failures: 0, Errors: 0, Skipped: 0, Time elapsed: 0.493 s - in tools.vitruv.applications.umljava.tests.uml2java.UmlToJavaEnumTest
[INFO] Running tools.vitruv.applications.umljava.tests.uml2java.UmlToJavaInterfaceMethodTest
[INFO] Tests run: 5, Failures: 0, Errors: 0, Skipped: 0, Time elapsed: 0.18 s - in tools.vitruv.applications.umljava.tests.uml2java.UmlToJavaInterfaceMethodTest
[INFO] Running tools.vitruv.applications.umljava.tests.uml2java.UmlToJavaParameterTest
[INFO] Tests run: 5, Failures: 0, Errors: 0, Skipped: 0, Time elapsed: 2.274 s - in tools.vitruv.applications.umljava.tests.uml2java.UmlToJavaParameterTest
[INFO] 
[INFO] Results:
[INFO] 
[INFO] Tests run: 162, Failures: 0, Errors: 0, Skipped: 0
[INFO] 
[INFO] 
[INFO] --- tycho-packaging:4.0.3:update-consumer-pom (default-update-consumer-pom) @ tools.vitruv.applications.umljava.tests ---
[WARNING] 0 system scoped dependencies were mapped to maven artifacts, 216 were skipped
[INFO] 
[INFO] --- tycho-source:4.0.3:plugin-source (plugin-source) @ tools.vitruv.applications.umljava.tests ---
[INFO] Building jar: /home/homeone/git/vitruv/Vitruv-CaseStudies/tests/tools.vitruv.applications.umljava.tests/target/tools.vitruv.applications.umljava.tests-3.0.1-SNAPSHOT-sources.jar
[INFO] 
[INFO] --- tycho-packaging:4.0.3:package-plugin (default-package-plugin) @ tools.vitruv.applications.umljava.tests ---
[INFO] Building jar: /home/homeone/git/vitruv/Vitruv-CaseStudies/tests/tools.vitruv.applications.umljava.tests/target/tools.vitruv.applications.umljava.tests-3.0.1-SNAPSHOT.jar
[INFO] 
[INFO] --- tycho-p2:4.0.3:p2-metadata-default (default-p2-metadata-default) @ tools.vitruv.applications.umljava.tests ---
[INFO] 
[INFO] --- tycho-source:4.0.3:feature-source (feature-source) @ tools.vitruv.applications.umljava.tests ---
[INFO] 
[INFO] --- tycho-p2:4.0.3:p2-metadata (attach-p2-metadata) @ tools.vitruv.applications.umljava.tests ---
[WARNING] artifact tools.vitruv:tools.vitruv.applications.umljava.tests:xml:p2metadata:3.0.1-SNAPSHOT already attached, replace previous instance
[WARNING] artifact tools.vitruv:tools.vitruv.applications.umljava.tests:xml:p2artifacts:3.0.1-SNAPSHOT already attached, replace previous instance
[INFO] 
[INFO] ---< tools.vitruv:tools.vitruv.applications.transitivechange.tests >----
[INFO] Building [test-bundle] Transitive Transformation Tests between PCM, Java, and UML Class 3.0.1-SNAPSHOT [23/32]
[INFO]   from tests/tools.vitruv.applications.transitivechange.tests/.polyglot.META-INF
[INFO] ------------------------[ eclipse-test-plugin ]-------------------------
[INFO] Resolving dependencies of MavenProject: tools.vitruv:tools.vitruv.applications.transitivechange.tests:3.0.1-SNAPSHOT @ /home/homeone/git/vitruv/Vitruv-CaseStudies/tests/tools.vitruv.applications.transitivechange.tests/.polyglot.META-INF
[WARNING] Problems resolving provisioning plan.: [Unable to satisfy dependency from org.eclipse.swt 3.121.0.v20220829-1402 to org.eclipse.equinox.p2.iu; org.eclipse.swt.cocoa.macosx.aarch64 [3.121.0.v20220829-1402,3.121.0.v20220829-1402].]
[INFO] 
[INFO] --- tycho-packaging:4.0.3:build-qualifier (default-build-qualifier) @ tools.vitruv.applications.transitivechange.tests ---
[INFO] The project's OSGi version is 3.0.1.202408261232
[INFO] 
[INFO] --- tycho-packaging:4.0.3:validate-id (default-validate-id) @ tools.vitruv.applications.transitivechange.tests ---
[INFO] 
[INFO] --- tycho-packaging:4.0.3:validate-version (default-validate-version) @ tools.vitruv.applications.transitivechange.tests ---
[INFO] 
[INFO] --- target-platform-configuration:4.0.3:target-platform (default-target-platform) @ tools.vitruv.applications.transitivechange.tests ---
[INFO] 
[INFO] --- tycho-compiler:4.0.3:validate-classpath (default-validate-classpath) @ tools.vitruv.applications.transitivechange.tests ---
[INFO] Resolving class path of [test-bundle] Transitive Transformation Tests between PCM, Java, and UML Class
[INFO] 
[INFO] --- xtend:2.30.0:compile (default) @ tools.vitruv.applications.transitivechange.tests ---
[WARNING] 
WARNING: 	AttributeConceptTest.xtend - /home/homeone/git/vitruv/Vitruv-CaseStudies/tests/tools.vitruv.applications.transitivechange.tests/src/tools/vitruv/applications/transitivechange/tests/linear/pcmumlclassjava/AttributeConceptTest.xtend
17: The import 'tools.vitruv.applications.util.temporary.pcm.PcmDataTypeUtil' is never used.
[WARNING] 
WARNING: 	AttributeConceptTest.xtend - /home/homeone/git/vitruv/Vitruv-CaseStudies/tests/tools.vitruv.applications.transitivechange.tests/src/tools/vitruv/applications/transitivechange/tests/linear/pcmumlclassjava/AttributeConceptTest.xtend
18: The import 'tools.vitruv.applications.pcmumlclass.PcmUmlClassHelper' is never used.
[WARNING] 
WARNING: 	AttributeConceptTest.xtend - /home/homeone/git/vitruv/Vitruv-CaseStudies/tests/tools.vitruv.applications.transitivechange.tests/src/tools/vitruv/applications/transitivechange/tests/linear/pcmumlclassjava/AttributeConceptTest.xtend
16: The import 'org.eclipse.uml2.uml.PrimitiveType' is never used.
[WARNING] 
WARNING: 	ParameterConceptTest.xtend - /home/homeone/git/vitruv/Vitruv-CaseStudies/tests/tools.vitruv.applications.transitivechange.tests/src/tools/vitruv/applications/transitivechange/tests/linear/pcmumlclassjava/ParameterConceptTest.xtend
21: The import 'tools.vitruv.applications.util.temporary.pcm.PcmDataTypeUtil' is never used.
[WARNING] 
WARNING: 	ParameterConceptTest.xtend - /home/homeone/git/vitruv/Vitruv-CaseStudies/tests/tools.vitruv.applications.transitivechange.tests/src/tools/vitruv/applications/transitivechange/tests/linear/pcmumlclassjava/ParameterConceptTest.xtend
20: The import 'tools.vitruv.applications.util.temporary.uml.UmlTypeUtil' is never used.
[WARNING] 
WARNING: 	ParameterConceptTest.xtend - /home/homeone/git/vitruv/Vitruv-CaseStudies/tests/tools.vitruv.applications.transitivechange.tests/src/tools/vitruv/applications/transitivechange/tests/linear/pcmumlclassjava/ParameterConceptTest.xtend
19: The import 'org.eclipse.uml2.uml.PrimitiveType' is never used.
[WARNING] 
WARNING: 	PcmUmlJavaTransitiveChangeTest.xtend - /home/homeone/git/vitruv/Vitruv-CaseStudies/tests/tools.vitruv.applications.transitivechange.tests/src/tools/vitruv/applications/transitivechange/tests/circular/pcmumlclassjava/PcmUmlJavaTransitiveChangeTest.xtend
157: Unnecessary cast from PrimitiveType to PrimitiveType
[INFO] 
[INFO] --- resources:2.4.3:resources (default-resources) @ tools.vitruv.applications.transitivechange.tests ---
[INFO] Using 'UTF-8' encoding to copy filtered resources.
[INFO] skip non existing resourceDirectory /home/homeone/git/vitruv/Vitruv-CaseStudies/tests/tools.vitruv.applications.transitivechange.tests/src/main/resources
[INFO] 
[INFO] --- tycho-compiler:4.0.3:compile (default-compile) @ tools.vitruv.applications.transitivechange.tests ---
[INFO] Compiling 34 source files to /home/homeone/git/vitruv/Vitruv-CaseStudies/tests/tools.vitruv.applications.transitivechange.tests/target/classes using Eclipse Compiler for Java(TM) 3.35.0.v20230814-2020
[INFO] 
[INFO] --- tycho-ds:4.0.3:declarative-services (default-declarative-services) @ tools.vitruv.applications.transitivechange.tests ---
[INFO] 
[INFO] --- resources:2.4.3:testResources (default-testResources) @ tools.vitruv.applications.transitivechange.tests ---
[INFO] Using 'UTF-8' encoding to copy filtered resources.
[INFO] skip non existing resourceDirectory /home/homeone/git/vitruv/Vitruv-CaseStudies/tests/tools.vitruv.applications.transitivechange.tests/src/test/resources
[INFO] 
[INFO] --- surefire:3.0.0:test (test) @ tools.vitruv.applications.transitivechange.tests ---
[INFO] Using auto detected provider org.apache.maven.surefire.junitplatform.JUnitPlatformProvider
[INFO] 
[INFO] -------------------------------------------------------
[INFO]  T E S T S
[INFO] -------------------------------------------------------
[INFO] Running tools.vitruv.applications.transitivechange.tests.circular.pcmumlclassjava.RepositoryComponentConceptTest
[INFO] Tests run: 2, Failures: 0, Errors: 0, Skipped: 0, Time elapsed: 4.301 s - in tools.vitruv.applications.transitivechange.tests.circular.pcmumlclassjava.RepositoryComponentConceptTest
[INFO] Running tools.vitruv.applications.transitivechange.tests.circular.pcmumlclassjava.AssemblyContextConceptTest
[INFO] Tests run: 2, Failures: 0, Errors: 0, Skipped: 0, Time elapsed: 1.096 s - in tools.vitruv.applications.transitivechange.tests.circular.pcmumlclassjava.AssemblyContextConceptTest
[INFO] Running tools.vitruv.applications.transitivechange.tests.circular.pcmumlclassjava.ProvidedRoleTest
[INFO] Tests run: 2, Failures: 0, Errors: 0, Skipped: 0, Time elapsed: 0.641 s - in tools.vitruv.applications.transitivechange.tests.circular.pcmumlclassjava.ProvidedRoleTest
[INFO] Running tools.vitruv.applications.transitivechange.tests.circular.pcmumlclassjava.InterfaceConceptTest
[INFO] Tests run: 2, Failures: 0, Errors: 0, Skipped: 0, Time elapsed: 0.382 s - in tools.vitruv.applications.transitivechange.tests.circular.pcmumlclassjava.InterfaceConceptTest
[INFO] Running tools.vitruv.applications.transitivechange.tests.circular.pcmumlclassjava.CompositeDataTypeConceptTest
[INFO] Tests run: 4, Failures: 0, Errors: 0, Skipped: 0, Time elapsed: 0.985 s - in tools.vitruv.applications.transitivechange.tests.circular.pcmumlclassjava.CompositeDataTypeConceptTest
[INFO] Running tools.vitruv.applications.transitivechange.tests.circular.pcmumlclassjava.SystemConceptTest
[INFO] Tests run: 2, Failures: 0, Errors: 0, Skipped: 0, Time elapsed: 0.374 s - in tools.vitruv.applications.transitivechange.tests.circular.pcmumlclassjava.SystemConceptTest
[INFO] Running tools.vitruv.applications.transitivechange.tests.circular.pcmumlclassjava.RepositoryConceptTest
[INFO] Tests run: 4, Failures: 0, Errors: 0, Skipped: 0, Time elapsed: 0.589 s - in tools.vitruv.applications.transitivechange.tests.circular.pcmumlclassjava.RepositoryConceptTest
[INFO] Running tools.vitruv.applications.transitivechange.tests.linear.pcmumlclassjava.RequiredRoleConceptTest
[INFO] Tests run: 3, Failures: 0, Errors: 0, Skipped: 0, Time elapsed: 0.563 s - in tools.vitruv.applications.transitivechange.tests.linear.pcmumlclassjava.RequiredRoleConceptTest
[INFO] Running tools.vitruv.applications.transitivechange.tests.linear.pcmumlclassjava.ParameterConceptTest
[INFO] Tests run: 6, Failures: 0, Errors: 0, Skipped: 0, Time elapsed: 1.307 s - in tools.vitruv.applications.transitivechange.tests.linear.pcmumlclassjava.ParameterConceptTest
[INFO] Running tools.vitruv.applications.transitivechange.tests.linear.pcmumlclassjava.AttributeConceptTest
[INFO] Tests run: 5, Failures: 0, Errors: 0, Skipped: 0, Time elapsed: 0.762 s - in tools.vitruv.applications.transitivechange.tests.linear.pcmumlclassjava.AttributeConceptTest
[INFO] Running tools.vitruv.applications.transitivechange.tests.linear.pcmumlclassjava.MediaStoreRepositoryCreationTest
[WARNING] Tests run: 5, Failures: 0, Errors: 0, Skipped: 3, Time elapsed: 0.713 s - in tools.vitruv.applications.transitivechange.tests.linear.pcmumlclassjava.MediaStoreRepositoryCreationTest
[INFO] Running tools.vitruv.applications.transitivechange.tests.linear.pcmumlclassjava.SignatureConceptTest
[INFO] Tests run: 6, Failures: 0, Errors: 0, Skipped: 0, Time elapsed: 1.204 s - in tools.vitruv.applications.transitivechange.tests.linear.pcmumlclassjava.SignatureConceptTest
[INFO] Running tools.vitruv.applications.transitivechange.tests.linear.java2uml.JavaToUmlPackageTest
[WARNING] Tests run: 4, Failures: 0, Errors: 0, Skipped: 1, Time elapsed: 0.187 s - in tools.vitruv.applications.transitivechange.tests.linear.java2uml.JavaToUmlPackageTest
[INFO] Running tools.vitruv.applications.transitivechange.tests.linear.java2uml.JavaToUmlClassMethodTest
[INFO] Tests run: 13, Failures: 0, Errors: 0, Skipped: 0, Time elapsed: 0.923 s - in tools.vitruv.applications.transitivechange.tests.linear.java2uml.JavaToUmlClassMethodTest
[INFO] Running tools.vitruv.applications.transitivechange.tests.linear.java2uml.JavaToUmlEnumTest
[INFO] Tests run: 7, Failures: 0, Errors: 0, Skipped: 0, Time elapsed: 0.374 s - in tools.vitruv.applications.transitivechange.tests.linear.java2uml.JavaToUmlEnumTest
[INFO] Running tools.vitruv.applications.transitivechange.tests.linear.java2uml.JavaToUmlInterfaceMethodTest
[INFO] Tests run: 5, Failures: 0, Errors: 0, Skipped: 0, Time elapsed: 0.322 s - in tools.vitruv.applications.transitivechange.tests.linear.java2uml.JavaToUmlInterfaceMethodTest
[INFO] Running tools.vitruv.applications.transitivechange.tests.linear.java2uml.JavaToUmlInterfaceTest
[INFO] Tests run: 5, Failures: 0, Errors: 0, Skipped: 0, Time elapsed: 0.264 s - in tools.vitruv.applications.transitivechange.tests.linear.java2uml.JavaToUmlInterfaceTest
[INFO] Running tools.vitruv.applications.transitivechange.tests.linear.java2uml.JavaToUmlAttributeTest
[INFO] Tests run: 8, Failures: 0, Errors: 0, Skipped: 0, Time elapsed: 0.459 s - in tools.vitruv.applications.transitivechange.tests.linear.java2uml.JavaToUmlAttributeTest
[INFO] Running tools.vitruv.applications.transitivechange.tests.linear.java2uml.JavaToUmlClassTest
[INFO] Tests run: 11, Failures: 0, Errors: 0, Skipped: 0, Time elapsed: 0.558 s - in tools.vitruv.applications.transitivechange.tests.linear.java2uml.JavaToUmlClassTest
[INFO] Running tools.vitruv.applications.transitivechange.tests.linear.uml2java.UmlToJavaPackageTest
[INFO] Tests run: 5, Failures: 0, Errors: 0, Skipped: 0, Time elapsed: 1.942 s - in tools.vitruv.applications.transitivechange.tests.linear.uml2java.UmlToJavaPackageTest
[INFO] Running tools.vitruv.applications.transitivechange.tests.linear.uml2java.UmlToJavaAssociationTest
[INFO] Tests run: 3, Failures: 0, Errors: 0, Skipped: 0, Time elapsed: 0.184 s - in tools.vitruv.applications.transitivechange.tests.linear.uml2java.UmlToJavaAssociationTest
[INFO] Running tools.vitruv.applications.transitivechange.tests.linear.uml2java.UmlToJavaInterfaceTest
[INFO] Tests run: 5, Failures: 0, Errors: 0, Skipped: 0, Time elapsed: 0.186 s - in tools.vitruv.applications.transitivechange.tests.linear.uml2java.UmlToJavaInterfaceTest
[INFO] Running tools.vitruv.applications.transitivechange.tests.linear.uml2java.UmlToJavaClassMethodTest
[INFO] Tests run: 15, Failures: 0, Errors: 0, Skipped: 0, Time elapsed: 0.766 s - in tools.vitruv.applications.transitivechange.tests.linear.uml2java.UmlToJavaClassMethodTest
[INFO] Running tools.vitruv.applications.transitivechange.tests.linear.uml2java.UmlToJavaAttributeTest
[INFO] Tests run: 9, Failures: 0, Errors: 0, Skipped: 0, Time elapsed: 0.528 s - in tools.vitruv.applications.transitivechange.tests.linear.uml2java.UmlToJavaAttributeTest
[INFO] Running tools.vitruv.applications.transitivechange.tests.linear.uml2java.UmlToJavaClassTest
[INFO] Tests run: 14, Failures: 0, Errors: 0, Skipped: 0, Time elapsed: 0.416 s - in tools.vitruv.applications.transitivechange.tests.linear.uml2java.UmlToJavaClassTest
[INFO] Running tools.vitruv.applications.transitivechange.tests.linear.uml2java.UmlToJavaEnumTest
[INFO] Tests run: 7, Failures: 0, Errors: 0, Skipped: 0, Time elapsed: 0.28 s - in tools.vitruv.applications.transitivechange.tests.linear.uml2java.UmlToJavaEnumTest
[INFO] Running tools.vitruv.applications.transitivechange.tests.linear.uml2java.UmlToJavaInterfaceMethodTest
[INFO] Tests run: 5, Failures: 0, Errors: 0, Skipped: 0, Time elapsed: 0.161 s - in tools.vitruv.applications.transitivechange.tests.linear.uml2java.UmlToJavaInterfaceMethodTest
[INFO] Running tools.vitruv.applications.transitivechange.tests.linear.uml2java.UmlToJavaParameterTest
[INFO] Tests run: 5, Failures: 0, Errors: 0, Skipped: 0, Time elapsed: 0.251 s - in tools.vitruv.applications.transitivechange.tests.linear.uml2java.UmlToJavaParameterTest
[INFO] 
[INFO] Results:
[INFO] 
[WARNING] Tests run: 164, Failures: 0, Errors: 0, Skipped: 4
[INFO] 
[INFO] 
[INFO] --- tycho-packaging:4.0.3:update-consumer-pom (default-update-consumer-pom) @ tools.vitruv.applications.transitivechange.tests ---
[WARNING] 0 system scoped dependencies were mapped to maven artifacts, 215 were skipped
[INFO] 
[INFO] --- tycho-source:4.0.3:plugin-source (plugin-source) @ tools.vitruv.applications.transitivechange.tests ---
[INFO] Building jar: /home/homeone/git/vitruv/Vitruv-CaseStudies/tests/tools.vitruv.applications.transitivechange.tests/target/tools.vitruv.applications.transitivechange.tests-3.0.1-SNAPSHOT-sources.jar
[INFO] 
[INFO] --- tycho-packaging:4.0.3:package-plugin (default-package-plugin) @ tools.vitruv.applications.transitivechange.tests ---
[INFO] Building jar: /home/homeone/git/vitruv/Vitruv-CaseStudies/tests/tools.vitruv.applications.transitivechange.tests/target/tools.vitruv.applications.transitivechange.tests-3.0.1-SNAPSHOT.jar
[INFO] 
[INFO] --- tycho-p2:4.0.3:p2-metadata-default (default-p2-metadata-default) @ tools.vitruv.applications.transitivechange.tests ---
[INFO] 
[INFO] --- tycho-source:4.0.3:feature-source (feature-source) @ tools.vitruv.applications.transitivechange.tests ---
[INFO] 
[INFO] --- tycho-p2:4.0.3:p2-metadata (attach-p2-metadata) @ tools.vitruv.applications.transitivechange.tests ---
[WARNING] artifact tools.vitruv:tools.vitruv.applications.transitivechange.tests:xml:p2metadata:3.0.1-SNAPSHOT already attached, replace previous instance
[WARNING] artifact tools.vitruv:tools.vitruv.applications.transitivechange.tests:xml:p2artifacts:3.0.1-SNAPSHOT already attached, replace previous instance
[INFO] 
[INFO] --< tools.vitruv:tools.vitruv.applications.umljava.constructionperformance >--
[INFO] Building [bundle] UML-to-Java Construction Performance Tests 3.0.1-SNAPSHOT [24/32]
[INFO]   from tests/tools.vitruv.applications.umljava.constructionperformance/.polyglot.META-INF
[INFO] ---------------------------[ eclipse-plugin ]---------------------------
[INFO] Resolving dependencies of MavenProject: tools.vitruv:tools.vitruv.applications.umljava.constructionperformance:3.0.1-SNAPSHOT @ /home/homeone/git/vitruv/Vitruv-CaseStudies/tests/tools.vitruv.applications.umljava.constructionperformance/.polyglot.META-INF
[WARNING] Problems resolving provisioning plan.: [Unable to satisfy dependency from org.eclipse.swt 3.121.0.v20220829-1402 to org.eclipse.equinox.p2.iu; org.eclipse.swt.cocoa.macosx.aarch64 [3.121.0.v20220829-1402,3.121.0.v20220829-1402].]
[INFO] 
[INFO] --- tycho-packaging:4.0.3:build-qualifier (default-build-qualifier) @ tools.vitruv.applications.umljava.constructionperformance ---
[INFO] The project's OSGi version is 3.0.1.202408261232
[INFO] 
[INFO] --- tycho-packaging:4.0.3:validate-id (default-validate-id) @ tools.vitruv.applications.umljava.constructionperformance ---
[INFO] 
[INFO] --- tycho-packaging:4.0.3:validate-version (default-validate-version) @ tools.vitruv.applications.umljava.constructionperformance ---
[INFO] 
[INFO] --- target-platform-configuration:4.0.3:target-platform (default-target-platform) @ tools.vitruv.applications.umljava.constructionperformance ---
[INFO] 
[INFO] --- tycho-compiler:4.0.3:validate-classpath (default-validate-classpath) @ tools.vitruv.applications.umljava.constructionperformance ---
[INFO] Resolving class path of [bundle] UML-to-Java Construction Performance Tests
[INFO] 
[INFO] --- xtend:2.30.0:compile (default) @ tools.vitruv.applications.umljava.constructionperformance ---
[ERROR] 
ERROR: 	JavaToUmlConstructionPerformanceTest.xtend - /home/homeone/git/vitruv/Vitruv-CaseStudies/tests/tools.vitruv.applications.umljava.constructionperformance/src/tools/vitruv/applications/umljava/tests/performancetests/JavaToUmlConstructionPerformanceTest.xtend
60: The method autoClose(boolean) is undefined for the type JavaUmlViewFactory
[WARNING] 
WARNING: 	JavaToUmlConstructionPerformanceTest.xtend - /home/homeone/git/vitruv/Vitruv-CaseStudies/tests/tools.vitruv.applications.umljava.constructionperformance/src/tools/vitruv/applications/umljava/tests/performancetests/JavaToUmlConstructionPerformanceTest.xtend
13: The import 'org.junit.jupiter.params.provider.ValueSource' is never used.
[INFO] ------------------------------------------------------------------------
[INFO] Reactor Summary:
[INFO] 
[INFO] tools.vitruv.casestudies.dependencywrapper 3.0.1-SNAPSHOT SUCCESS [ 11.590 s]
[INFO] parent 3.0.1-SNAPSHOT .............................. SUCCESS [  0.012 s]
[INFO] [aggregator] bundles 3.0.1-SNAPSHOT ................ SUCCESS [  0.010 s]
[INFO] [bundle] Vitruv Temporary Utils 3.0.1-SNAPSHOT ..... SUCCESS [ 12.324 s]
[INFO] [bundle] tools.vitruv.applications.simulinkautosar 3.0.1-SNAPSHOT SUCCESS [ 33.659 s]
[INFO] [bundle] Vitruv CBS Commonalities Application 3.0.1-SNAPSHOT SUCCESS [ 58.305 s]
[INFO] [bundle] Component-Based Systems Application Test Utilities 0.1.0-SNAPSHOT SUCCESS [  8.622 s]
[INFO] [bundle] Vitruv PCM-Java Application 3.0.1-SNAPSHOT  SUCCESS [ 28.645 s]
[INFO] [bundle] Vitruv PCM-UML Class Application 3.0.1-SNAPSHOT SUCCESS [ 27.680 s]
[INFO] [bundle] Vitruv Test Utils 0.3.0-SNAPSHOT .......... SUCCESS [  4.315 s]
[INFO] [bundle] Vitruv UML-Java Application 3.0.1-SNAPSHOT  SUCCESS [ 25.488 s]
[INFO] [aggregator] tests 3.0.1-SNAPSHOT .................. SUCCESS [  0.006 s]
[INFO] [test-bundle] SimuLink Autosar Tests 3.0.1-SNAPSHOT  SUCCESS [  9.135 s]
[INFO] [test-bundle] Vitruvius CBS Commonalities Tests 3.0.1-SNAPSHOT SUCCESS [ 54.081 s]
[INFO] [test-bundle] Component-Based Applications Equivalence Tests 3.0.1-SNAPSHOT SUCCESS [ 16.839 s]
[INFO] [test-bundle] Vitruv Families-Persons Demo Application Tests 3.0.1-SNAPSHOT SUCCESS [ 10.211 s]
[INFO] [test-bundle] Vitruv Insurance-Families Demo Application Tests 3.0.1-SNAPSHOT SUCCESS [  4.902 s]
[INFO] [test-bundle] Vitruv Insurance-Persons Demo Application Tests 3.0.1-SNAPSHOT SUCCESS [  6.350 s]
[INFO] [test-bundle] Vitruv PCM-Java Application Tests 3.0.1-SNAPSHOT SUCCESS [ 15.728 s]
[INFO] [test-bundle] Vitruv PCM-Java Application Java Editor Tests 3.0.1-SNAPSHOT SUCCESS [ 25.481 s]
[INFO] [test-bundle] Vitruv PCM-UML Class Application Tests 3.0.1-SNAPSHOT SUCCESS [ 18.879 s]
[INFO] [test-bundle] Vitruv UML-Java Tests 3.0.1-SNAPSHOT . SUCCESS [01:33 min]
[INFO] [test-bundle] Transitive Transformation Tests between PCM, Java, and UML Class 3.0.1-SNAPSHOT SUCCESS [ 29.616 s]
[INFO] [bundle] UML-to-Java Construction Performance Tests 3.0.1-SNAPSHOT FAILURE [  4.414 s]
[INFO] [aggregator] features 3.0.1-SNAPSHOT ............... SKIPPED
[INFO] [feature] Vitruv CBS Commonalities Application 3.0.1-SNAPSHOT SKIPPED
[INFO] [feature] Vitruv PCM-Java Application 3.0.1-SNAPSHOT SKIPPED
[INFO] [feature] Vitruv Applications Temporary Utils 3.0.1-SNAPSHOT SKIPPED
[INFO] [feature] Vitruv PCM-UML Class Application 3.0.1-SNAPSHOT SKIPPED
[INFO] [feature] Vitruv SimuLink-AutoSAR Application 3.0.1-SNAPSHOT SKIPPED
[INFO] [feature] Vitruv UML-Java Application 3.0.1-SNAPSHOT SKIPPED
[INFO] Vitruv Applications for CBS Update Site 3.0.1-SNAPSHOT SKIPPED
[INFO] ------------------------------------------------------------------------
[INFO] BUILD FAILURE
[INFO] ------------------------------------------------------------------------
[INFO] Total time:  08:25 min
[INFO] Finished at: 2024-08-26T14:40:45+02:00
[INFO] ------------------------------------------------------------------------
[ERROR] Failed to execute goal org.eclipse.xtend:xtend-maven-plugin:2.30.0:compile (default) on project tools.vitruv.applications.umljava.constructionperformance: Error compiling xtend sources in '/home/homeone/git/vitruv/Vitruv-CaseStudies/tests/tools.vitruv.applications.umljava.constructionperformance/src'. -> [Help 1]
[ERROR] 
[ERROR] To see the full stack trace of the errors, re-run Maven with the -e switch.
[ERROR] Re-run Maven using the -X switch to enable full debug logging.
[ERROR] 
[ERROR] For more information about the errors and possible solutions, please read the following articles:
[ERROR] [Help 1] http://cwiki.apache.org/confluence/display/MAVEN/MojoExecutionException
[ERROR] 
[ERROR] After correcting the problems, you can resume the build with the command
[ERROR]   mvn <args> -rf :tools.vitruv.applications.umljava.constructionperformance
